mode: set
2019_2_Next_Level/internal/serverapi/server/MailBox/handlers/handlers.go:21.65,25.2 3 0
2019_2_Next_Level/internal/serverapi/server/MailBox/handlers/handlers.go:27.57,37.2 9 0
2019_2_Next_Level/internal/serverapi/server/MailBox/handlers/handlers.go:39.72,43.15 4 0
2019_2_Next_Level/internal/serverapi/server/MailBox/handlers/handlers.go:47.2,53.15 5 0
2019_2_Next_Level/internal/serverapi/server/MailBox/handlers/handlers.go:58.2,61.16 4 0
2019_2_Next_Level/internal/serverapi/server/MailBox/handlers/handlers.go:43.15,46.3 2 0
2019_2_Next_Level/internal/serverapi/server/MailBox/handlers/handlers.go:53.15,57.3 3 0
2019_2_Next_Level/internal/serverapi/server/MailBox/handlers/handlers.go:61.16,64.3 2 0
2019_2_Next_Level/internal/serverapi/server/MailBox/handlers/handlers.go:67.75,71.15 4 0
2019_2_Next_Level/internal/serverapi/server/MailBox/handlers/handlers.go:75.2,77.16 3 0
2019_2_Next_Level/internal/serverapi/server/MailBox/handlers/handlers.go:81.2,82.16 2 0
2019_2_Next_Level/internal/serverapi/server/MailBox/handlers/handlers.go:86.2,93.16 6 0
2019_2_Next_Level/internal/serverapi/server/MailBox/handlers/handlers.go:98.2,107.37 1 0
2019_2_Next_Level/internal/serverapi/server/MailBox/handlers/handlers.go:71.15,74.3 2 0
2019_2_Next_Level/internal/serverapi/server/MailBox/handlers/handlers.go:77.17,80.3 0 0
2019_2_Next_Level/internal/serverapi/server/MailBox/handlers/handlers.go:82.17,85.3 0 0
2019_2_Next_Level/internal/serverapi/server/MailBox/handlers/handlers.go:93.16,97.3 3 0
2019_2_Next_Level/internal/serverapi/server/MailBox/handlers/handlers.go:107.37,109.27 2 0
2019_2_Next_Level/internal/serverapi/server/MailBox/handlers/handlers.go:112.4,112.20 1 0
2019_2_Next_Level/internal/serverapi/server/MailBox/handlers/handlers.go:109.27,111.5 1 0
2019_2_Next_Level/internal/serverapi/server/MailBox/handlers/handlers.go:117.78,121.15 4 0
2019_2_Next_Level/internal/serverapi/server/MailBox/handlers/handlers.go:125.2,126.16 2 0
2019_2_Next_Level/internal/serverapi/server/MailBox/handlers/handlers.go:131.2,134.30 1 0
2019_2_Next_Level/internal/serverapi/server/MailBox/handlers/handlers.go:121.15,124.3 2 0
2019_2_Next_Level/internal/serverapi/server/MailBox/handlers/handlers.go:126.16,130.3 3 0
2019_2_Next_Level/internal/serverapi/server/MailBox/handlers/handlers.go:137.72,141.15 4 0
2019_2_Next_Level/internal/serverapi/server/MailBox/handlers/handlers.go:145.2,147.16 3 0
2019_2_Next_Level/internal/serverapi/server/MailBox/handlers/handlers.go:151.2,152.16 2 0
2019_2_Next_Level/internal/serverapi/server/MailBox/handlers/handlers.go:157.2,174.25 2 0
2019_2_Next_Level/internal/serverapi/server/MailBox/handlers/handlers.go:141.15,144.3 2 0
2019_2_Next_Level/internal/serverapi/server/MailBox/handlers/handlers.go:147.16,150.3 2 0
2019_2_Next_Level/internal/serverapi/server/MailBox/handlers/handlers.go:152.16,155.3 2 0
2019_2_Next_Level/internal/serverapi/server/MailBox/handlers/handlers.go:177.76,179.2 1 0
2019_2_Next_Level/internal/serverapi/server/MailBox/handlers/handlers.go:181.78,183.2 1 0
2019_2_Next_Level/internal/serverapi/server/MailBox/handlers/handlers.go:185.75,187.2 1 0
2019_2_Next_Level/internal/serverapi/server/MailBox/handlers/handlers.go:189.82,193.15 4 0
2019_2_Next_Level/internal/serverapi/server/MailBox/handlers/handlers.go:198.2,202.16 3 0
2019_2_Next_Level/internal/serverapi/server/MailBox/handlers/handlers.go:206.2,207.16 2 0
2019_2_Next_Level/internal/serverapi/server/MailBox/handlers/handlers.go:193.15,196.3 2 0
2019_2_Next_Level/internal/serverapi/server/MailBox/handlers/handlers.go:202.16,205.3 2 0
2019_2_Next_Level/internal/serverapi/server/MailBox/handlers/handlers.go:207.16,210.3 2 0
2019_2_Next_Level/internal/serverapi/server/MailBox/handlers/handlers.go:212.80,217.17 4 0
2019_2_Next_Level/internal/serverapi/server/MailBox/handlers/handlers.go:221.2,223.9 3 0
2019_2_Next_Level/internal/serverapi/server/MailBox/handlers/handlers.go:227.2,228.9 2 0
2019_2_Next_Level/internal/serverapi/server/MailBox/handlers/handlers.go:232.2,233.16 2 0
2019_2_Next_Level/internal/serverapi/server/MailBox/handlers/handlers.go:236.2,237.16 2 0
2019_2_Next_Level/internal/serverapi/server/MailBox/handlers/handlers.go:241.2,241.37 1 0
2019_2_Next_Level/internal/serverapi/server/MailBox/handlers/handlers.go:217.17,220.3 2 0
2019_2_Next_Level/internal/serverapi/server/MailBox/handlers/handlers.go:223.9,226.3 2 0
2019_2_Next_Level/internal/serverapi/server/MailBox/handlers/handlers.go:228.9,231.3 2 0
2019_2_Next_Level/internal/serverapi/server/MailBox/handlers/handlers.go:233.16,235.3 1 0
2019_2_Next_Level/internal/serverapi/server/MailBox/handlers/handlers.go:237.16,240.3 2 0
2019_2_Next_Level/internal/serverapi/server/MailBox/handlers/handlers.go:245.76,249.17 4 0
2019_2_Next_Level/internal/serverapi/server/MailBox/handlers/handlers.go:253.2,255.9 3 0
2019_2_Next_Level/internal/serverapi/server/MailBox/handlers/handlers.go:260.2,261.16 2 0
2019_2_Next_Level/internal/serverapi/server/MailBox/handlers/handlers.go:265.2,265.37 1 0
2019_2_Next_Level/internal/serverapi/server/MailBox/handlers/handlers.go:249.17,252.3 2 0
2019_2_Next_Level/internal/serverapi/server/MailBox/handlers/handlers.go:255.9,258.3 2 0
2019_2_Next_Level/internal/serverapi/server/MailBox/handlers/handlers.go:261.16,264.3 2 0
2019_2_Next_Level/internal/serverapi/server/MailBox/handlers/handlers.go:269.56,271.2 1 0
2019_2_Next_Level/internal/model/email.go:26.38,28.2 1 0
2019_2_Next_Level/internal/model/email.go:30.36,32.2 1 0
2019_2_Next_Level/internal/model/email.go:34.54,39.2 4 0
2019_2_Next_Level/internal/model/email.go:41.42,48.2 2 0
2019_2_Next_Level/internal/model/email.go:50.52,52.17 2 0
2019_2_Next_Level/internal/model/email.go:55.2,57.20 3 0
2019_2_Next_Level/internal/model/email.go:52.17,54.3 1 0
2019_2_Next_Level/internal/model/email.go:60.28,68.2 1 0
2019_2_Next_Level/internal/model/user.go:22.26,23.23 1 0
2019_2_Next_Level/internal/model/user.go:23.23,25.3 1 0
2019_2_Next_Level/internal/model/user.go:27.78,34.2 6 0
2019_2_Next_Level/internal/model/user.go:36.30,45.2 1 0
2019_2_Next_Level/internal/MailPicker/daemon.go:24.112,26.2 1 0
2019_2_Next_Level/internal/MailPicker/daemon.go:29.39,36.2 5 0
2019_2_Next_Level/internal/MailPicker/daemon.go:38.51,47.49 8 0
2019_2_Next_Level/internal/MailPicker/daemon.go:52.2,54.50 3 0
2019_2_Next_Level/internal/MailPicker/daemon.go:59.2,60.48 2 0
2019_2_Next_Level/internal/MailPicker/daemon.go:64.2,65.11 2 0
2019_2_Next_Level/internal/MailPicker/daemon.go:69.2,69.6 1 0
2019_2_Next_Level/internal/MailPicker/daemon.go:47.49,50.3 2 0
2019_2_Next_Level/internal/MailPicker/daemon.go:54.50,57.3 2 0
2019_2_Next_Level/internal/MailPicker/daemon.go:60.48,63.3 2 0
2019_2_Next_Level/internal/MailPicker/daemon.go:65.11,68.3 2 0
2019_2_Next_Level/internal/MailPicker/daemon.go:69.6,70.10 1 0
2019_2_Next_Level/internal/MailPicker/daemon.go:85.4,85.10 1 0
2019_2_Next_Level/internal/MailPicker/daemon.go:71.29,73.10 2 0
2019_2_Next_Level/internal/MailPicker/daemon.go:80.4,80.12 1 0
2019_2_Next_Level/internal/MailPicker/daemon.go:81.4,81.9 1 0
2019_2_Next_Level/internal/MailPicker/daemon.go:82.21,83.10 1 0
2019_2_Next_Level/internal/MailPicker/daemon.go:73.10,79.5 5 0
2019_2_Next_Level/internal/serverapi/server/middleware/access_log.go:21.48,24.2 2 0
2019_2_Next_Level/internal/serverapi/server/middleware/access_log.go:26.53,27.19 1 0
2019_2_Next_Level/internal/serverapi/server/middleware/access_log.go:30.2,33.15 4 0
2019_2_Next_Level/internal/serverapi/server/middleware/access_log.go:27.19,29.3 1 0
2019_2_Next_Level/internal/serverapi/server/middleware/access_log.go:36.47,37.46 1 0
2019_2_Next_Level/internal/serverapi/server/middleware/access_log.go:37.46,38.72 1 0
2019_2_Next_Level/internal/serverapi/server/middleware/access_log.go:38.72,54.4 8 0
2019_2_Next_Level/internal/Auth/log/log.go:7.36,9.2 1 0
2019_2_Next_Level/internal/Auth/log/log.go:11.24,12.16 1 0
2019_2_Next_Level/internal/Auth/log/log.go:15.2,15.12 1 0
2019_2_Next_Level/internal/Auth/log/log.go:12.16,14.3 1 0
2019_2_Next_Level/internal/serverapi/server/config/config.go:18.48,21.2 2 0
2019_2_Next_Level/internal/serverapi/server/MailBox/models/mail.go:17.42,22.18 5 0
2019_2_Next_Level/internal/serverapi/server/MailBox/models/mail.go:27.2,27.11 1 0
2019_2_Next_Level/internal/serverapi/server/MailBox/models/mail.go:22.18,24.3 1 0
2019_2_Next_Level/internal/serverapi/server/MailBox/models/mail.go:24.7,26.3 1 0
2019_2_Next_Level/internal/serverapi/server/MailBox/models/mail.go:41.58,51.2 9 0
2019_2_Next_Level/internal/model/grpcEmailConverter.go:11.60,13.2 1 0
2019_2_Next_Level/internal/model/grpcEmailConverter.go:15.62,22.2 1 0
2019_2_Next_Level/internal/MailPicker/repository/postgres.go:17.50,20.16 3 0
2019_2_Next_Level/internal/MailPicker/repository/postgres.go:24.2,24.14 1 0
2019_2_Next_Level/internal/MailPicker/repository/postgres.go:20.16,23.3 2 0
2019_2_Next_Level/internal/MailPicker/repository/postgres.go:27.43,38.16 11 0
2019_2_Next_Level/internal/MailPicker/repository/postgres.go:42.2,43.16 2 0
2019_2_Next_Level/internal/MailPicker/repository/postgres.go:46.2,46.12 1 0
2019_2_Next_Level/internal/MailPicker/repository/postgres.go:38.16,40.3 1 0
2019_2_Next_Level/internal/MailPicker/repository/postgres.go:43.16,45.3 1 0
2019_2_Next_Level/internal/MailPicker/repository/postgres.go:50.60,53.16 3 0
2019_2_Next_Level/internal/MailPicker/repository/postgres.go:56.2,58.16 3 0
2019_2_Next_Level/internal/MailPicker/repository/postgres.go:61.2,61.16 1 0
2019_2_Next_Level/internal/MailPicker/repository/postgres.go:53.16,55.3 1 0
2019_2_Next_Level/internal/MailPicker/repository/postgres.go:58.16,60.3 1 0
2019_2_Next_Level/internal/MailPicker/repository/postgres.go:65.65,66.23 1 0
2019_2_Next_Level/internal/MailPicker/repository/postgres.go:93.2,93.45 1 0
2019_2_Next_Level/internal/MailPicker/repository/postgres.go:66.23,68.17 2 0
2019_2_Next_Level/internal/MailPicker/repository/postgres.go:72.3,75.17 4 0
2019_2_Next_Level/internal/MailPicker/repository/postgres.go:79.3,86.17 5 0
2019_2_Next_Level/internal/MailPicker/repository/postgres.go:89.3,90.13 2 0
2019_2_Next_Level/internal/MailPicker/repository/postgres.go:68.17,70.4 1 0
2019_2_Next_Level/internal/MailPicker/repository/postgres.go:75.17,77.4 1 0
2019_2_Next_Level/internal/MailPicker/repository/postgres.go:86.17,88.4 1 0
2019_2_Next_Level/internal/post/smtpd/incoming.go:12.54,21.2 8 0
2019_2_Next_Level/internal/serverapi/server/User/usecase/usecase.go:10.82,14.2 3 0
2019_2_Next_Level/internal/serverapi/server/User/usecase/usecase.go:20.65,22.16 2 0
2019_2_Next_Level/internal/serverapi/server/User/usecase/usecase.go:31.2,35.18 4 0
2019_2_Next_Level/internal/serverapi/server/User/usecase/usecase.go:22.16,23.21 1 0
2019_2_Next_Level/internal/serverapi/server/User/usecase/usecase.go:29.3,29.49 1 0
2019_2_Next_Level/internal/serverapi/server/User/usecase/usecase.go:24.16,25.20 1 0
2019_2_Next_Level/internal/serverapi/server/User/usecase/usecase.go:26.11,27.9 1 0
2019_2_Next_Level/internal/serverapi/server/User/usecase/usecase.go:37.56,40.16 3 0
2019_2_Next_Level/internal/serverapi/server/User/usecase/usecase.go:50.2,50.12 1 0
2019_2_Next_Level/internal/serverapi/server/User/usecase/usecase.go:40.16,41.21 1 0
2019_2_Next_Level/internal/serverapi/server/User/usecase/usecase.go:47.3,47.44 1 0
2019_2_Next_Level/internal/serverapi/server/User/usecase/usecase.go:42.16,43.14 1 0
2019_2_Next_Level/internal/serverapi/server/User/usecase/usecase.go:44.11,45.9 1 0
2019_2_Next_Level/internal/serverapi/server/User/usecase/usecase.go:52.88,54.2 1 0
2019_2_Next_Level/internal/post/smtpd/worker/session.go:20.33,23.2 2 0
2019_2_Next_Level/internal/post/smtpd/worker/session.go:26.43,29.2 2 0
2019_2_Next_Level/internal/post/smtpd/worker/session.go:32.41,35.2 2 0
2019_2_Next_Level/internal/post/smtpd/worker/session.go:38.43,40.16 2 0
2019_2_Next_Level/internal/post/smtpd/worker/session.go:43.2,47.12 2 0
2019_2_Next_Level/internal/post/smtpd/worker/session.go:40.16,42.3 1 0
2019_2_Next_Level/internal/post/smtpd/worker/session.go:51.27,53.2 1 0
2019_2_Next_Level/internal/post/smtpd/worker/session.go:56.34,59.2 2 0
2019_2_Next_Level/internal/post/smtpd/worker/session.go:62.33,63.15 1 0
2019_2_Next_Level/internal/post/smtpd/worker/session.go:66.2,66.17 1 0
2019_2_Next_Level/internal/post/smtpd/worker/session.go:63.15,65.3 1 0
2019_2_Next_Level/internal/post/smtpd/worker/worker.go:22.102,28.2 2 0
2019_2_Next_Level/internal/post/smtpd/worker/worker.go:31.84,34.2 2 0
2019_2_Next_Level/internal/post/smtpd/worker/worker.go:37.46,39.2 1 0
2019_2_Next_Level/internal/serverapi/config/config.go:14.48,16.19 2 0
2019_2_Next_Level/internal/serverapi/config/config.go:32.2,32.32 1 0
2019_2_Next_Level/internal/serverapi/config/config.go:16.19,18.10 2 0
2019_2_Next_Level/internal/serverapi/config/config.go:22.3,23.10 2 0
2019_2_Next_Level/internal/serverapi/config/config.go:27.3,27.24 1 0
2019_2_Next_Level/internal/serverapi/config/config.go:18.10,21.4 2 0
2019_2_Next_Level/internal/serverapi/config/config.go:23.10,26.4 2 0
2019_2_Next_Level/internal/serverapi/config/config.go:28.8,31.3 2 0
2019_2_Next_Level/internal/serverapi/config/config.go:43.44,46.2 2 0
2019_2_Next_Level/internal/model/postgres.go:15.46,17.2 1 0
2019_2_Next_Level/internal/model/postgres.go:19.82,25.16 5 0
2019_2_Next_Level/internal/model/postgres.go:29.2,29.20 1 0
2019_2_Next_Level/internal/model/postgres.go:25.16,27.3 1 0
2019_2_Next_Level/internal/MailPicker/workers/picker.go:19.124,21.2 1 0
2019_2_Next_Level/internal/MailPicker/workers/picker.go:24.95,26.12 2 0
2019_2_Next_Level/internal/MailPicker/workers/picker.go:49.2,49.14 1 0
2019_2_Next_Level/internal/MailPicker/workers/picker.go:26.12,27.7 1 0
2019_2_Next_Level/internal/MailPicker/workers/picker.go:27.7,29.18 2 0
2019_2_Next_Level/internal/MailPicker/workers/picker.go:37.4,37.22 1 0
2019_2_Next_Level/internal/MailPicker/workers/picker.go:41.4,43.12 2 0
2019_2_Next_Level/internal/MailPicker/workers/picker.go:29.18,30.30 1 0
2019_2_Next_Level/internal/MailPicker/workers/picker.go:34.5,35.13 2 0
2019_2_Next_Level/internal/MailPicker/workers/picker.go:30.30,33.6 2 0
2019_2_Next_Level/internal/MailPicker/workers/picker.go:37.22,40.5 2 0
2019_2_Next_Level/internal/MailPicker/workers/picker.go:43.12,46.5 2 0
2019_2_Next_Level/internal/post/smtpd/daemon.go:30.75,32.20 1 0
2019_2_Next_Level/internal/post/smtpd/daemon.go:41.2,51.12 8 0
2019_2_Next_Level/internal/post/smtpd/daemon.go:32.20,33.52 1 0
2019_2_Next_Level/internal/post/smtpd/daemon.go:33.52,35.4 1 0
2019_2_Next_Level/internal/post/smtpd/daemon.go:35.9,37.4 1 0
2019_2_Next_Level/internal/post/smtpd/daemon.go:38.8,40.3 1 0
2019_2_Next_Level/internal/post/smtpd/daemon.go:54.73,58.2 3 0
2019_2_Next_Level/internal/post/smtpd/daemon.go:61.48,68.9 6 0
2019_2_Next_Level/internal/post/smtpd/daemon.go:69.20,71.9 2 0
2019_2_Next_Level/internal/post/smtpd/daemon.go:75.34,76.54 1 0
2019_2_Next_Level/internal/post/smtpd/daemon.go:76.54,79.3 2 0
2019_2_Next_Level/internal/post/smtpd/daemon.go:82.40,83.36 1 0
2019_2_Next_Level/internal/post/smtpd/daemon.go:83.36,84.24 1 0
2019_2_Next_Level/internal/post/smtpd/daemon.go:88.3,90.39 3 0
2019_2_Next_Level/internal/post/smtpd/daemon.go:84.24,86.12 2 0
2019_2_Next_Level/internal/post/smtpd/daemon.go:95.25,96.41 1 0
2019_2_Next_Level/internal/post/smtpd/daemon.go:96.41,101.17 4 0
2019_2_Next_Level/internal/post/smtpd/daemon.go:104.3,104.28 1 0
2019_2_Next_Level/internal/post/smtpd/daemon.go:101.17,103.4 1 0
2019_2_Next_Level/internal/post/smtpd/daemon.go:108.39,109.6 1 0
2019_2_Next_Level/internal/post/smtpd/daemon.go:109.6,180.3 3 0
2019_2_Next_Level/internal/serverapi/log/log.go:7.36,9.2 1 0
2019_2_Next_Level/internal/serverapi/log/log.go:11.24,12.16 1 0
2019_2_Next_Level/internal/serverapi/log/log.go:15.2,15.12 1 0
2019_2_Next_Level/internal/serverapi/log/log.go:12.16,14.3 1 0
2019_2_Next_Level/internal/serverapi/server/Auth/usecase/usecase.go:15.85,19.2 3 0
2019_2_Next_Level/internal/serverapi/server/Auth/usecase/usecase.go:26.59,28.2 1 0
2019_2_Next_Level/internal/serverapi/server/Auth/usecase/usecase.go:30.62,33.2 2 0
2019_2_Next_Level/internal/serverapi/server/Auth/usecase/usecase.go:35.49,37.2 1 0
2019_2_Next_Level/internal/serverapi/server/Auth/usecase/usecase.go:39.53,41.16 2 0
2019_2_Next_Level/internal/serverapi/server/Auth/usecase/usecase.go:58.2,59.12 2 0
2019_2_Next_Level/internal/serverapi/server/Auth/usecase/usecase.go:41.16,42.21 1 0
2019_2_Next_Level/internal/serverapi/server/Auth/usecase/usecase.go:43.16,44.30 1 0
2019_2_Next_Level/internal/serverapi/server/Auth/usecase/usecase.go:53.4,53.9 1 0
2019_2_Next_Level/internal/serverapi/server/Auth/usecase/usecase.go:54.11,55.45 1 0
2019_2_Next_Level/internal/serverapi/server/Auth/usecase/usecase.go:45.25,46.15 1 0
2019_2_Next_Level/internal/serverapi/server/Auth/usecase/usecase.go:48.96,49.60 1 0
2019_2_Next_Level/internal/serverapi/server/Auth/usecase/usecase.go:50.12,51.46 1 0
2019_2_Next_Level/internal/serverapi/server/Auth/usecase/usecase.go:62.70,64.16 2 0
2019_2_Next_Level/internal/serverapi/server/Auth/usecase/usecase.go:67.2,69.44 2 0
2019_2_Next_Level/internal/serverapi/server/Auth/usecase/usecase.go:64.16,66.3 1 0
2019_2_Next_Level/internal/post/ChannelDispatcher.go:12.41,28.2 10 0
2019_2_Next_Level/internal/Auth/config/config.go:13.48,14.19 1 0
2019_2_Next_Level/internal/Auth/config/config.go:30.2,30.25 1 0
2019_2_Next_Level/internal/Auth/config/config.go:14.19,16.10 2 0
2019_2_Next_Level/internal/Auth/config/config.go:20.3,21.10 2 0
2019_2_Next_Level/internal/Auth/config/config.go:25.3,25.24 1 0
2019_2_Next_Level/internal/Auth/config/config.go:16.10,19.4 2 0
2019_2_Next_Level/internal/Auth/config/config.go:21.10,24.4 2 0
2019_2_Next_Level/internal/Auth/config/config.go:26.8,29.3 2 0
2019_2_Next_Level/internal/Auth/config/config.go:30.25,32.3 1 0
2019_2_Next_Level/internal/Auth/config/config.go:43.44,46.2 2 0
2019_2_Next_Level/internal/post/model.go:14.36,16.2 1 0
2019_2_Next_Level/internal/MailPicker/config/config.go:18.44,19.50 1 0
2019_2_Next_Level/internal/MailPicker/config/config.go:23.2,23.19 1 0
2019_2_Next_Level/internal/MailPicker/config/config.go:19.50,21.3 1 0
2019_2_Next_Level/internal/MailPicker/config/config.go:23.19,25.10 2 0
2019_2_Next_Level/internal/MailPicker/config/config.go:29.3,30.10 2 0
2019_2_Next_Level/internal/MailPicker/config/config.go:34.3,34.24 1 0
2019_2_Next_Level/internal/MailPicker/config/config.go:25.10,28.4 2 0
2019_2_Next_Level/internal/MailPicker/config/config.go:30.10,33.4 2 0
2019_2_Next_Level/internal/MailPicker/config/config.go:35.8,38.3 2 0
2019_2_Next_Level/internal/MailPicker/config/config.go:49.44,52.2 2 0
2019_2_Next_Level/internal/postInterface/implementation.go:19.72,21.2 1 0
2019_2_Next_Level/internal/postInterface/implementation.go:23.30,26.16 3 0
2019_2_Next_Level/internal/postInterface/implementation.go:31.2,31.50 1 0
2019_2_Next_Level/internal/postInterface/implementation.go:26.16,29.3 2 0
2019_2_Next_Level/internal/postInterface/implementation.go:34.33,36.2 1 0
2019_2_Next_Level/internal/postInterface/implementation.go:38.51,43.2 4 0
2019_2_Next_Level/internal/postInterface/implementation.go:45.49,47.16 2 0
2019_2_Next_Level/internal/postInterface/implementation.go:51.2,51.46 1 0
2019_2_Next_Level/internal/postInterface/implementation.go:47.16,49.3 1 0
2019_2_Next_Level/internal/post/channels.go:8.44,12.2 3 0
2019_2_Next_Level/internal/serverapi/server/middleware/static.go:7.62,8.46 1 0
2019_2_Next_Level/internal/serverapi/server/middleware/static.go:8.46,9.72 1 0
2019_2_Next_Level/internal/serverapi/server/middleware/static.go:9.72,11.31 2 0
2019_2_Next_Level/internal/serverapi/server/middleware/static.go:14.4,15.24 2 0
2019_2_Next_Level/internal/serverapi/server/middleware/static.go:11.31,13.5 1 0
2019_2_Next_Level/internal/serverapi/server/Auth/http/response.go:17.51,19.2 1 0
2019_2_Next_Level/internal/serverapi/server/Auth/http/response.go:26.45,28.2 1 0
2019_2_Next_Level/internal/serverapi/server/User/http/handler.go:25.54,29.2 3 0
2019_2_Next_Level/internal/serverapi/server/User/http/handler.go:31.57,35.2 3 0
2019_2_Next_Level/internal/serverapi/server/User/http/handler.go:37.74,51.16 5 0
2019_2_Next_Level/internal/serverapi/server/User/http/handler.go:55.2,64.16 4 0
2019_2_Next_Level/internal/serverapi/server/User/http/handler.go:51.16,54.3 2 0
2019_2_Next_Level/internal/serverapi/server/User/http/handler.go:64.16,67.3 2 0
2019_2_Next_Level/internal/serverapi/server/User/http/handler.go:70.76,79.16 6 0
2019_2_Next_Level/internal/serverapi/server/User/http/handler.go:83.2,87.16 5 0
2019_2_Next_Level/internal/serverapi/server/User/http/handler.go:79.16,82.3 2 0
2019_2_Next_Level/internal/serverapi/server/User/http/handler.go:87.16,89.21 2 0
2019_2_Next_Level/internal/serverapi/server/User/http/handler.go:121.3,122.9 2 0
2019_2_Next_Level/internal/serverapi/server/User/http/handler.go:90.16,91.30 1 0
2019_2_Next_Level/internal/serverapi/server/User/http/handler.go:117.4,117.9 1 0
2019_2_Next_Level/internal/serverapi/server/User/http/handler.go:118.11,119.9 1 0
2019_2_Next_Level/internal/serverapi/server/User/http/handler.go:92.25,94.12 2 0
2019_2_Next_Level/internal/serverapi/server/User/http/handler.go:97.5,107.12 3 0
2019_2_Next_Level/internal/serverapi/server/User/http/handler.go:110.5,111.10 2 0
2019_2_Next_Level/internal/serverapi/server/User/http/handler.go:112.24,113.10 1 0
2019_2_Next_Level/internal/serverapi/server/User/http/handler.go:114.12,115.10 1 0
2019_2_Next_Level/internal/serverapi/server/User/http/handler.go:94.12,95.11 1 0
2019_2_Next_Level/internal/serverapi/server/User/http/handler.go:107.12,108.11 1 0
2019_2_Next_Level/internal/serverapi/server/User/http/handler.go:127.80,137.16 5 0
2019_2_Next_Level/internal/serverapi/server/User/http/handler.go:141.2,142.16 2 0
2019_2_Next_Level/internal/serverapi/server/User/http/handler.go:137.16,140.3 2 0
2019_2_Next_Level/internal/serverapi/server/User/http/handler.go:142.16,145.21 2 0
2019_2_Next_Level/internal/serverapi/server/User/http/handler.go:162.3,162.37 1 0
2019_2_Next_Level/internal/serverapi/server/User/http/handler.go:146.16,154.11 4 0
2019_2_Next_Level/internal/serverapi/server/User/http/handler.go:157.4,157.17 1 0
2019_2_Next_Level/internal/serverapi/server/User/http/handler.go:158.11,159.9 1 0
2019_2_Next_Level/internal/serverapi/server/User/http/handler.go:154.11,155.10 1 0
2019_2_Next_Level/internal/serverapi/server/User/http/handler.go:166.55,168.2 1 0
2019_2_Next_Level/internal/serverapi/server/middleware/cors.go:11.48,12.46 1 0
2019_2_Next_Level/internal/serverapi/server/middleware/cors.go:12.46,13.72 1 0
2019_2_Next_Level/internal/serverapi/server/middleware/cors.go:13.72,17.49 4 0
2019_2_Next_Level/internal/serverapi/server/middleware/cors.go:22.4,27.24 5 0
2019_2_Next_Level/internal/serverapi/server/middleware/cors.go:17.49,21.5 3 0
2019_2_Next_Level/internal/MailPicker/workers/cleanup.go:19.56,21.2 1 0
2019_2_Next_Level/internal/MailPicker/workers/cleanup.go:23.117,26.12 2 0
2019_2_Next_Level/internal/MailPicker/workers/cleanup.go:57.2,57.14 1 0
2019_2_Next_Level/internal/MailPicker/workers/cleanup.go:26.12,27.24 1 0
2019_2_Next_Level/internal/MailPicker/workers/cleanup.go:27.24,29.11 2 0
2019_2_Next_Level/internal/MailPicker/workers/cleanup.go:33.4,41.18 8 0
2019_2_Next_Level/internal/MailPicker/workers/cleanup.go:45.4,45.44 1 0
2019_2_Next_Level/internal/MailPicker/workers/cleanup.go:49.4,54.36 6 0
2019_2_Next_Level/internal/MailPicker/workers/cleanup.go:29.11,32.5 2 0
2019_2_Next_Level/internal/MailPicker/workers/cleanup.go:41.18,44.5 2 0
2019_2_Next_Level/internal/MailPicker/workers/cleanup.go:45.44,48.5 2 0
2019_2_Next_Level/internal/MailPicker/workers/cleanup.go:60.62,62.2 1 0
2019_2_Next_Level/internal/MailPicker/workers/cleanup.go:64.66,78.2 7 0
2019_2_Next_Level/internal/MailPicker/workers/cleanup.go:80.63,81.25 1 0
2019_2_Next_Level/internal/MailPicker/workers/cleanup.go:84.2,85.42 2 0
2019_2_Next_Level/internal/MailPicker/workers/cleanup.go:100.2,100.13 1 0
2019_2_Next_Level/internal/MailPicker/workers/cleanup.go:81.25,83.3 1 0
2019_2_Next_Level/internal/MailPicker/workers/cleanup.go:85.42,87.20 2 0
2019_2_Next_Level/internal/MailPicker/workers/cleanup.go:88.21,89.22 1 0
2019_2_Next_Level/internal/MailPicker/workers/cleanup.go:92.4,92.9 1 0
2019_2_Next_Level/internal/MailPicker/workers/cleanup.go:93.20,95.9 2 0
2019_2_Next_Level/internal/MailPicker/workers/cleanup.go:96.11,97.9 1 0
2019_2_Next_Level/internal/MailPicker/workers/cleanup.go:89.22,91.5 1 0
2019_2_Next_Level/internal/post/MessageQueue/core.go:22.35,24.2 1 0
2019_2_Next_Level/internal/post/MessageQueue/core.go:27.93,30.2 2 0
2019_2_Next_Level/internal/post/MessageQueue/core.go:33.66,37.2 3 0
2019_2_Next_Level/internal/post/MessageQueue/core.go:40.89,44.2 3 0
2019_2_Next_Level/internal/post/MessageQueue/core.go:47.63,51.2 3 0
2019_2_Next_Level/internal/serverapi/server/MailBox/repository/postgres.go:20.48,22.17 2 0
2019_2_Next_Level/internal/serverapi/server/MailBox/repository/postgres.go:28.2,28.15 1 0
2019_2_Next_Level/internal/serverapi/server/MailBox/repository/postgres.go:22.18,27.3 0 0
2019_2_Next_Level/internal/serverapi/server/MailBox/repository/postgres.go:31.43,43.16 11 0
2019_2_Next_Level/internal/serverapi/server/MailBox/repository/postgres.go:49.2,50.16 2 0
2019_2_Next_Level/internal/serverapi/server/MailBox/repository/postgres.go:53.2,53.12 1 0
2019_2_Next_Level/internal/serverapi/server/MailBox/repository/postgres.go:43.16,45.3 1 0
2019_2_Next_Level/internal/serverapi/server/MailBox/repository/postgres.go:50.16,52.3 1 0
2019_2_Next_Level/internal/serverapi/server/MailBox/repository/postgres.go:56.98,63.16 6 0
2019_2_Next_Level/internal/serverapi/server/MailBox/repository/postgres.go:66.2,67.18 2 0
2019_2_Next_Level/internal/serverapi/server/MailBox/repository/postgres.go:63.16,65.3 1 0
2019_2_Next_Level/internal/serverapi/server/MailBox/repository/postgres.go:70.141,74.40 3 0
2019_2_Next_Level/internal/serverapi/server/MailBox/repository/postgres.go:79.2,83.16 4 0
2019_2_Next_Level/internal/serverapi/server/MailBox/repository/postgres.go:87.2,87.17 1 0
2019_2_Next_Level/internal/serverapi/server/MailBox/repository/postgres.go:98.2,98.18 1 0
2019_2_Next_Level/internal/serverapi/server/MailBox/repository/postgres.go:74.40,76.3 1 0
2019_2_Next_Level/internal/serverapi/server/MailBox/repository/postgres.go:76.7,78.3 1 0
2019_2_Next_Level/internal/serverapi/server/MailBox/repository/postgres.go:83.16,85.3 1 0
2019_2_Next_Level/internal/serverapi/server/MailBox/repository/postgres.go:87.17,91.121 3 0
2019_2_Next_Level/internal/serverapi/server/MailBox/repository/postgres.go:95.3,96.28 2 0
2019_2_Next_Level/internal/serverapi/server/MailBox/repository/postgres.go:91.121,93.4 1 0
2019_2_Next_Level/internal/serverapi/server/MailBox/repository/postgres.go:101.107,106.2 4 0
2019_2_Next_Level/internal/serverapi/server/MailBox/repository/postgres.go:108.109,111.20 3 0
2019_2_Next_Level/internal/serverapi/server/MailBox/repository/postgres.go:121.2,123.32 2 0
2019_2_Next_Level/internal/serverapi/server/MailBox/repository/postgres.go:129.2,129.12 1 0
2019_2_Next_Level/internal/serverapi/server/MailBox/repository/postgres.go:112.30,113.30 1 0
2019_2_Next_Level/internal/serverapi/server/MailBox/repository/postgres.go:114.32,115.31 1 0
2019_2_Next_Level/internal/serverapi/server/MailBox/repository/postgres.go:116.33,117.33 1 0
2019_2_Next_Level/internal/serverapi/server/MailBox/repository/postgres.go:118.10,119.36 1 0
2019_2_Next_Level/internal/serverapi/server/MailBox/repository/postgres.go:123.32,125.17 2 0
2019_2_Next_Level/internal/serverapi/server/MailBox/repository/postgres.go:125.17,127.4 1 0
2019_2_Next_Level/internal/serverapi/server/MailBox/repository/postgres.go:132.70,133.23 1 0
2019_2_Next_Level/internal/serverapi/server/MailBox/repository/postgres.go:160.2,160.45 1 0
2019_2_Next_Level/internal/serverapi/server/MailBox/repository/postgres.go:133.23,135.17 2 0
2019_2_Next_Level/internal/serverapi/server/MailBox/repository/postgres.go:139.3,142.17 4 0
2019_2_Next_Level/internal/serverapi/server/MailBox/repository/postgres.go:146.3,148.17 3 0
2019_2_Next_Level/internal/serverapi/server/MailBox/repository/postgres.go:152.3,153.40 2 0
2019_2_Next_Level/internal/serverapi/server/MailBox/repository/postgres.go:156.3,157.13 2 0
2019_2_Next_Level/internal/serverapi/server/MailBox/repository/postgres.go:135.17,137.4 1 0
2019_2_Next_Level/internal/serverapi/server/MailBox/repository/postgres.go:142.17,144.4 1 0
2019_2_Next_Level/internal/serverapi/server/MailBox/repository/postgres.go:148.17,150.4 1 0
2019_2_Next_Level/internal/serverapi/server/MailBox/repository/postgres.go:153.40,155.4 1 0
2019_2_Next_Level/internal/serverapi/server/MailBox/repository/postgres.go:163.79,167.2 3 0
2019_2_Next_Level/internal/serverapi/server/MailBox/repository/postgres.go:168.100,172.2 3 0
2019_2_Next_Level/internal/serverapi/server/daemon.go:31.42,39.78 6 0
2019_2_Next_Level/internal/serverapi/server/daemon.go:44.2,61.12 7 0
2019_2_Next_Level/internal/serverapi/server/daemon.go:39.78,42.3 2 0
2019_2_Next_Level/internal/serverapi/server/daemon.go:64.40,67.101 3 0
2019_2_Next_Level/internal/serverapi/server/daemon.go:69.2,80.74 9 0
2019_2_Next_Level/internal/serverapi/server/daemon.go:67.102,67.103 0 0
2019_2_Next_Level/internal/serverapi/server/daemon.go:80.74,83.3 2 0
2019_2_Next_Level/internal/serverapi/server/daemon.go:87.52,89.16 2 0
2019_2_Next_Level/internal/serverapi/server/daemon.go:93.2,95.16 3 0
2019_2_Next_Level/internal/serverapi/server/daemon.go:98.2,101.21 4 0
2019_2_Next_Level/internal/serverapi/server/daemon.go:89.16,92.3 2 0
2019_2_Next_Level/internal/serverapi/server/daemon.go:95.16,97.3 1 0
2019_2_Next_Level/internal/serverapi/server/daemon.go:104.39,106.16 2 0
2019_2_Next_Level/internal/serverapi/server/daemon.go:110.2,112.16 3 0
2019_2_Next_Level/internal/serverapi/server/daemon.go:115.2,117.35 3 0
2019_2_Next_Level/internal/serverapi/server/daemon.go:106.16,109.3 2 0
2019_2_Next_Level/internal/serverapi/server/daemon.go:112.16,114.3 1 0
2019_2_Next_Level/internal/serverapi/server/daemon.go:120.39,123.16 3 0
2019_2_Next_Level/internal/serverapi/server/daemon.go:127.2,131.31 5 0
2019_2_Next_Level/internal/serverapi/server/daemon.go:123.16,126.3 2 0
2019_2_Next_Level/internal/Auth/client.go:28.51,31.16 3 0
2019_2_Next_Level/internal/Auth/client.go:35.2,36.12 2 0
2019_2_Next_Level/internal/Auth/client.go:31.16,33.3 1 0
2019_2_Next_Level/internal/Auth/client.go:39.32,41.2 1 0
2019_2_Next_Level/internal/Auth/client.go:42.69,46.2 3 0
2019_2_Next_Level/internal/Auth/client.go:48.64,52.2 3 0
2019_2_Next_Level/internal/Auth/client.go:54.58,58.2 3 0
2019_2_Next_Level/internal/Auth/client.go:60.64,64.2 3 0
2019_2_Next_Level/internal/Auth/client.go:66.91,70.2 3 0
2019_2_Next_Level/internal/Auth/client.go:72.78,76.2 3 0
2019_2_Next_Level/internal/Auth/client.go:78.74,82.2 3 0
2019_2_Next_Level/internal/Auth/client.go:84.49,86.18 2 0
2019_2_Next_Level/internal/Auth/client.go:89.2,89.12 1 0
2019_2_Next_Level/internal/Auth/client.go:86.18,88.3 1 0
2019_2_Next_Level/internal/post/smtpd/outcoming.go:20.89,22.2 1 0
2019_2_Next_Level/internal/post/smtpd/outcoming.go:24.88,31.16 3 0
2019_2_Next_Level/internal/post/smtpd/outcoming.go:35.2,36.16 2 0
2019_2_Next_Level/internal/post/smtpd/outcoming.go:39.2,39.12 1 0
2019_2_Next_Level/internal/post/smtpd/outcoming.go:31.16,33.3 1 0
2019_2_Next_Level/internal/post/smtpd/outcoming.go:36.16,38.3 1 0
2019_2_Next_Level/internal/post/smtpd/outcoming.go:42.52,45.16 3 0
2019_2_Next_Level/internal/post/smtpd/outcoming.go:49.2,54.33 4 0
2019_2_Next_Level/internal/post/smtpd/outcoming.go:57.2,58.30 2 0
2019_2_Next_Level/internal/post/smtpd/outcoming.go:61.2,63.8 2 0
2019_2_Next_Level/internal/post/smtpd/outcoming.go:45.16,47.3 1 0
2019_2_Next_Level/internal/post/smtpd/outcoming.go:54.33,56.3 1 0
2019_2_Next_Level/internal/post/smtpd/outcoming.go:58.30,60.3 1 0
2019_2_Next_Level/internal/post/smtpd/outcoming.go:67.45,69.16 2 0
2019_2_Next_Level/internal/post/smtpd/outcoming.go:72.2,72.19 1 0
2019_2_Next_Level/internal/post/smtpd/outcoming.go:69.16,71.3 1 0
2019_2_Next_Level/internal/post/smtpd/outcoming.go:75.39,79.2 2 0
2019_2_Next_Level/internal/post/smtpd/outcoming.go:81.82,91.27 9 0
2019_2_Next_Level/internal/post/smtpd/outcoming.go:94.2,96.24 2 0
2019_2_Next_Level/internal/post/smtpd/outcoming.go:91.27,93.3 1 0
2019_2_Next_Level/internal/serverapi/server/Auth/repository/repository.go:19.48,21.17 2 0
2019_2_Next_Level/internal/serverapi/server/Auth/repository/repository.go:27.2,27.15 1 0
2019_2_Next_Level/internal/serverapi/server/Auth/repository/repository.go:21.17,23.17 2 0
2019_2_Next_Level/internal/serverapi/server/Auth/repository/repository.go:23.17,25.4 1 0
2019_2_Next_Level/internal/serverapi/server/Auth/repository/repository.go:30.43,42.16 11 0
2019_2_Next_Level/internal/serverapi/server/Auth/repository/repository.go:48.2,49.16 2 0
2019_2_Next_Level/internal/serverapi/server/Auth/repository/repository.go:52.2,53.12 2 0
2019_2_Next_Level/internal/serverapi/server/Auth/repository/repository.go:42.16,44.3 1 0
2019_2_Next_Level/internal/serverapi/server/Auth/repository/repository.go:49.16,51.3 1 0
2019_2_Next_Level/internal/serverapi/server/Auth/repository/repository.go:56.70,57.40 1 0
2019_2_Next_Level/internal/serverapi/server/Auth/repository/repository.go:60.2,65.16 5 0
2019_2_Next_Level/internal/serverapi/server/Auth/repository/repository.go:68.2,68.12 1 0
2019_2_Next_Level/internal/serverapi/server/Auth/repository/repository.go:57.40,59.3 1 0
2019_2_Next_Level/internal/serverapi/server/Auth/repository/repository.go:65.16,67.3 1 0
2019_2_Next_Level/internal/serverapi/server/Auth/repository/repository.go:71.61,74.16 3 0
2019_2_Next_Level/internal/serverapi/server/Auth/repository/repository.go:77.2,77.12 1 0
2019_2_Next_Level/internal/serverapi/server/Auth/repository/repository.go:74.16,76.3 1 0
2019_2_Next_Level/internal/serverapi/server/Auth/repository/repository.go:80.77,83.16 3 0
2019_2_Next_Level/internal/serverapi/server/Auth/repository/repository.go:86.2,88.16 3 0
2019_2_Next_Level/internal/serverapi/server/Auth/repository/repository.go:91.2,91.19 1 0
2019_2_Next_Level/internal/serverapi/server/Auth/repository/repository.go:83.16,85.3 1 0
2019_2_Next_Level/internal/serverapi/server/Auth/repository/repository.go:88.16,90.3 1 0
2019_2_Next_Level/internal/serverapi/server/Auth/repository/repository.go:94.65,99.17 3 0
2019_2_Next_Level/internal/serverapi/server/Auth/repository/repository.go:102.2,104.16 3 0
2019_2_Next_Level/internal/serverapi/server/Auth/repository/repository.go:107.2,107.12 1 0
2019_2_Next_Level/internal/serverapi/server/Auth/repository/repository.go:99.17,101.3 1 0
2019_2_Next_Level/internal/serverapi/server/Auth/repository/repository.go:104.16,106.3 1 0
2019_2_Next_Level/internal/serverapi/server/Auth/repository/repository.go:110.81,116.16 5 0
2019_2_Next_Level/internal/serverapi/server/Auth/repository/repository.go:119.2,119.35 1 0
2019_2_Next_Level/internal/serverapi/server/Auth/repository/repository.go:116.16,118.3 1 0
2019_2_Next_Level/internal/serverapi/server/Auth/repository/repository.go:122.64,126.16 4 0
2019_2_Next_Level/internal/serverapi/server/Auth/repository/repository.go:129.2,129.16 1 0
2019_2_Next_Level/internal/serverapi/server/Auth/repository/repository.go:126.16,128.3 1 0
2019_2_Next_Level/internal/Auth/crypto.go:10.64,12.2 1 0
2019_2_Next_Level/internal/Auth/crypto.go:14.36,16.2 1 0
2019_2_Next_Level/internal/Auth/crypto.go:18.68,21.2 2 0
2019_2_Next_Level/internal/postInterface/dataAdapter.go:11.60,13.2 1 0
2019_2_Next_Level/internal/postInterface/dataAdapter.go:15.62,22.2 1 0
2019_2_Next_Level/internal/MailPicker/workers/store.go:16.97,18.2 1 0
2019_2_Next_Level/internal/MailPicker/workers/store.go:20.93,22.12 2 0
2019_2_Next_Level/internal/MailPicker/workers/store.go:28.2,28.14 1 0
2019_2_Next_Level/internal/MailPicker/workers/store.go:22.12,23.26 1 0
2019_2_Next_Level/internal/MailPicker/workers/store.go:23.26,26.4 2 0
2019_2_Next_Level/internal/MailPicker/workers/store.go:31.60,33.16 2 0
2019_2_Next_Level/internal/MailPicker/workers/store.go:36.2,36.12 1 0
2019_2_Next_Level/internal/MailPicker/workers/store.go:33.16,35.3 1 0
2019_2_Next_Level/internal/post/log/log.go:7.36,9.2 1 0
2019_2_Next_Level/internal/post/log/log.go:11.24,12.16 1 0
2019_2_Next_Level/internal/post/log/log.go:15.2,15.12 1 0
2019_2_Next_Level/internal/post/log/log.go:12.16,14.3 1 0
2019_2_Next_Level/internal/serverapi/server/MailBox/usecase/usecase.go:21.104,28.2 4 0
2019_2_Next_Level/internal/serverapi/server/MailBox/usecase/usecase.go:29.62,32.13 3 0
2019_2_Next_Level/internal/serverapi/server/MailBox/usecase/usecase.go:35.2,41.47 2 0
2019_2_Next_Level/internal/serverapi/server/MailBox/usecase/usecase.go:44.2,44.38 1 0
2019_2_Next_Level/internal/serverapi/server/MailBox/usecase/usecase.go:32.13,34.3 1 0
2019_2_Next_Level/internal/serverapi/server/MailBox/usecase/usecase.go:41.47,43.3 1 0
2019_2_Next_Level/internal/serverapi/server/MailBox/usecase/usecase.go:47.124,49.16 2 0
2019_2_Next_Level/internal/serverapi/server/MailBox/usecase/usecase.go:52.2,52.22 1 0
2019_2_Next_Level/internal/serverapi/server/MailBox/usecase/usecase.go:55.2,55.18 1 0
2019_2_Next_Level/internal/serverapi/server/MailBox/usecase/usecase.go:49.16,51.3 1 0
2019_2_Next_Level/internal/serverapi/server/MailBox/usecase/usecase.go:52.22,54.3 1 0
2019_2_Next_Level/internal/serverapi/server/MailBox/usecase/usecase.go:58.100,61.16 3 0
2019_2_Next_Level/internal/serverapi/server/MailBox/usecase/usecase.go:64.2,66.25 3 0
2019_2_Next_Level/internal/serverapi/server/MailBox/usecase/usecase.go:69.2,69.16 1 0
2019_2_Next_Level/internal/serverapi/server/MailBox/usecase/usecase.go:72.2,72.46 1 0
2019_2_Next_Level/internal/serverapi/server/MailBox/usecase/usecase.go:61.16,63.3 1 0
2019_2_Next_Level/internal/serverapi/server/MailBox/usecase/usecase.go:66.25,68.3 1 0
2019_2_Next_Level/internal/serverapi/server/MailBox/usecase/usecase.go:69.16,71.3 1 0
2019_2_Next_Level/internal/serverapi/server/MailBox/usecase/usecase.go:75.91,80.2 4 0
2019_2_Next_Level/internal/serverapi/server/MailBox/usecase/usecase.go:82.68,84.2 1 0
2019_2_Next_Level/internal/serverapi/server/MailBox/usecase/usecase.go:86.86,88.2 1 0
2019_2_Next_Level/internal/serverapi/server/MailBox/usecase/usecase.go:90.75,92.2 1 0
2019_2_Next_Level/internal/serverapi/server/MailBox/usecase/usecase.go:93.96,95.2 1 0
2019_2_Next_Level/internal/post/config.go:15.56,17.2 0 0
2019_2_Next_Level/internal/post/MailSender/daemon.go:17.76,23.2 4 0
2019_2_Next_Level/internal/post/MailSender/daemon.go:26.52,30.2 2 0
2019_2_Next_Level/internal/post/MailSender/daemon.go:33.37,35.36 2 0
2019_2_Next_Level/internal/post/MailSender/daemon.go:35.36,39.3 3 0
2019_2_Next_Level/internal/serverapi/server/Auth/http/AuthHandler.go:25.50,29.2 3 0
2019_2_Next_Level/internal/serverapi/server/Auth/http/AuthHandler.go:31.57,36.2 4 0
2019_2_Next_Level/internal/serverapi/server/Auth/http/AuthHandler.go:38.71,42.16 4 0
2019_2_Next_Level/internal/serverapi/server/Auth/http/AuthHandler.go:46.2,47.16 2 0
2019_2_Next_Level/internal/serverapi/server/Auth/http/AuthHandler.go:51.2,51.80 1 0
2019_2_Next_Level/internal/serverapi/server/Auth/http/AuthHandler.go:42.16,45.3 2 0
2019_2_Next_Level/internal/serverapi/server/Auth/http/AuthHandler.go:47.16,50.3 2 0
2019_2_Next_Level/internal/serverapi/server/Auth/http/AuthHandler.go:54.70,59.16 5 0
2019_2_Next_Level/internal/serverapi/server/Auth/http/AuthHandler.go:63.2,64.16 2 0
2019_2_Next_Level/internal/serverapi/server/Auth/http/AuthHandler.go:102.2,103.16 2 0
2019_2_Next_Level/internal/serverapi/server/Auth/http/AuthHandler.go:115.2,115.91 1 0
2019_2_Next_Level/internal/serverapi/server/Auth/http/AuthHandler.go:59.16,62.3 2 0
2019_2_Next_Level/internal/serverapi/server/Auth/http/AuthHandler.go:64.16,66.21 2 0
2019_2_Next_Level/internal/serverapi/server/Auth/http/AuthHandler.go:99.3,100.9 2 0
2019_2_Next_Level/internal/serverapi/server/Auth/http/AuthHandler.go:67.16,68.30 1 0
2019_2_Next_Level/internal/serverapi/server/Auth/http/AuthHandler.go:95.4,95.9 1 0
2019_2_Next_Level/internal/serverapi/server/Auth/http/AuthHandler.go:96.11,97.9 1 0
2019_2_Next_Level/internal/serverapi/server/Auth/http/AuthHandler.go:69.25,71.10 2 0
2019_2_Next_Level/internal/serverapi/server/Auth/http/AuthHandler.go:72.25,74.12 2 0
2019_2_Next_Level/internal/serverapi/server/Auth/http/AuthHandler.go:77.5,87.12 3 0
2019_2_Next_Level/internal/serverapi/server/Auth/http/AuthHandler.go:90.5,91.10 2 0
2019_2_Next_Level/internal/serverapi/server/Auth/http/AuthHandler.go:92.12,93.10 1 0
2019_2_Next_Level/internal/serverapi/server/Auth/http/AuthHandler.go:74.12,75.11 1 0
2019_2_Next_Level/internal/serverapi/server/Auth/http/AuthHandler.go:87.12,88.11 1 0
2019_2_Next_Level/internal/serverapi/server/Auth/http/AuthHandler.go:103.16,105.21 2 0
2019_2_Next_Level/internal/serverapi/server/Auth/http/AuthHandler.go:112.3,113.9 2 0
2019_2_Next_Level/internal/serverapi/server/Auth/http/AuthHandler.go:106.16,108.9 2 0
2019_2_Next_Level/internal/serverapi/server/Auth/http/AuthHandler.go:109.11,110.9 1 0
2019_2_Next_Level/internal/serverapi/server/Auth/http/AuthHandler.go:118.70,126.16 5 0
2019_2_Next_Level/internal/serverapi/server/Auth/http/AuthHandler.go:131.2,132.16 2 0
2019_2_Next_Level/internal/serverapi/server/Auth/http/AuthHandler.go:151.2,151.90 1 0
2019_2_Next_Level/internal/serverapi/server/Auth/http/AuthHandler.go:126.16,129.3 2 0
2019_2_Next_Level/internal/serverapi/server/Auth/http/AuthHandler.go:132.16,134.21 2 0
2019_2_Next_Level/internal/serverapi/server/Auth/http/AuthHandler.go:148.3,149.9 2 0
2019_2_Next_Level/internal/serverapi/server/Auth/http/AuthHandler.go:135.16,136.30 1 0
2019_2_Next_Level/internal/serverapi/server/Auth/http/AuthHandler.go:145.4,145.9 1 0
2019_2_Next_Level/internal/serverapi/server/Auth/http/AuthHandler.go:146.11,146.11 0 0
2019_2_Next_Level/internal/serverapi/server/Auth/http/AuthHandler.go:137.21,139.10 2 0
2019_2_Next_Level/internal/serverapi/server/Auth/http/AuthHandler.go:140.25,142.10 2 0
2019_2_Next_Level/internal/serverapi/server/Auth/http/AuthHandler.go:143.12,143.12 0 0
2019_2_Next_Level/internal/serverapi/server/Auth/http/AuthHandler.go:154.82,158.16 4 0
2019_2_Next_Level/internal/serverapi/server/Auth/http/AuthHandler.go:162.2,163.16 2 0
2019_2_Next_Level/internal/serverapi/server/Auth/http/AuthHandler.go:158.16,161.3 2 0
2019_2_Next_Level/internal/serverapi/server/Auth/http/AuthHandler.go:163.16,164.21 1 0
2019_2_Next_Level/internal/serverapi/server/Auth/http/AuthHandler.go:175.3,175.9 1 0
2019_2_Next_Level/internal/serverapi/server/Auth/http/AuthHandler.go:165.16,166.30 1 0
2019_2_Next_Level/internal/serverapi/server/Auth/http/AuthHandler.go:172.11,173.47 1 0
2019_2_Next_Level/internal/serverapi/server/Auth/http/AuthHandler.go:167.41,168.46 1 0
2019_2_Next_Level/internal/serverapi/server/Auth/http/AuthHandler.go:169.12,170.48 1 0
2019_2_Next_Level/internal/serverapi/server/Auth/http/AuthHandler.go:179.96,188.2 2 0
2019_2_Next_Level/internal/serverapi/server/User/repository/repository.go:20.48,22.17 2 0
2019_2_Next_Level/internal/serverapi/server/User/repository/repository.go:28.2,28.15 1 0
2019_2_Next_Level/internal/serverapi/server/User/repository/repository.go:22.17,24.17 2 0
2019_2_Next_Level/internal/serverapi/server/User/repository/repository.go:24.17,26.4 1 0
2019_2_Next_Level/internal/serverapi/server/User/repository/repository.go:31.43,43.16 11 0
2019_2_Next_Level/internal/serverapi/server/User/repository/repository.go:49.2,50.16 2 0
2019_2_Next_Level/internal/serverapi/server/User/repository/repository.go:53.2,54.12 2 0
2019_2_Next_Level/internal/serverapi/server/User/repository/repository.go:43.16,45.3 1 0
2019_2_Next_Level/internal/serverapi/server/User/repository/repository.go:50.16,52.3 1 0
2019_2_Next_Level/internal/serverapi/server/User/repository/repository.go:57.72,61.16 4 0
2019_2_Next_Level/internal/serverapi/server/User/repository/repository.go:64.2,66.16 3 0
2019_2_Next_Level/internal/serverapi/server/User/repository/repository.go:69.2,70.18 2 0
2019_2_Next_Level/internal/serverapi/server/User/repository/repository.go:61.16,63.3 1 0
2019_2_Next_Level/internal/serverapi/server/User/repository/repository.go:66.16,68.3 1 0
2019_2_Next_Level/internal/serverapi/server/User/repository/repository.go:73.69,76.17 3 0
2019_2_Next_Level/internal/serverapi/server/User/repository/repository.go:79.2,80.16 2 0
2019_2_Next_Level/internal/serverapi/server/User/repository/repository.go:83.2,83.12 1 0
2019_2_Next_Level/internal/serverapi/server/User/repository/repository.go:76.17,78.3 1 0
2019_2_Next_Level/internal/serverapi/server/User/repository/repository.go:80.16,82.3 1 0
2019_2_Next_Level/internal/serverapi/server/User/repository/repository.go:86.103,90.2 3 0
2019_2_Next_Level/internal/serverapi/server/User/repository/repository.go:92.87,98.16 5 0
2019_2_Next_Level/internal/serverapi/server/User/repository/repository.go:101.2,101.25 1 0
2019_2_Next_Level/internal/serverapi/server/User/repository/repository.go:98.16,100.3 1 0
2019_2_Next_Level/internal/serverapi/server/middleware/auth.go:13.75,14.46 1 0
2019_2_Next_Level/internal/serverapi/server/middleware/auth.go:14.46,15.72 1 0
2019_2_Next_Level/internal/serverapi/server/middleware/auth.go:15.72,17.18 2 0
2019_2_Next_Level/internal/serverapi/server/middleware/auth.go:21.4,22.18 2 0
2019_2_Next_Level/internal/serverapi/server/middleware/auth.go:27.4,28.24 2 0
2019_2_Next_Level/internal/serverapi/server/middleware/auth.go:17.18,20.5 2 0
2019_2_Next_Level/internal/serverapi/server/middleware/auth.go:22.18,26.5 3 0
2019_2_Next_Level/internal/Auth/usecase.go:15.49,17.2 1 0
2019_2_Next_Level/internal/Auth/usecase.go:19.109,21.16 2 0
2019_2_Next_Level/internal/Auth/usecase.go:24.2,24.57 1 0
2019_2_Next_Level/internal/Auth/usecase.go:21.16,23.3 1 0
2019_2_Next_Level/internal/Auth/usecase.go:27.100,31.16 3 0
2019_2_Next_Level/internal/Auth/usecase.go:35.2,35.66 1 0
2019_2_Next_Level/internal/Auth/usecase.go:31.16,33.3 1 0
2019_2_Next_Level/internal/Auth/usecase.go:38.109,40.16 2 0
2019_2_Next_Level/internal/Auth/usecase.go:43.2,43.49 1 0
2019_2_Next_Level/internal/Auth/usecase.go:40.16,42.3 1 0
2019_2_Next_Level/internal/Auth/usecase.go:46.107,48.16 2 0
2019_2_Next_Level/internal/Auth/usecase.go:51.2,51.42 1 0
2019_2_Next_Level/internal/Auth/usecase.go:48.16,50.3 1 0
2019_2_Next_Level/internal/Auth/usecase.go:54.116,56.16 2 0
2019_2_Next_Level/internal/Auth/usecase.go:60.2,64.42 4 0
2019_2_Next_Level/internal/Auth/usecase.go:56.16,58.3 1 0
2019_2_Next_Level/internal/Auth/usecase.go:67.115,69.16 2 0
2019_2_Next_Level/internal/Auth/usecase.go:72.2,72.42 1 0
2019_2_Next_Level/internal/Auth/usecase.go:69.16,71.3 1 0
2019_2_Next_Level/internal/Auth/usecase.go:75.111,82.2 5 0
2019_2_Next_Level/internal/Auth/usecase.go:84.73,86.16 2 0
2019_2_Next_Level/internal/Auth/usecase.go:89.2,89.71 1 0
2019_2_Next_Level/internal/Auth/usecase.go:92.2,92.12 1 0
2019_2_Next_Level/internal/Auth/usecase.go:86.16,88.3 1 0
2019_2_Next_Level/internal/Auth/usecase.go:89.71,91.3 1 0
2019_2_Next_Level/internal/Auth/usecase.go:95.52,97.2 1 0
2019_2_Next_Level/internal/MailPicker/log/log.go:7.36,9.2 1 0
2019_2_Next_Level/internal/MailPicker/log/log.go:11.24,12.16 1 0
2019_2_Next_Level/internal/MailPicker/log/log.go:15.2,15.12 1 0
2019_2_Next_Level/internal/MailPicker/log/log.go:12.16,14.3 1 0
2019_2_Next_Level/internal/post/MessageQueue/daemon.go:33.79,35.16 2 0
2019_2_Next_Level/internal/post/MessageQueue/daemon.go:51.2,56.12 6 0
2019_2_Next_Level/internal/post/MessageQueue/daemon.go:36.18,41.8 5 0
2019_2_Next_Level/internal/post/MessageQueue/daemon.go:42.19,47.8 5 0
2019_2_Next_Level/internal/post/MessageQueue/daemon.go:48.10,49.60 1 0
2019_2_Next_Level/internal/post/MessageQueue/daemon.go:60.52,65.58 4 0
2019_2_Next_Level/internal/post/MessageQueue/daemon.go:68.2,68.16 1 0
2019_2_Next_Level/internal/post/MessageQueue/daemon.go:65.58,67.3 1 0
2019_2_Next_Level/internal/post/MessageQueue/daemon.go:68.16,70.3 1 0
2019_2_Next_Level/internal/post/MessageQueue/daemon.go:75.32,77.6 2 0
2019_2_Next_Level/internal/post/MessageQueue/daemon.go:77.6,79.17 2 0
2019_2_Next_Level/internal/post/MessageQueue/daemon.go:79.17,81.4 1 0
2019_2_Next_Level/internal/post/MessageQueue/daemon.go:81.9,85.4 3 0
2019_2_Next_Level/internal/post/MessageQueue/daemon.go:90.32,92.6 2 0
2019_2_Next_Level/internal/post/MessageQueue/daemon.go:92.6,99.17 6 0
2019_2_Next_Level/internal/post/MessageQueue/daemon.go:102.3,102.6 1 0
2019_2_Next_Level/internal/post/MessageQueue/daemon.go:99.17,101.4 1 0
2019_2_Next_Level/internal/Auth/repository/postgres.go:16.38,18.2 1 1
2019_2_Next_Level/internal/Auth/repository/postgres.go:20.71,23.16 3 1
2019_2_Next_Level/internal/Auth/repository/postgres.go:26.2,28.16 3 1
2019_2_Next_Level/internal/Auth/repository/postgres.go:31.2,31.19 1 1
2019_2_Next_Level/internal/Auth/repository/postgres.go:23.16,25.3 1 0
2019_2_Next_Level/internal/Auth/repository/postgres.go:28.16,30.3 1 1
2019_2_Next_Level/internal/Auth/repository/postgres.go:34.71,35.40 1 1
2019_2_Next_Level/internal/Auth/repository/postgres.go:38.2,43.12 5 1
2019_2_Next_Level/internal/Auth/repository/postgres.go:35.40,37.3 1 1
2019_2_Next_Level/internal/Auth/repository/postgres.go:46.58,49.16 3 1
2019_2_Next_Level/internal/Auth/repository/postgres.go:52.2,52.12 1 1
2019_2_Next_Level/internal/Auth/repository/postgres.go:49.16,51.3 1 1
2019_2_Next_Level/internal/Auth/repository/postgres.go:55.63,58.16 3 1
2019_2_Next_Level/internal/Auth/repository/postgres.go:61.2,61.12 1 1
2019_2_Next_Level/internal/Auth/repository/postgres.go:58.16,60.3 1 1
2019_2_Next_Level/internal/Auth/repository/postgres.go:64.81,70.16 5 1
2019_2_Next_Level/internal/Auth/repository/postgres.go:73.2,73.25 1 1
2019_2_Next_Level/internal/Auth/repository/postgres.go:70.16,72.3 1 0
2019_2_Next_Level/internal/Auth/repository/postgres.go:76.97,80.2 3 1
2019_2_Next_Level/internal/Auth/repository/postgres.go:82.58,86.16 4 1
2019_2_Next_Level/internal/Auth/repository/postgres.go:89.2,89.16 1 1
2019_2_Next_Level/internal/Auth/repository/postgres.go:86.16,88.3 1 0
2019_2_Next_Level/internal/post/log/log.go:7.36,9.2 1 1
2019_2_Next_Level/internal/post/log/log.go:11.24,12.16 1 1
2019_2_Next_Level/internal/post/log/log.go:15.2,15.12 1 1
2019_2_Next_Level/internal/post/log/log.go:12.16,14.3 1 0
2019_2_Next_Level/internal/serverapi/server/MailBox/handlers/handlers.go:21.65,25.2 3 0
2019_2_Next_Level/internal/serverapi/server/MailBox/handlers/handlers.go:27.57,37.2 9 0
2019_2_Next_Level/internal/serverapi/server/MailBox/handlers/handlers.go:39.72,43.15 4 0
2019_2_Next_Level/internal/serverapi/server/MailBox/handlers/handlers.go:47.2,53.15 5 0
2019_2_Next_Level/internal/serverapi/server/MailBox/handlers/handlers.go:58.2,61.16 4 0
2019_2_Next_Level/internal/serverapi/server/MailBox/handlers/handlers.go:43.15,46.3 2 0
2019_2_Next_Level/internal/serverapi/server/MailBox/handlers/handlers.go:53.15,57.3 3 0
2019_2_Next_Level/internal/serverapi/server/MailBox/handlers/handlers.go:61.16,64.3 2 0
2019_2_Next_Level/internal/serverapi/server/MailBox/handlers/handlers.go:67.75,71.15 4 0
2019_2_Next_Level/internal/serverapi/server/MailBox/handlers/handlers.go:75.2,77.16 3 0
2019_2_Next_Level/internal/serverapi/server/MailBox/handlers/handlers.go:81.2,82.16 2 0
2019_2_Next_Level/internal/serverapi/server/MailBox/handlers/handlers.go:86.2,93.16 6 0
2019_2_Next_Level/internal/serverapi/server/MailBox/handlers/handlers.go:98.2,107.37 1 0
2019_2_Next_Level/internal/serverapi/server/MailBox/handlers/handlers.go:71.15,74.3 2 0
2019_2_Next_Level/internal/serverapi/server/MailBox/handlers/handlers.go:77.17,80.3 0 0
2019_2_Next_Level/internal/serverapi/server/MailBox/handlers/handlers.go:82.17,85.3 0 0
2019_2_Next_Level/internal/serverapi/server/MailBox/handlers/handlers.go:93.16,97.3 3 0
2019_2_Next_Level/internal/serverapi/server/MailBox/handlers/handlers.go:107.37,109.27 2 0
2019_2_Next_Level/internal/serverapi/server/MailBox/handlers/handlers.go:112.4,112.20 1 0
2019_2_Next_Level/internal/serverapi/server/MailBox/handlers/handlers.go:109.27,111.5 1 0
2019_2_Next_Level/internal/serverapi/server/MailBox/handlers/handlers.go:117.78,121.15 4 0
2019_2_Next_Level/internal/serverapi/server/MailBox/handlers/handlers.go:125.2,126.16 2 0
2019_2_Next_Level/internal/serverapi/server/MailBox/handlers/handlers.go:131.2,134.30 1 0
2019_2_Next_Level/internal/serverapi/server/MailBox/handlers/handlers.go:121.15,124.3 2 0
2019_2_Next_Level/internal/serverapi/server/MailBox/handlers/handlers.go:126.16,130.3 3 0
2019_2_Next_Level/internal/serverapi/server/MailBox/handlers/handlers.go:137.72,141.15 4 0
2019_2_Next_Level/internal/serverapi/server/MailBox/handlers/handlers.go:145.2,147.16 3 0
2019_2_Next_Level/internal/serverapi/server/MailBox/handlers/handlers.go:151.2,152.16 2 0
2019_2_Next_Level/internal/serverapi/server/MailBox/handlers/handlers.go:157.2,174.25 2 0
2019_2_Next_Level/internal/serverapi/server/MailBox/handlers/handlers.go:141.15,144.3 2 0
2019_2_Next_Level/internal/serverapi/server/MailBox/handlers/handlers.go:147.16,150.3 2 0
2019_2_Next_Level/internal/serverapi/server/MailBox/handlers/handlers.go:152.16,155.3 2 0
2019_2_Next_Level/internal/serverapi/server/MailBox/handlers/handlers.go:177.76,179.2 1 0
2019_2_Next_Level/internal/serverapi/server/MailBox/handlers/handlers.go:181.78,183.2 1 0
2019_2_Next_Level/internal/serverapi/server/MailBox/handlers/handlers.go:185.75,187.2 1 0
2019_2_Next_Level/internal/serverapi/server/MailBox/handlers/handlers.go:189.82,193.15 4 0
2019_2_Next_Level/internal/serverapi/server/MailBox/handlers/handlers.go:198.2,202.16 3 0
2019_2_Next_Level/internal/serverapi/server/MailBox/handlers/handlers.go:206.2,207.16 2 0
2019_2_Next_Level/internal/serverapi/server/MailBox/handlers/handlers.go:193.15,196.3 2 0
2019_2_Next_Level/internal/serverapi/server/MailBox/handlers/handlers.go:202.16,205.3 2 0
2019_2_Next_Level/internal/serverapi/server/MailBox/handlers/handlers.go:207.16,210.3 2 0
2019_2_Next_Level/internal/serverapi/server/MailBox/handlers/handlers.go:212.80,217.17 4 0
2019_2_Next_Level/internal/serverapi/server/MailBox/handlers/handlers.go:221.2,223.9 3 0
2019_2_Next_Level/internal/serverapi/server/MailBox/handlers/handlers.go:227.2,228.9 2 0
2019_2_Next_Level/internal/serverapi/server/MailBox/handlers/handlers.go:232.2,233.16 2 0
2019_2_Next_Level/internal/serverapi/server/MailBox/handlers/handlers.go:236.2,237.16 2 0
2019_2_Next_Level/internal/serverapi/server/MailBox/handlers/handlers.go:241.2,241.37 1 0
2019_2_Next_Level/internal/serverapi/server/MailBox/handlers/handlers.go:217.17,220.3 2 0
2019_2_Next_Level/internal/serverapi/server/MailBox/handlers/handlers.go:223.9,226.3 2 0
2019_2_Next_Level/internal/serverapi/server/MailBox/handlers/handlers.go:228.9,231.3 2 0
2019_2_Next_Level/internal/serverapi/server/MailBox/handlers/handlers.go:233.16,235.3 1 0
2019_2_Next_Level/internal/serverapi/server/MailBox/handlers/handlers.go:237.16,240.3 2 0
2019_2_Next_Level/internal/serverapi/server/MailBox/handlers/handlers.go:245.76,249.17 4 0
2019_2_Next_Level/internal/serverapi/server/MailBox/handlers/handlers.go:253.2,255.9 3 0
2019_2_Next_Level/internal/serverapi/server/MailBox/handlers/handlers.go:260.2,261.16 2 0
2019_2_Next_Level/internal/serverapi/server/MailBox/handlers/handlers.go:265.2,265.37 1 0
2019_2_Next_Level/internal/serverapi/server/MailBox/handlers/handlers.go:249.17,252.3 2 0
2019_2_Next_Level/internal/serverapi/server/MailBox/handlers/handlers.go:255.9,258.3 2 0
2019_2_Next_Level/internal/serverapi/server/MailBox/handlers/handlers.go:261.16,264.3 2 0
2019_2_Next_Level/internal/serverapi/server/MailBox/handlers/handlers.go:269.56,271.2 1 0
2019_2_Next_Level/internal/Auth/client.go:28.51,31.16 3 0
2019_2_Next_Level/internal/Auth/client.go:35.2,36.12 2 0
2019_2_Next_Level/internal/Auth/client.go:31.16,33.3 1 0
2019_2_Next_Level/internal/Auth/client.go:39.32,41.2 1 0
2019_2_Next_Level/internal/Auth/client.go:42.69,46.2 3 0
2019_2_Next_Level/internal/Auth/client.go:48.64,52.2 3 0
2019_2_Next_Level/internal/Auth/client.go:54.58,58.2 3 0
2019_2_Next_Level/internal/Auth/client.go:60.64,64.2 3 0
2019_2_Next_Level/internal/Auth/client.go:66.91,70.2 3 0
2019_2_Next_Level/internal/Auth/client.go:72.78,76.2 3 0
2019_2_Next_Level/internal/Auth/client.go:78.74,82.2 3 0
2019_2_Next_Level/internal/Auth/client.go:84.49,86.18 2 0
2019_2_Next_Level/internal/Auth/client.go:89.2,89.12 1 0
2019_2_Next_Level/internal/Auth/client.go:86.18,88.3 1 0
2019_2_Next_Level/internal/Auth/usecase.go:15.49,17.2 1 0
2019_2_Next_Level/internal/Auth/usecase.go:19.109,21.16 2 0
2019_2_Next_Level/internal/Auth/usecase.go:24.2,24.57 1 0
2019_2_Next_Level/internal/Auth/usecase.go:21.16,23.3 1 0
2019_2_Next_Level/internal/Auth/usecase.go:27.100,31.16 3 0
2019_2_Next_Level/internal/Auth/usecase.go:35.2,35.66 1 0
2019_2_Next_Level/internal/Auth/usecase.go:31.16,33.3 1 0
2019_2_Next_Level/internal/Auth/usecase.go:38.109,40.16 2 0
2019_2_Next_Level/internal/Auth/usecase.go:43.2,43.49 1 0
2019_2_Next_Level/internal/Auth/usecase.go:40.16,42.3 1 0
2019_2_Next_Level/internal/Auth/usecase.go:46.107,48.16 2 0
2019_2_Next_Level/internal/Auth/usecase.go:51.2,51.42 1 0
2019_2_Next_Level/internal/Auth/usecase.go:48.16,50.3 1 0
2019_2_Next_Level/internal/Auth/usecase.go:54.116,56.16 2 0
2019_2_Next_Level/internal/Auth/usecase.go:60.2,64.42 4 0
2019_2_Next_Level/internal/Auth/usecase.go:56.16,58.3 1 0
2019_2_Next_Level/internal/Auth/usecase.go:67.115,69.16 2 0
2019_2_Next_Level/internal/Auth/usecase.go:72.2,72.42 1 0
2019_2_Next_Level/internal/Auth/usecase.go:69.16,71.3 1 0
2019_2_Next_Level/internal/Auth/usecase.go:75.111,82.2 5 0
2019_2_Next_Level/internal/Auth/usecase.go:84.73,86.16 2 0
2019_2_Next_Level/internal/Auth/usecase.go:89.2,89.71 1 0
2019_2_Next_Level/internal/Auth/usecase.go:92.2,92.12 1 0
2019_2_Next_Level/internal/Auth/usecase.go:86.16,88.3 1 0
2019_2_Next_Level/internal/Auth/usecase.go:89.71,91.3 1 0
2019_2_Next_Level/internal/Auth/usecase.go:95.52,97.2 1 0
2019_2_Next_Level/internal/serverapi/server/User/http/handler.go:25.54,29.2 3 0
2019_2_Next_Level/internal/serverapi/server/User/http/handler.go:31.57,35.2 3 0
2019_2_Next_Level/internal/serverapi/server/User/http/handler.go:37.74,51.16 5 0
2019_2_Next_Level/internal/serverapi/server/User/http/handler.go:55.2,64.16 4 0
2019_2_Next_Level/internal/serverapi/server/User/http/handler.go:51.16,54.3 2 0
2019_2_Next_Level/internal/serverapi/server/User/http/handler.go:64.16,67.3 2 0
2019_2_Next_Level/internal/serverapi/server/User/http/handler.go:70.76,79.16 6 0
2019_2_Next_Level/internal/serverapi/server/User/http/handler.go:83.2,87.16 5 0
2019_2_Next_Level/internal/serverapi/server/User/http/handler.go:79.16,82.3 2 0
2019_2_Next_Level/internal/serverapi/server/User/http/handler.go:87.16,89.21 2 0
2019_2_Next_Level/internal/serverapi/server/User/http/handler.go:121.3,122.9 2 0
2019_2_Next_Level/internal/serverapi/server/User/http/handler.go:90.16,91.30 1 0
2019_2_Next_Level/internal/serverapi/server/User/http/handler.go:117.4,117.9 1 0
2019_2_Next_Level/internal/serverapi/server/User/http/handler.go:118.11,119.9 1 0
2019_2_Next_Level/internal/serverapi/server/User/http/handler.go:92.25,94.12 2 0
2019_2_Next_Level/internal/serverapi/server/User/http/handler.go:97.5,107.12 3 0
2019_2_Next_Level/internal/serverapi/server/User/http/handler.go:110.5,111.10 2 0
2019_2_Next_Level/internal/serverapi/server/User/http/handler.go:112.24,113.10 1 0
2019_2_Next_Level/internal/serverapi/server/User/http/handler.go:114.12,115.10 1 0
2019_2_Next_Level/internal/serverapi/server/User/http/handler.go:94.12,95.11 1 0
2019_2_Next_Level/internal/serverapi/server/User/http/handler.go:107.12,108.11 1 0
2019_2_Next_Level/internal/serverapi/server/User/http/handler.go:127.80,137.16 5 0
2019_2_Next_Level/internal/serverapi/server/User/http/handler.go:141.2,142.16 2 0
2019_2_Next_Level/internal/serverapi/server/User/http/handler.go:137.16,140.3 2 0
2019_2_Next_Level/internal/serverapi/server/User/http/handler.go:142.16,145.21 2 0
2019_2_Next_Level/internal/serverapi/server/User/http/handler.go:162.3,162.37 1 0
2019_2_Next_Level/internal/serverapi/server/User/http/handler.go:146.16,154.11 4 0
2019_2_Next_Level/internal/serverapi/server/User/http/handler.go:157.4,157.17 1 0
2019_2_Next_Level/internal/serverapi/server/User/http/handler.go:158.11,159.9 1 0
2019_2_Next_Level/internal/serverapi/server/User/http/handler.go:154.11,155.10 1 0
2019_2_Next_Level/internal/serverapi/server/User/http/handler.go:166.55,168.2 1 0
2019_2_Next_Level/internal/post/model.go:14.36,16.2 1 0
2019_2_Next_Level/internal/serverapi/server/Auth/repository/repository.go:19.48,21.17 2 0
2019_2_Next_Level/internal/serverapi/server/Auth/repository/repository.go:27.2,27.15 1 0
2019_2_Next_Level/internal/serverapi/server/Auth/repository/repository.go:21.17,23.17 2 0
2019_2_Next_Level/internal/serverapi/server/Auth/repository/repository.go:23.17,25.4 1 0
2019_2_Next_Level/internal/serverapi/server/Auth/repository/repository.go:30.43,42.16 11 0
2019_2_Next_Level/internal/serverapi/server/Auth/repository/repository.go:48.2,49.16 2 0
2019_2_Next_Level/internal/serverapi/server/Auth/repository/repository.go:52.2,53.12 2 0
2019_2_Next_Level/internal/serverapi/server/Auth/repository/repository.go:42.16,44.3 1 0
2019_2_Next_Level/internal/serverapi/server/Auth/repository/repository.go:49.16,51.3 1 0
2019_2_Next_Level/internal/serverapi/server/Auth/repository/repository.go:56.70,57.40 1 0
2019_2_Next_Level/internal/serverapi/server/Auth/repository/repository.go:60.2,65.16 5 0
2019_2_Next_Level/internal/serverapi/server/Auth/repository/repository.go:68.2,68.12 1 0
2019_2_Next_Level/internal/serverapi/server/Auth/repository/repository.go:57.40,59.3 1 0
2019_2_Next_Level/internal/serverapi/server/Auth/repository/repository.go:65.16,67.3 1 0
2019_2_Next_Level/internal/serverapi/server/Auth/repository/repository.go:71.61,74.16 3 0
2019_2_Next_Level/internal/serverapi/server/Auth/repository/repository.go:77.2,77.12 1 0
2019_2_Next_Level/internal/serverapi/server/Auth/repository/repository.go:74.16,76.3 1 0
2019_2_Next_Level/internal/serverapi/server/Auth/repository/repository.go:80.77,83.16 3 0
2019_2_Next_Level/internal/serverapi/server/Auth/repository/repository.go:86.2,88.16 3 0
2019_2_Next_Level/internal/serverapi/server/Auth/repository/repository.go:91.2,91.19 1 0
2019_2_Next_Level/internal/serverapi/server/Auth/repository/repository.go:83.16,85.3 1 0
2019_2_Next_Level/internal/serverapi/server/Auth/repository/repository.go:88.16,90.3 1 0
2019_2_Next_Level/internal/serverapi/server/Auth/repository/repository.go:94.65,99.17 3 0
2019_2_Next_Level/internal/serverapi/server/Auth/repository/repository.go:102.2,104.16 3 0
2019_2_Next_Level/internal/serverapi/server/Auth/repository/repository.go:107.2,107.12 1 0
2019_2_Next_Level/internal/serverapi/server/Auth/repository/repository.go:99.17,101.3 1 0
2019_2_Next_Level/internal/serverapi/server/Auth/repository/repository.go:104.16,106.3 1 0
2019_2_Next_Level/internal/serverapi/server/Auth/repository/repository.go:110.81,116.16 5 0
2019_2_Next_Level/internal/serverapi/server/Auth/repository/repository.go:119.2,119.35 1 0
2019_2_Next_Level/internal/serverapi/server/Auth/repository/repository.go:116.16,118.3 1 0
2019_2_Next_Level/internal/serverapi/server/Auth/repository/repository.go:122.64,126.16 4 0
2019_2_Next_Level/internal/serverapi/server/Auth/repository/repository.go:129.2,129.16 1 0
2019_2_Next_Level/internal/serverapi/server/Auth/repository/repository.go:126.16,128.3 1 0
2019_2_Next_Level/internal/serverapi/server/Auth/usecase/usecase.go:15.85,19.2 3 0
2019_2_Next_Level/internal/serverapi/server/Auth/usecase/usecase.go:26.59,28.2 1 0
2019_2_Next_Level/internal/serverapi/server/Auth/usecase/usecase.go:30.62,33.2 2 0
2019_2_Next_Level/internal/serverapi/server/Auth/usecase/usecase.go:35.49,37.2 1 0
2019_2_Next_Level/internal/serverapi/server/Auth/usecase/usecase.go:39.53,41.16 2 0
2019_2_Next_Level/internal/serverapi/server/Auth/usecase/usecase.go:58.2,59.12 2 0
2019_2_Next_Level/internal/serverapi/server/Auth/usecase/usecase.go:41.16,42.21 1 0
2019_2_Next_Level/internal/serverapi/server/Auth/usecase/usecase.go:43.16,44.30 1 0
2019_2_Next_Level/internal/serverapi/server/Auth/usecase/usecase.go:53.4,53.9 1 0
2019_2_Next_Level/internal/serverapi/server/Auth/usecase/usecase.go:54.11,55.45 1 0
2019_2_Next_Level/internal/serverapi/server/Auth/usecase/usecase.go:45.25,46.15 1 0
2019_2_Next_Level/internal/serverapi/server/Auth/usecase/usecase.go:48.96,49.60 1 0
2019_2_Next_Level/internal/serverapi/server/Auth/usecase/usecase.go:50.12,51.46 1 0
2019_2_Next_Level/internal/serverapi/server/Auth/usecase/usecase.go:62.70,64.16 2 0
2019_2_Next_Level/internal/serverapi/server/Auth/usecase/usecase.go:67.2,69.44 2 0
2019_2_Next_Level/internal/serverapi/server/Auth/usecase/usecase.go:64.16,66.3 1 0
2019_2_Next_Level/internal/serverapi/server/User/repository/repository.go:20.48,22.17 2 0
2019_2_Next_Level/internal/serverapi/server/User/repository/repository.go:28.2,28.15 1 0
2019_2_Next_Level/internal/serverapi/server/User/repository/repository.go:22.17,24.17 2 0
2019_2_Next_Level/internal/serverapi/server/User/repository/repository.go:24.17,26.4 1 0
2019_2_Next_Level/internal/serverapi/server/User/repository/repository.go:31.43,43.16 11 0
2019_2_Next_Level/internal/serverapi/server/User/repository/repository.go:49.2,50.16 2 0
2019_2_Next_Level/internal/serverapi/server/User/repository/repository.go:53.2,54.12 2 0
2019_2_Next_Level/internal/serverapi/server/User/repository/repository.go:43.16,45.3 1 0
2019_2_Next_Level/internal/serverapi/server/User/repository/repository.go:50.16,52.3 1 0
2019_2_Next_Level/internal/serverapi/server/User/repository/repository.go:57.72,61.16 4 0
2019_2_Next_Level/internal/serverapi/server/User/repository/repository.go:64.2,66.16 3 0
2019_2_Next_Level/internal/serverapi/server/User/repository/repository.go:69.2,70.18 2 0
2019_2_Next_Level/internal/serverapi/server/User/repository/repository.go:61.16,63.3 1 0
2019_2_Next_Level/internal/serverapi/server/User/repository/repository.go:66.16,68.3 1 0
2019_2_Next_Level/internal/serverapi/server/User/repository/repository.go:73.69,76.17 3 0
2019_2_Next_Level/internal/serverapi/server/User/repository/repository.go:79.2,80.16 2 0
2019_2_Next_Level/internal/serverapi/server/User/repository/repository.go:83.2,83.12 1 0
2019_2_Next_Level/internal/serverapi/server/User/repository/repository.go:76.17,78.3 1 0
2019_2_Next_Level/internal/serverapi/server/User/repository/repository.go:80.16,82.3 1 0
2019_2_Next_Level/internal/serverapi/server/User/repository/repository.go:86.103,90.2 3 0
2019_2_Next_Level/internal/serverapi/server/User/repository/repository.go:92.87,98.16 5 0
2019_2_Next_Level/internal/serverapi/server/User/repository/repository.go:101.2,101.25 1 0
2019_2_Next_Level/internal/serverapi/server/User/repository/repository.go:98.16,100.3 1 0
2019_2_Next_Level/internal/Auth/crypto.go:10.64,12.2 1 0
2019_2_Next_Level/internal/Auth/crypto.go:14.36,16.2 1 0
2019_2_Next_Level/internal/Auth/crypto.go:18.68,21.2 2 0
2019_2_Next_Level/internal/model/email.go:26.38,28.2 1 0
2019_2_Next_Level/internal/model/email.go:30.36,32.2 1 0
2019_2_Next_Level/internal/model/email.go:34.54,39.2 4 0
2019_2_Next_Level/internal/model/email.go:41.42,48.2 2 0
2019_2_Next_Level/internal/model/email.go:50.52,52.17 2 0
2019_2_Next_Level/internal/model/email.go:55.2,57.20 3 0
2019_2_Next_Level/internal/model/email.go:52.17,54.3 1 0
2019_2_Next_Level/internal/model/email.go:60.28,68.2 1 0
2019_2_Next_Level/internal/Auth/repository/postgres.go:16.38,18.2 1 0
2019_2_Next_Level/internal/Auth/repository/postgres.go:20.71,23.16 3 0
2019_2_Next_Level/internal/Auth/repository/postgres.go:26.2,28.16 3 0
2019_2_Next_Level/internal/Auth/repository/postgres.go:31.2,31.19 1 0
2019_2_Next_Level/internal/Auth/repository/postgres.go:23.16,25.3 1 0
2019_2_Next_Level/internal/Auth/repository/postgres.go:28.16,30.3 1 0
2019_2_Next_Level/internal/Auth/repository/postgres.go:34.71,35.40 1 0
2019_2_Next_Level/internal/Auth/repository/postgres.go:38.2,43.12 5 0
2019_2_Next_Level/internal/Auth/repository/postgres.go:35.40,37.3 1 0
2019_2_Next_Level/internal/Auth/repository/postgres.go:46.58,49.16 3 0
2019_2_Next_Level/internal/Auth/repository/postgres.go:52.2,52.12 1 0
2019_2_Next_Level/internal/Auth/repository/postgres.go:49.16,51.3 1 0
2019_2_Next_Level/internal/Auth/repository/postgres.go:55.63,58.16 3 0
2019_2_Next_Level/internal/Auth/repository/postgres.go:61.2,61.12 1 0
2019_2_Next_Level/internal/Auth/repository/postgres.go:58.16,60.3 1 0
2019_2_Next_Level/internal/Auth/repository/postgres.go:64.81,70.16 5 0
2019_2_Next_Level/internal/Auth/repository/postgres.go:73.2,73.25 1 0
2019_2_Next_Level/internal/Auth/repository/postgres.go:70.16,72.3 1 0
2019_2_Next_Level/internal/Auth/repository/postgres.go:76.97,80.2 3 0
2019_2_Next_Level/internal/Auth/repository/postgres.go:82.58,86.16 4 0
2019_2_Next_Level/internal/Auth/repository/postgres.go:89.2,89.16 1 0
2019_2_Next_Level/internal/Auth/repository/postgres.go:86.16,88.3 1 0
2019_2_Next_Level/internal/serverapi/server/config/config.go:18.48,21.2 2 0
2019_2_Next_Level/internal/serverapi/server/Auth/http/response.go:17.51,19.2 1 0
2019_2_Next_Level/internal/serverapi/server/Auth/http/response.go:26.45,28.2 1 0
2019_2_Next_Level/internal/serverapi/server/MailBox/usecase/usecase.go:21.104,28.2 4 0
2019_2_Next_Level/internal/serverapi/server/MailBox/usecase/usecase.go:29.62,32.13 3 0
2019_2_Next_Level/internal/serverapi/server/MailBox/usecase/usecase.go:35.2,41.47 2 0
2019_2_Next_Level/internal/serverapi/server/MailBox/usecase/usecase.go:44.2,44.38 1 0
2019_2_Next_Level/internal/serverapi/server/MailBox/usecase/usecase.go:32.13,34.3 1 0
2019_2_Next_Level/internal/serverapi/server/MailBox/usecase/usecase.go:41.47,43.3 1 0
2019_2_Next_Level/internal/serverapi/server/MailBox/usecase/usecase.go:47.124,49.16 2 0
2019_2_Next_Level/internal/serverapi/server/MailBox/usecase/usecase.go:52.2,52.22 1 0
2019_2_Next_Level/internal/serverapi/server/MailBox/usecase/usecase.go:55.2,55.18 1 0
2019_2_Next_Level/internal/serverapi/server/MailBox/usecase/usecase.go:49.16,51.3 1 0
2019_2_Next_Level/internal/serverapi/server/MailBox/usecase/usecase.go:52.22,54.3 1 0
2019_2_Next_Level/internal/serverapi/server/MailBox/usecase/usecase.go:58.100,61.16 3 0
2019_2_Next_Level/internal/serverapi/server/MailBox/usecase/usecase.go:64.2,66.25 3 0
2019_2_Next_Level/internal/serverapi/server/MailBox/usecase/usecase.go:69.2,69.16 1 0
2019_2_Next_Level/internal/serverapi/server/MailBox/usecase/usecase.go:72.2,72.46 1 0
2019_2_Next_Level/internal/serverapi/server/MailBox/usecase/usecase.go:61.16,63.3 1 0
2019_2_Next_Level/internal/serverapi/server/MailBox/usecase/usecase.go:66.25,68.3 1 0
2019_2_Next_Level/internal/serverapi/server/MailBox/usecase/usecase.go:69.16,71.3 1 0
2019_2_Next_Level/internal/serverapi/server/MailBox/usecase/usecase.go:75.91,80.2 4 0
2019_2_Next_Level/internal/serverapi/server/MailBox/usecase/usecase.go:82.68,84.2 1 0
2019_2_Next_Level/internal/serverapi/server/MailBox/usecase/usecase.go:86.86,88.2 1 0
2019_2_Next_Level/internal/serverapi/server/MailBox/usecase/usecase.go:90.75,92.2 1 0
2019_2_Next_Level/internal/serverapi/server/MailBox/usecase/usecase.go:93.96,95.2 1 0
2019_2_Next_Level/internal/post/smtpd/daemon.go:30.75,32.20 1 0
2019_2_Next_Level/internal/post/smtpd/daemon.go:41.2,51.12 8 0
2019_2_Next_Level/internal/post/smtpd/daemon.go:32.20,33.52 1 0
2019_2_Next_Level/internal/post/smtpd/daemon.go:33.52,35.4 1 0
2019_2_Next_Level/internal/post/smtpd/daemon.go:35.9,37.4 1 0
2019_2_Next_Level/internal/post/smtpd/daemon.go:38.8,40.3 1 0
2019_2_Next_Level/internal/post/smtpd/daemon.go:54.73,58.2 3 0
2019_2_Next_Level/internal/post/smtpd/daemon.go:61.48,68.9 6 0
2019_2_Next_Level/internal/post/smtpd/daemon.go:69.20,71.9 2 0
2019_2_Next_Level/internal/post/smtpd/daemon.go:75.34,76.54 1 0
2019_2_Next_Level/internal/post/smtpd/daemon.go:76.54,79.3 2 0
2019_2_Next_Level/internal/post/smtpd/daemon.go:82.40,83.36 1 0
2019_2_Next_Level/internal/post/smtpd/daemon.go:83.36,84.24 1 0
2019_2_Next_Level/internal/post/smtpd/daemon.go:88.3,90.39 3 0
2019_2_Next_Level/internal/post/smtpd/daemon.go:84.24,86.12 2 0
2019_2_Next_Level/internal/post/smtpd/daemon.go:95.25,96.41 1 0
2019_2_Next_Level/internal/post/smtpd/daemon.go:96.41,101.17 4 0
2019_2_Next_Level/internal/post/smtpd/daemon.go:104.3,104.28 1 0
2019_2_Next_Level/internal/post/smtpd/daemon.go:101.17,103.4 1 0
2019_2_Next_Level/internal/post/smtpd/daemon.go:108.39,109.6 1 0
2019_2_Next_Level/internal/post/smtpd/daemon.go:109.6,180.3 3 0
2019_2_Next_Level/internal/Auth/log/log.go:7.36,9.2 1 0
2019_2_Next_Level/internal/Auth/log/log.go:11.24,12.16 1 0
2019_2_Next_Level/internal/Auth/log/log.go:15.2,15.12 1 0
2019_2_Next_Level/internal/Auth/log/log.go:12.16,14.3 1 0
2019_2_Next_Level/internal/postInterface/implementation.go:19.72,21.2 1 0
2019_2_Next_Level/internal/postInterface/implementation.go:23.30,26.16 3 0
2019_2_Next_Level/internal/postInterface/implementation.go:31.2,31.50 1 0
2019_2_Next_Level/internal/postInterface/implementation.go:26.16,29.3 2 0
2019_2_Next_Level/internal/postInterface/implementation.go:34.33,36.2 1 0
2019_2_Next_Level/internal/postInterface/implementation.go:38.51,43.2 4 0
2019_2_Next_Level/internal/postInterface/implementation.go:45.49,47.16 2 0
2019_2_Next_Level/internal/postInterface/implementation.go:51.2,51.46 1 0
2019_2_Next_Level/internal/postInterface/implementation.go:47.16,49.3 1 0
2019_2_Next_Level/internal/serverapi/server/MailBox/models/mail.go:17.42,22.18 5 0
2019_2_Next_Level/internal/serverapi/server/MailBox/models/mail.go:27.2,27.11 1 0
2019_2_Next_Level/internal/serverapi/server/MailBox/models/mail.go:22.18,24.3 1 0
2019_2_Next_Level/internal/serverapi/server/MailBox/models/mail.go:24.7,26.3 1 0
2019_2_Next_Level/internal/serverapi/server/MailBox/models/mail.go:41.58,51.2 9 0
2019_2_Next_Level/internal/serverapi/server/daemon.go:31.42,39.78 6 0
2019_2_Next_Level/internal/serverapi/server/daemon.go:44.2,61.12 7 0
2019_2_Next_Level/internal/serverapi/server/daemon.go:39.78,42.3 2 0
2019_2_Next_Level/internal/serverapi/server/daemon.go:64.40,67.101 3 0
2019_2_Next_Level/internal/serverapi/server/daemon.go:69.2,80.74 9 0
2019_2_Next_Level/internal/serverapi/server/daemon.go:67.102,67.103 0 0
2019_2_Next_Level/internal/serverapi/server/daemon.go:80.74,83.3 2 0
2019_2_Next_Level/internal/serverapi/server/daemon.go:87.52,89.16 2 0
2019_2_Next_Level/internal/serverapi/server/daemon.go:93.2,95.16 3 0
2019_2_Next_Level/internal/serverapi/server/daemon.go:98.2,101.21 4 0
2019_2_Next_Level/internal/serverapi/server/daemon.go:89.16,92.3 2 0
2019_2_Next_Level/internal/serverapi/server/daemon.go:95.16,97.3 1 0
2019_2_Next_Level/internal/serverapi/server/daemon.go:104.39,106.16 2 0
2019_2_Next_Level/internal/serverapi/server/daemon.go:110.2,112.16 3 0
2019_2_Next_Level/internal/serverapi/server/daemon.go:115.2,117.35 3 0
2019_2_Next_Level/internal/serverapi/server/daemon.go:106.16,109.3 2 0
2019_2_Next_Level/internal/serverapi/server/daemon.go:112.16,114.3 1 0
2019_2_Next_Level/internal/serverapi/server/daemon.go:120.39,123.16 3 0
2019_2_Next_Level/internal/serverapi/server/daemon.go:127.2,131.31 5 0
2019_2_Next_Level/internal/serverapi/server/daemon.go:123.16,126.3 2 0
2019_2_Next_Level/internal/post/MailSender/daemon.go:17.76,23.2 4 1
2019_2_Next_Level/internal/post/MailSender/daemon.go:26.52,30.2 2 1
2019_2_Next_Level/internal/post/MailSender/daemon.go:33.37,35.36 2 1
2019_2_Next_Level/internal/post/MailSender/daemon.go:35.36,39.3 3 1
2019_2_Next_Level/internal/post/config.go:15.56,17.2 0 0
2019_2_Next_Level/internal/model/user.go:22.26,23.23 1 0
2019_2_Next_Level/internal/model/user.go:23.23,25.3 1 0
2019_2_Next_Level/internal/model/user.go:27.78,34.2 6 0
2019_2_Next_Level/internal/model/user.go:36.30,45.2 1 0
2019_2_Next_Level/internal/post/smtpd/outcoming.go:20.89,22.2 1 0
2019_2_Next_Level/internal/post/smtpd/outcoming.go:24.88,31.16 3 0
2019_2_Next_Level/internal/post/smtpd/outcoming.go:35.2,36.16 2 0
2019_2_Next_Level/internal/post/smtpd/outcoming.go:39.2,39.12 1 0
2019_2_Next_Level/internal/post/smtpd/outcoming.go:31.16,33.3 1 0
2019_2_Next_Level/internal/post/smtpd/outcoming.go:36.16,38.3 1 0
2019_2_Next_Level/internal/post/smtpd/outcoming.go:42.52,45.16 3 0
2019_2_Next_Level/internal/post/smtpd/outcoming.go:49.2,54.33 4 0
2019_2_Next_Level/internal/post/smtpd/outcoming.go:57.2,58.30 2 0
2019_2_Next_Level/internal/post/smtpd/outcoming.go:61.2,63.8 2 0
2019_2_Next_Level/internal/post/smtpd/outcoming.go:45.16,47.3 1 0
2019_2_Next_Level/internal/post/smtpd/outcoming.go:54.33,56.3 1 0
2019_2_Next_Level/internal/post/smtpd/outcoming.go:58.30,60.3 1 0
2019_2_Next_Level/internal/post/smtpd/outcoming.go:67.45,69.16 2 0
2019_2_Next_Level/internal/post/smtpd/outcoming.go:72.2,72.19 1 0
2019_2_Next_Level/internal/post/smtpd/outcoming.go:69.16,71.3 1 0
2019_2_Next_Level/internal/post/smtpd/outcoming.go:75.39,79.2 2 0
2019_2_Next_Level/internal/post/smtpd/outcoming.go:81.82,91.27 9 0
2019_2_Next_Level/internal/post/smtpd/outcoming.go:94.2,96.24 2 0
2019_2_Next_Level/internal/post/smtpd/outcoming.go:91.27,93.3 1 0
2019_2_Next_Level/internal/serverapi/server/User/usecase/usecase.go:10.82,14.2 3 0
2019_2_Next_Level/internal/serverapi/server/User/usecase/usecase.go:20.65,22.16 2 0
2019_2_Next_Level/internal/serverapi/server/User/usecase/usecase.go:31.2,35.18 4 0
2019_2_Next_Level/internal/serverapi/server/User/usecase/usecase.go:22.16,23.21 1 0
2019_2_Next_Level/internal/serverapi/server/User/usecase/usecase.go:29.3,29.49 1 0
2019_2_Next_Level/internal/serverapi/server/User/usecase/usecase.go:24.16,25.20 1 0
2019_2_Next_Level/internal/serverapi/server/User/usecase/usecase.go:26.11,27.9 1 0
2019_2_Next_Level/internal/serverapi/server/User/usecase/usecase.go:37.56,40.16 3 0
2019_2_Next_Level/internal/serverapi/server/User/usecase/usecase.go:50.2,50.12 1 0
2019_2_Next_Level/internal/serverapi/server/User/usecase/usecase.go:40.16,41.21 1 0
2019_2_Next_Level/internal/serverapi/server/User/usecase/usecase.go:47.3,47.44 1 0
2019_2_Next_Level/internal/serverapi/server/User/usecase/usecase.go:42.16,43.14 1 0
2019_2_Next_Level/internal/serverapi/server/User/usecase/usecase.go:44.11,45.9 1 0
2019_2_Next_Level/internal/serverapi/server/User/usecase/usecase.go:52.88,54.2 1 0
2019_2_Next_Level/internal/serverapi/server/middleware/auth.go:13.75,14.46 1 0
2019_2_Next_Level/internal/serverapi/server/middleware/auth.go:14.46,15.72 1 0
2019_2_Next_Level/internal/serverapi/server/middleware/auth.go:15.72,17.18 2 0
2019_2_Next_Level/internal/serverapi/server/middleware/auth.go:21.4,22.18 2 0
2019_2_Next_Level/internal/serverapi/server/middleware/auth.go:27.4,28.24 2 0
2019_2_Next_Level/internal/serverapi/server/middleware/auth.go:17.18,20.5 2 0
2019_2_Next_Level/internal/serverapi/server/middleware/auth.go:22.18,26.5 3 0
2019_2_Next_Level/internal/post/channels.go:8.44,12.2 3 1
2019_2_Next_Level/internal/model/postgres.go:15.46,17.2 1 0
2019_2_Next_Level/internal/model/postgres.go:19.82,25.16 5 0
2019_2_Next_Level/internal/model/postgres.go:29.2,29.20 1 0
2019_2_Next_Level/internal/model/postgres.go:25.16,27.3 1 0
2019_2_Next_Level/internal/post/MessageQueue/daemon.go:33.79,35.16 2 0
2019_2_Next_Level/internal/post/MessageQueue/daemon.go:51.2,56.12 6 0
2019_2_Next_Level/internal/post/MessageQueue/daemon.go:36.18,41.8 5 0
2019_2_Next_Level/internal/post/MessageQueue/daemon.go:42.19,47.8 5 0
2019_2_Next_Level/internal/post/MessageQueue/daemon.go:48.10,49.60 1 0
2019_2_Next_Level/internal/post/MessageQueue/daemon.go:60.52,65.58 4 0
2019_2_Next_Level/internal/post/MessageQueue/daemon.go:68.2,68.16 1 0
2019_2_Next_Level/internal/post/MessageQueue/daemon.go:65.58,67.3 1 0
[...]
2019_2_Next_Level/internal/MailPicker/daemon.go:54.50,57.3 2 0
2019_2_Next_Level/internal/MailPicker/daemon.go:60.48,63.3 2 0
2019_2_Next_Level/internal/MailPicker/daemon.go:65.11,68.3 2 0
2019_2_Next_Level/internal/MailPicker/daemon.go:69.6,70.10 1 0
2019_2_Next_Level/internal/MailPicker/daemon.go:85.4,85.10 1 0
2019_2_Next_Level/internal/MailPicker/daemon.go:71.29,73.10 2 0
2019_2_Next_Level/internal/MailPicker/daemon.go:80.4,80.12 1 0
2019_2_Next_Level/internal/MailPicker/daemon.go:81.4,81.9 1 0
2019_2_Next_Level/internal/MailPicker/daemon.go:82.21,83.10 1 0
2019_2_Next_Level/internal/MailPicker/daemon.go:73.10,79.5 5 0
2019_2_Next_Level/internal/serverapi/config/config.go:14.48,16.19 2 0
2019_2_Next_Level/internal/serverapi/config/config.go:32.2,32.32 1 0
2019_2_Next_Level/internal/serverapi/config/config.go:16.19,18.10 2 0
2019_2_Next_Level/internal/serverapi/config/config.go:22.3,23.10 2 0
2019_2_Next_Level/internal/serverapi/config/config.go:27.3,27.24 1 0
2019_2_Next_Level/internal/serverapi/config/config.go:18.10,21.4 2 0
2019_2_Next_Level/internal/serverapi/config/config.go:23.10,26.4 2 0
2019_2_Next_Level/internal/serverapi/config/config.go:28.8,31.3 2 0
2019_2_Next_Level/internal/serverapi/config/config.go:43.44,46.2 2 0
2019_2_Next_Level/internal/serverapi/server/MailBox/models/mail.go:17.42,22.18 5 0
2019_2_Next_Level/internal/serverapi/server/MailBox/models/mail.go:27.2,27.11 1 0
2019_2_Next_Level/internal/serverapi/server/MailBox/models/mail.go:22.18,24.3 1 0
2019_2_Next_Level/internal/serverapi/server/MailBox/models/mail.go:24.7,26.3 1 0
2019_2_Next_Level/internal/serverapi/server/MailBox/models/mail.go:41.58,51.2 9 0
2019_2_Next_Level/internal/serverapi/server/User/repository/repository.go:20.48,22.17 2 0
2019_2_Next_Level/internal/serverapi/server/User/repository/repository.go:28.2,28.15 1 0
2019_2_Next_Level/internal/serverapi/server/User/repository/repository.go:22.17,24.17 2 0
2019_2_Next_Level/internal/serverapi/server/User/repository/repository.go:24.17,26.4 1 0
2019_2_Next_Level/internal/serverapi/server/User/repository/repository.go:31.43,43.16 11 0
2019_2_Next_Level/internal/serverapi/server/User/repository/repository.go:49.2,50.16 2 0
2019_2_Next_Level/internal/serverapi/server/User/repository/repository.go:53.2,54.12 2 0
2019_2_Next_Level/internal/serverapi/server/User/repository/repository.go:43.16,45.3 1 0
2019_2_Next_Level/internal/serverapi/server/User/repository/repository.go:50.16,52.3 1 0
2019_2_Next_Level/internal/serverapi/server/User/repository/repository.go:57.72,61.16 4 0
2019_2_Next_Level/internal/serverapi/server/User/repository/repository.go:64.2,66.16 3 0
2019_2_Next_Level/internal/serverapi/server/User/repository/repository.go:69.2,70.18 2 0
2019_2_Next_Level/internal/serverapi/server/User/repository/repository.go:61.16,63.3 1 0
2019_2_Next_Level/internal/serverapi/server/User/repository/repository.go:66.16,68.3 1 0
2019_2_Next_Level/internal/serverapi/server/User/repository/repository.go:73.69,76.17 3 0
2019_2_Next_Level/internal/serverapi/server/User/repository/repository.go:79.2,80.16 2 0
2019_2_Next_Level/internal/serverapi/server/User/repository/repository.go:83.2,83.12 1 0
2019_2_Next_Level/internal/serverapi/server/User/repository/repository.go:76.17,78.3 1 0
2019_2_Next_Level/internal/serverapi/server/User/repository/repository.go:80.16,82.3 1 0
2019_2_Next_Level/internal/serverapi/server/User/repository/repository.go:86.103,90.2 3 0
2019_2_Next_Level/internal/serverapi/server/User/repository/repository.go:92.87,98.16 5 0
2019_2_Next_Level/internal/serverapi/server/User/repository/repository.go:101.2,101.25 1 0
2019_2_Next_Level/internal/serverapi/server/User/repository/repository.go:98.16,100.3 1 0
2019_2_Next_Level/internal/serverapi/server/daemon.go:31.42,39.78 6 0
2019_2_Next_Level/internal/serverapi/server/daemon.go:44.2,61.12 7 0
2019_2_Next_Level/internal/serverapi/server/daemon.go:39.78,42.3 2 0
2019_2_Next_Level/internal/serverapi/server/daemon.go:64.40,67.101 3 0
2019_2_Next_Level/internal/serverapi/server/daemon.go:69.2,80.74 9 0
2019_2_Next_Level/internal/serverapi/server/daemon.go:67.102,67.103 0 0
2019_2_Next_Level/internal/serverapi/server/daemon.go:80.74,83.3 2 0
2019_2_Next_Level/internal/serverapi/server/daemon.go:87.52,89.16 2 0
2019_2_Next_Level/internal/serverapi/server/daemon.go:93.2,95.16 3 0
2019_2_Next_Level/internal/serverapi/server/daemon.go:98.2,101.21 4 0
2019_2_Next_Level/internal/serverapi/server/daemon.go:89.16,92.3 2 0
2019_2_Next_Level/internal/serverapi/server/daemon.go:95.16,97.3 1 0
2019_2_Next_Level/internal/serverapi/server/daemon.go:104.39,106.16 2 0
2019_2_Next_Level/internal/serverapi/server/daemon.go:110.2,112.16 3 0
2019_2_Next_Level/internal/serverapi/server/daemon.go:115.2,117.35 3 0
2019_2_Next_Level/internal/serverapi/server/daemon.go:106.16,109.3 2 0
2019_2_Next_Level/internal/serverapi/server/daemon.go:112.16,114.3 1 0
2019_2_Next_Level/internal/serverapi/server/daemon.go:120.39,123.16 3 0
2019_2_Next_Level/internal/serverapi/server/daemon.go:127.2,131.31 5 0
2019_2_Next_Level/internal/serverapi/server/daemon.go:123.16,126.3 2 0
2019_2_Next_Level/internal/Auth/log/log.go:7.36,9.2 1 0
2019_2_Next_Level/internal/Auth/log/log.go:11.24,12.16 1 0
2019_2_Next_Level/internal/Auth/log/log.go:15.2,15.12 1 0
2019_2_Next_Level/internal/Auth/log/log.go:12.16,14.3 1 0
2019_2_Next_Level/internal/post/model.go:14.36,16.2 1 0
2019_2_Next_Level/internal/MailPicker/log/log.go:7.36,9.2 1 0
2019_2_Next_Level/internal/MailPicker/log/log.go:11.24,12.16 1 0
2019_2_Next_Level/internal/MailPicker/log/log.go:15.2,15.12 1 0
2019_2_Next_Level/internal/MailPicker/log/log.go:12.16,14.3 1 0
2019_2_Next_Level/internal/serverapi/log/log.go:7.36,9.2 1 1
2019_2_Next_Level/internal/serverapi/log/log.go:11.24,12.16 1 1
2019_2_Next_Level/internal/serverapi/log/log.go:15.2,15.12 1 1
2019_2_Next_Level/internal/serverapi/log/log.go:12.16,14.3 1 0
2019_2_Next_Level/internal/serverapi/server/MailBox/repository/postgres.go:20.48,22.17 2 0
2019_2_Next_Level/internal/serverapi/server/MailBox/repository/postgres.go:28.2,28.15 1 0
2019_2_Next_Level/internal/serverapi/server/MailBox/repository/postgres.go:22.18,27.3 0 0
2019_2_Next_Level/internal/serverapi/server/MailBox/repository/postgres.go:31.43,43.16 11 0
2019_2_Next_Level/internal/serverapi/server/MailBox/repository/postgres.go:49.2,50.16 2 0
2019_2_Next_Level/internal/serverapi/server/MailBox/repository/postgres.go:53.2,53.12 1 0
2019_2_Next_Level/internal/serverapi/server/MailBox/repository/postgres.go:43.16,45.3 1 0
2019_2_Next_Level/internal/serverapi/server/MailBox/repository/postgres.go:50.16,52.3 1 0
2019_2_Next_Level/internal/serverapi/server/MailBox/repository/postgres.go:56.98,63.16 6 0
2019_2_Next_Level/internal/serverapi/server/MailBox/repository/postgres.go:66.2,67.18 2 0
2019_2_Next_Level/internal/serverapi/server/MailBox/repository/postgres.go:63.16,65.3 1 0
2019_2_Next_Level/internal/serverapi/server/MailBox/repository/postgres.go:70.141,74.40 3 0
2019_2_Next_Level/internal/serverapi/server/MailBox/repository/postgres.go:79.2,83.16 4 0
2019_2_Next_Level/internal/serverapi/server/MailBox/repository/postgres.go:87.2,87.17 1 0
2019_2_Next_Level/internal/serverapi/server/MailBox/repository/postgres.go:98.2,98.18 1 0
2019_2_Next_Level/internal/serverapi/server/MailBox/repository/postgres.go:74.40,76.3 1 0
2019_2_Next_Level/internal/serverapi/server/MailBox/repository/postgres.go:76.7,78.3 1 0
2019_2_Next_Level/internal/serverapi/server/MailBox/repository/postgres.go:83.16,85.3 1 0
2019_2_Next_Level/internal/serverapi/server/MailBox/repository/postgres.go:87.17,91.121 3 0
2019_2_Next_Level/internal/serverapi/server/MailBox/repository/postgres.go:95.3,96.28 2 0
2019_2_Next_Level/internal/serverapi/server/MailBox/repository/postgres.go:91.121,93.4 1 0
2019_2_Next_Level/internal/serverapi/server/MailBox/repository/postgres.go:101.107,106.2 4 0
2019_2_Next_Level/internal/serverapi/server/MailBox/repository/postgres.go:108.109,111.20 3 0
2019_2_Next_Level/internal/serverapi/server/MailBox/repository/postgres.go:121.2,123.32 2 0
2019_2_Next_Level/internal/serverapi/server/MailBox/repository/postgres.go:129.2,129.12 1 0
2019_2_Next_Level/internal/serverapi/server/MailBox/repository/postgres.go:112.30,113.30 1 0
2019_2_Next_Level/internal/serverapi/server/MailBox/repository/postgres.go:114.32,115.31 1 0
2019_2_Next_Level/internal/serverapi/server/MailBox/repository/postgres.go:116.33,117.33 1 0
2019_2_Next_Level/internal/serverapi/server/MailBox/repository/postgres.go:118.10,119.36 1 0
2019_2_Next_Level/internal/serverapi/server/MailBox/repository/postgres.go:123.32,125.17 2 0
2019_2_Next_Level/internal/serverapi/server/MailBox/repository/postgres.go:125.17,127.4 1 0
2019_2_Next_Level/internal/serverapi/server/MailBox/repository/postgres.go:132.70,133.23 1 0
2019_2_Next_Level/internal/serverapi/server/MailBox/repository/postgres.go:160.2,160.45 1 0
2019_2_Next_Level/internal/serverapi/server/MailBox/repository/postgres.go:133.23,135.17 2 0
2019_2_Next_Level/internal/serverapi/server/MailBox/repository/postgres.go:139.3,142.17 4 0
2019_2_Next_Level/internal/serverapi/server/MailBox/repository/postgres.go:146.3,148.17 3 0
2019_2_Next_Level/internal/serverapi/server/MailBox/repository/postgres.go:152.3,153.40 2 0
2019_2_Next_Level/internal/serverapi/server/MailBox/repository/postgres.go:156.3,157.13 2 0
2019_2_Next_Level/internal/serverapi/server/MailBox/repository/postgres.go:135.17,137.4 1 0
2019_2_Next_Level/internal/serverapi/server/MailBox/repository/postgres.go:142.17,144.4 1 0
2019_2_Next_Level/internal/serverapi/server/MailBox/repository/postgres.go:148.17,150.4 1 0
2019_2_Next_Level/internal/serverapi/server/MailBox/repository/postgres.go:153.40,155.4 1 0
2019_2_Next_Level/internal/serverapi/server/MailBox/repository/postgres.go:163.79,167.2 3 0
2019_2_Next_Level/internal/serverapi/server/MailBox/repository/postgres.go:168.100,172.2 3 0
2019_2_Next_Level/internal/post/ChannelDispatcher.go:12.41,28.2 10 0
2019_2_Next_Level/internal/serverapi/server/Auth/http/AuthHandler.go:25.50,29.2 3 0
2019_2_Next_Level/internal/serverapi/server/Auth/http/AuthHandler.go:31.57,36.2 4 0
2019_2_Next_Level/internal/serverapi/server/Auth/http/AuthHandler.go:38.71,42.16 4 0
2019_2_Next_Level/internal/serverapi/server/Auth/http/AuthHandler.go:46.2,47.16 2 0
2019_2_Next_Level/internal/serverapi/server/Auth/http/AuthHandler.go:51.2,51.80 1 0
2019_2_Next_Level/internal/serverapi/server/Auth/http/AuthHandler.go:42.16,45.3 2 0
2019_2_Next_Level/internal/serverapi/server/Auth/http/AuthHandler.go:47.16,50.3 2 0
2019_2_Next_Level/internal/serverapi/server/Auth/http/AuthHandler.go:54.70,59.16 5 0
2019_2_Next_Level/internal/serverapi/server/Auth/http/AuthHandler.go:63.2,64.16 2 0
2019_2_Next_Level/internal/serverapi/server/Auth/http/AuthHandler.go:102.2,103.16 2 0
2019_2_Next_Level/internal/serverapi/server/Auth/http/AuthHandler.go:115.2,115.91 1 0
2019_2_Next_Level/internal/serverapi/server/Auth/http/AuthHandler.go:59.16,62.3 2 0
2019_2_Next_Level/internal/serverapi/server/Auth/http/AuthHandler.go:64.16,66.21 2 0
2019_2_Next_Level/internal/serverapi/server/Auth/http/AuthHandler.go:99.3,100.9 2 0
2019_2_Next_Level/internal/serverapi/server/Auth/http/AuthHandler.go:67.16,68.30 1 0
2019_2_Next_Level/internal/serverapi/server/Auth/http/AuthHandler.go:95.4,95.9 1 0
2019_2_Next_Level/internal/serverapi/server/Auth/http/AuthHandler.go:96.11,97.9 1 0
2019_2_Next_Level/internal/serverapi/server/Auth/http/AuthHandler.go:69.25,71.10 2 0
2019_2_Next_Level/internal/serverapi/server/Auth/http/AuthHandler.go:72.25,74.12 2 0
2019_2_Next_Level/internal/serverapi/server/Auth/http/AuthHandler.go:77.5,87.12 3 0
2019_2_Next_Level/internal/serverapi/server/Auth/http/AuthHandler.go:90.5,91.10 2 0
2019_2_Next_Level/internal/serverapi/server/Auth/http/AuthHandler.go:92.12,93.10 1 0
2019_2_Next_Level/internal/serverapi/server/Auth/http/AuthHandler.go:74.12,75.11 1 0
2019_2_Next_Level/internal/serverapi/server/Auth/http/AuthHandler.go:87.12,88.11 1 0
2019_2_Next_Level/internal/serverapi/server/Auth/http/AuthHandler.go:103.16,105.21 2 0
2019_2_Next_Level/internal/serverapi/server/Auth/http/AuthHandler.go:112.3,113.9 2 0
2019_2_Next_Level/internal/serverapi/server/Auth/http/AuthHandler.go:106.16,108.9 2 0
2019_2_Next_Level/internal/serverapi/server/Auth/http/AuthHandler.go:109.11,110.9 1 0
2019_2_Next_Level/internal/serverapi/server/Auth/http/AuthHandler.go:118.70,126.16 5 0
2019_2_Next_Level/internal/serverapi/server/Auth/http/AuthHandler.go:131.2,132.16 2 0
2019_2_Next_Level/internal/serverapi/server/Auth/http/AuthHandler.go:151.2,151.90 1 0
2019_2_Next_Level/internal/serverapi/server/Auth/http/AuthHandler.go:126.16,129.3 2 0
2019_2_Next_Level/internal/serverapi/server/Auth/http/AuthHandler.go:132.16,134.21 2 0
2019_2_Next_Level/internal/serverapi/server/Auth/http/AuthHandler.go:148.3,149.9 2 0
2019_2_Next_Level/internal/serverapi/server/Auth/http/AuthHandler.go:135.16,136.30 1 0
2019_2_Next_Level/internal/serverapi/server/Auth/http/AuthHandler.go:145.4,145.9 1 0
2019_2_Next_Level/internal/serverapi/server/Auth/http/AuthHandler.go:146.11,146.11 0 0
2019_2_Next_Level/internal/serverapi/server/Auth/http/AuthHandler.go:137.21,139.10 2 0
2019_2_Next_Level/internal/serverapi/server/Auth/http/AuthHandler.go:140.25,142.10 2 0
2019_2_Next_Level/internal/serverapi/server/Auth/http/AuthHandler.go:143.12,143.12 0 0
2019_2_Next_Level/internal/serverapi/server/Auth/http/AuthHandler.go:154.82,158.16 4 0
2019_2_Next_Level/internal/serverapi/server/Auth/http/AuthHandler.go:162.2,163.16 2 0
2019_2_Next_Level/internal/serverapi/server/Auth/http/AuthHandler.go:158.16,161.3 2 0
2019_2_Next_Level/internal/serverapi/server/Auth/http/AuthHandler.go:163.16,164.21 1 0
2019_2_Next_Level/internal/serverapi/server/Auth/http/AuthHandler.go:175.3,175.9 1 0
2019_2_Next_Level/internal/serverapi/server/Auth/http/AuthHandler.go:165.16,166.30 1 0
2019_2_Next_Level/internal/serverapi/server/Auth/http/AuthHandler.go:172.11,173.47 1 0
2019_2_Next_Level/internal/serverapi/server/Auth/http/AuthHandler.go:167.41,168.46 1 0
2019_2_Next_Level/internal/serverapi/server/Auth/http/AuthHandler.go:169.12,170.48 1 0
2019_2_Next_Level/internal/serverapi/server/Auth/http/AuthHandler.go:179.96,188.2 2 0
2019_2_Next_Level/internal/post/channels.go:8.44,12.2 3 0
2019_2_Next_Level/internal/serverapi/server/middleware/access_log.go:21.48,24.2 2 0
2019_2_Next_Level/internal/serverapi/server/middleware/access_log.go:26.53,27.19 1 0
2019_2_Next_Level/internal/serverapi/server/middleware/access_log.go:30.2,33.15 4 0
2019_2_Next_Level/internal/serverapi/server/middleware/access_log.go:27.19,29.3 1 0
2019_2_Next_Level/internal/serverapi/server/middleware/access_log.go:36.47,37.46 1 0
2019_2_Next_Level/internal/serverapi/server/middleware/access_log.go:37.46,38.72 1 0
2019_2_Next_Level/internal/serverapi/server/middleware/access_log.go:38.72,54.4 8 0
2019_2_Next_Level/internal/Auth/client.go:28.51,31.16 3 0
2019_2_Next_Level/internal/Auth/client.go:35.2,36.12 2 0
2019_2_Next_Level/internal/Auth/client.go:31.16,33.3 1 0
2019_2_Next_Level/internal/Auth/client.go:39.32,41.2 1 0
2019_2_Next_Level/internal/Auth/client.go:42.69,46.2 3 0
2019_2_Next_Level/internal/Auth/client.go:48.64,52.2 3 0
2019_2_Next_Level/internal/Auth/client.go:54.58,58.2 3 0
2019_2_Next_Level/internal/Auth/client.go:60.64,64.2 3 0
2019_2_Next_Level/internal/Auth/client.go:66.91,70.2 3 0
2019_2_Next_Level/internal/Auth/client.go:72.78,76.2 3 0
2019_2_Next_Level/internal/Auth/client.go:78.74,82.2 3 0
2019_2_Next_Level/internal/Auth/client.go:84.49,86.18 2 0
2019_2_Next_Level/internal/Auth/client.go:89.2,89.12 1 0
2019_2_Next_Level/internal/Auth/client.go:86.18,88.3 1 0
2019_2_Next_Level/internal/Auth/repository/postgres.go:16.38,18.2 1 0
2019_2_Next_Level/internal/Auth/repository/postgres.go:20.71,23.16 3 0
2019_2_Next_Level/internal/Auth/repository/postgres.go:26.2,28.16 3 0
2019_2_Next_Level/internal/Auth/repository/postgres.go:31.2,31.19 1 0
2019_2_Next_Level/internal/Auth/repository/postgres.go:23.16,25.3 1 0
2019_2_Next_Level/internal/Auth/repository/postgres.go:28.16,30.3 1 0
2019_2_Next_Level/internal/Auth/repository/postgres.go:34.71,35.40 1 0
2019_2_Next_Level/internal/Auth/repository/postgres.go:38.2,43.12 5 0
2019_2_Next_Level/internal/Auth/repository/postgres.go:35.40,37.3 1 0
2019_2_Next_Level/internal/Auth/repository/postgres.go:46.58,49.16 3 0
2019_2_Next_Level/internal/Auth/repository/postgres.go:52.2,52.12 1 0
2019_2_Next_Level/internal/Auth/repository/postgres.go:49.16,51.3 1 0
2019_2_Next_Level/internal/Auth/repository/postgres.go:55.63,58.16 3 0
2019_2_Next_Level/internal/Auth/repository/postgres.go:61.2,61.12 1 0
2019_2_Next_Level/internal/Auth/repository/postgres.go:58.16,60.3 1 0
2019_2_Next_Level/internal/Auth/repository/postgres.go:64.81,70.16 5 0
2019_2_Next_Level/internal/Auth/repository/postgres.go:73.2,73.25 1 0
2019_2_Next_Level/internal/Auth/repository/postgres.go:70.16,72.3 1 0
2019_2_Next_Level/internal/Auth/repository/postgres.go:76.97,80.2 3 0
2019_2_Next_Level/internal/Auth/repository/postgres.go:82.58,86.16 4 0
2019_2_Next_Level/internal/Auth/repository/postgres.go:89.2,89.16 1 0
2019_2_Next_Level/internal/Auth/repository/postgres.go:86.16,88.3 1 0
2019_2_Next_Level/internal/MailPicker/workers/picker.go:19.124,21.2 1 0
2019_2_Next_Level/internal/MailPicker/workers/picker.go:24.95,26.12 2 0
2019_2_Next_Level/internal/MailPicker/workers/picker.go:49.2,49.14 1 0
2019_2_Next_Level/internal/MailPicker/workers/picker.go:26.12,27.7 1 0
2019_2_Next_Level/internal/MailPicker/workers/picker.go:27.7,29.18 2 0
2019_2_Next_Level/internal/MailPicker/workers/picker.go:37.4,37.22 1 0
2019_2_Next_Level/internal/MailPicker/workers/picker.go:41.4,43.12 2 0
2019_2_Next_Level/internal/MailPicker/workers/picker.go:29.18,30.30 1 0
2019_2_Next_Level/internal/MailPicker/workers/picker.go:34.5,35.13 2 0
2019_2_Next_Level/internal/MailPicker/workers/picker.go:30.30,33.6 2 0
2019_2_Next_Level/internal/MailPicker/workers/picker.go:37.22,40.5 2 0
2019_2_Next_Level/internal/MailPicker/workers/picker.go:43.12,46.5 2 0
2019_2_Next_Level/internal/MailPicker/repository/postgres.go:17.50,20.16 3 0
2019_2_Next_Level/internal/MailPicker/repository/postgres.go:24.2,24.14 1 0
2019_2_Next_Level/internal/MailPicker/repository/postgres.go:20.16,23.3 2 0
2019_2_Next_Level/internal/MailPicker/repository/postgres.go:27.43,38.16 11 0
2019_2_Next_Level/internal/MailPicker/repository/postgres.go:42.2,43.16 2 0
2019_2_Next_Level/internal/MailPicker/repository/postgres.go:46.2,46.12 1 0
2019_2_Next_Level/internal/MailPicker/repository/postgres.go:38.16,40.3 1 0
2019_2_Next_Level/internal/MailPicker/repository/postgres.go:43.16,45.3 1 0
2019_2_Next_Level/internal/MailPicker/repository/postgres.go:50.60,53.16 3 0
2019_2_Next_Level/internal/MailPicker/repository/postgres.go:56.2,58.16 3 0
2019_2_Next_Level/internal/MailPicker/repository/postgres.go:61.2,61.16 1 0
2019_2_Next_Level/internal/MailPicker/repository/postgres.go:53.16,55.3 1 0
2019_2_Next_Level/internal/MailPicker/repository/postgres.go:58.16,60.3 1 0
2019_2_Next_Level/internal/MailPicker/repository/postgres.go:65.65,66.23 1 0
2019_2_Next_Level/internal/MailPicker/repository/postgres.go:93.2,93.45 1 0
2019_2_Next_Level/internal/MailPicker/repository/postgres.go:66.23,68.17 2 0
2019_2_Next_Level/internal/MailPicker/repository/postgres.go:72.3,75.17 4 0
2019_2_Next_Level/internal/MailPicker/repository/postgres.go:79.3,86.17 5 0
2019_2_Next_Level/internal/MailPicker/repository/postgres.go:89.3,90.13 2 0
2019_2_Next_Level/internal/MailPicker/repository/postgres.go:68.17,70.4 1 0
2019_2_Next_Level/internal/MailPicker/repository/postgres.go:75.17,77.4 1 0
2019_2_Next_Level/internal/MailPicker/repository/postgres.go:86.17,88.4 1 0
2019_2_Next_Level/internal/model/grpcEmailConverter.go:11.60,13.2 1 0
2019_2_Next_Level/internal/model/grpcEmailConverter.go:15.62,22.2 1 0
