mode: set
2019_2_Next_Level/internal/Auth/service/service.pb.go:35.40,35.63 1 0
2019_2_Next_Level/internal/Auth/service/service.pb.go:36.40,36.77 1 0
2019_2_Next_Level/internal/Auth/service/service.pb.go:37.41,37.42 0 0
2019_2_Next_Level/internal/Auth/service/service.pb.go:38.51,40.2 1 0
2019_2_Next_Level/internal/Auth/service/service.pb.go:42.54,44.2 1 0
2019_2_Next_Level/internal/Auth/service/service.pb.go:45.82,47.2 1 0
2019_2_Next_Level/internal/Auth/service/service.pb.go:48.53,50.2 1 0
2019_2_Next_Level/internal/Auth/service/service.pb.go:51.39,53.2 1 0
2019_2_Next_Level/internal/Auth/service/service.pb.go:54.45,56.2 1 0
2019_2_Next_Level/internal/Auth/service/service.pb.go:60.43,61.14 1 0
2019_2_Next_Level/internal/Auth/service/service.pb.go:64.2,64.11 1 0
2019_2_Next_Level/internal/Auth/service/service.pb.go:61.14,63.3 1 0
2019_2_Next_Level/internal/Auth/service/service.pb.go:67.40,68.14 1 0
2019_2_Next_Level/internal/Auth/service/service.pb.go:71.2,71.10 1 0
2019_2_Next_Level/internal/Auth/service/service.pb.go:68.14,70.3 1 0
2019_2_Next_Level/internal/Auth/service/service.pb.go:81.40,81.63 1 0
2019_2_Next_Level/internal/Auth/service/service.pb.go:82.40,82.77 1 0
2019_2_Next_Level/internal/Auth/service/service.pb.go:83.41,83.42 0 0
2019_2_Next_Level/internal/Auth/service/service.pb.go:84.51,86.2 1 0
2019_2_Next_Level/internal/Auth/service/service.pb.go:88.54,90.2 1 0
2019_2_Next_Level/internal/Auth/service/service.pb.go:91.82,93.2 1 0
2019_2_Next_Level/internal/Auth/service/service.pb.go:94.53,96.2 1 0
2019_2_Next_Level/internal/Auth/service/service.pb.go:97.39,99.2 1 0
2019_2_Next_Level/internal/Auth/service/service.pb.go:100.45,102.2 1 0
2019_2_Next_Level/internal/Auth/service/service.pb.go:106.40,107.14 1 0
2019_2_Next_Level/internal/Auth/service/service.pb.go:110.2,110.10 1 0
2019_2_Next_Level/internal/Auth/service/service.pb.go:107.14,109.3 1 0
2019_2_Next_Level/internal/Auth/service/service.pb.go:120.34,120.51 1 0
2019_2_Next_Level/internal/Auth/service/service.pb.go:121.34,121.71 1 0
2019_2_Next_Level/internal/Auth/service/service.pb.go:122.35,122.36 0 0
2019_2_Next_Level/internal/Auth/service/service.pb.go:123.45,125.2 1 0
2019_2_Next_Level/internal/Auth/service/service.pb.go:127.48,129.2 1 0
2019_2_Next_Level/internal/Auth/service/service.pb.go:130.76,132.2 1 0
2019_2_Next_Level/internal/Auth/service/service.pb.go:133.47,135.2 1 0
2019_2_Next_Level/internal/Auth/service/service.pb.go:136.33,138.2 1 0
2019_2_Next_Level/internal/Auth/service/service.pb.go:139.39,141.2 1 0
2019_2_Next_Level/internal/Auth/service/service.pb.go:145.35,146.14 1 0
2019_2_Next_Level/internal/Auth/service/service.pb.go:149.2,149.11 1 0
2019_2_Next_Level/internal/Auth/service/service.pb.go:146.14,148.3 1 0
2019_2_Next_Level/internal/Auth/service/service.pb.go:161.49,161.81 1 0
2019_2_Next_Level/internal/Auth/service/service.pb.go:162.49,162.86 1 0
2019_2_Next_Level/internal/Auth/service/service.pb.go:163.50,163.51 0 0
2019_2_Next_Level/internal/Auth/service/service.pb.go:164.60,166.2 1 0
2019_2_Next_Level/internal/Auth/service/service.pb.go:168.63,170.2 1 0
2019_2_Next_Level/internal/Auth/service/service.pb.go:171.91,173.2 1 0
2019_2_Next_Level/internal/Auth/service/service.pb.go:174.62,176.2 1 0
2019_2_Next_Level/internal/Auth/service/service.pb.go:177.48,179.2 1 0
2019_2_Next_Level/internal/Auth/service/service.pb.go:180.54,182.2 1 0
2019_2_Next_Level/internal/Auth/service/service.pb.go:186.51,187.14 1 0
2019_2_Next_Level/internal/Auth/service/service.pb.go:190.2,190.11 1 0
2019_2_Next_Level/internal/Auth/service/service.pb.go:187.14,189.3 1 0
2019_2_Next_Level/internal/Auth/service/service.pb.go:193.53,194.14 1 0
2019_2_Next_Level/internal/Auth/service/service.pb.go:197.2,197.11 1 0
2019_2_Next_Level/internal/Auth/service/service.pb.go:194.14,196.3 1 0
2019_2_Next_Level/internal/Auth/service/service.pb.go:200.53,201.14 1 0
2019_2_Next_Level/internal/Auth/service/service.pb.go:204.2,204.11 1 0
2019_2_Next_Level/internal/Auth/service/service.pb.go:201.14,203.3 1 0
2019_2_Next_Level/internal/Auth/service/service.pb.go:215.46,215.75 1 0
2019_2_Next_Level/internal/Auth/service/service.pb.go:216.46,216.83 1 0
2019_2_Next_Level/internal/Auth/service/service.pb.go:217.47,217.48 0 0
2019_2_Next_Level/internal/Auth/service/service.pb.go:218.57,220.2 1 0
2019_2_Next_Level/internal/Auth/service/service.pb.go:222.60,224.2 1 0
2019_2_Next_Level/internal/Auth/service/service.pb.go:225.88,227.2 1 0
2019_2_Next_Level/internal/Auth/service/service.pb.go:228.59,230.2 1 0
2019_2_Next_Level/internal/Auth/service/service.pb.go:231.45,233.2 1 0
2019_2_Next_Level/internal/Auth/service/service.pb.go:234.51,236.2 1 0
2019_2_Next_Level/internal/Auth/service/service.pb.go:240.48,241.14 1 0
2019_2_Next_Level/internal/Auth/service/service.pb.go:244.2,244.11 1 0
2019_2_Next_Level/internal/Auth/service/service.pb.go:241.14,243.3 1 0
2019_2_Next_Level/internal/Auth/service/service.pb.go:247.51,248.14 1 0
2019_2_Next_Level/internal/Auth/service/service.pb.go:251.2,251.11 1 0
2019_2_Next_Level/internal/Auth/service/service.pb.go:248.14,250.3 1 0
2019_2_Next_Level/internal/Auth/service/service.pb.go:254.13,260.2 5 1
2019_2_Next_Level/internal/Auth/service/service.pb.go:262.13,262.85 1 1
2019_2_Next_Level/internal/Auth/service/service.pb.go:314.52,316.2 1 0
2019_2_Next_Level/internal/Auth/service/service.pb.go:318.118,321.16 3 0
2019_2_Next_Level/internal/Auth/service/service.pb.go:324.2,324.17 1 0
2019_2_Next_Level/internal/Auth/service/service.pb.go:321.16,323.3 1 0
2019_2_Next_Level/internal/Auth/service/service.pb.go:327.116,330.16 3 0
2019_2_Next_Level/internal/Auth/service/service.pb.go:333.2,333.17 1 0
2019_2_Next_Level/internal/Auth/service/service.pb.go:330.16,332.3 1 0
2019_2_Next_Level/internal/Auth/service/service.pb.go:336.118,339.16 3 0
2019_2_Next_Level/internal/Auth/service/service.pb.go:342.2,342.17 1 0
2019_2_Next_Level/internal/Auth/service/service.pb.go:339.16,341.3 1 0
2019_2_Next_Level/internal/Auth/service/service.pb.go:345.123,348.16 3 0
2019_2_Next_Level/internal/Auth/service/service.pb.go:351.2,351.17 1 0
2019_2_Next_Level/internal/Auth/service/service.pb.go:348.16,350.3 1 0
2019_2_Next_Level/internal/Auth/service/service.pb.go:354.133,357.16 3 0
2019_2_Next_Level/internal/Auth/service/service.pb.go:360.2,360.17 1 0
2019_2_Next_Level/internal/Auth/service/service.pb.go:357.16,359.3 1 0
2019_2_Next_Level/internal/Auth/service/service.pb.go:363.132,366.16 3 0
2019_2_Next_Level/internal/Auth/service/service.pb.go:369.2,369.17 1 0
2019_2_Next_Level/internal/Auth/service/service.pb.go:366.16,368.3 1 0
2019_2_Next_Level/internal/Auth/service/service.pb.go:372.128,375.16 3 0
2019_2_Next_Level/internal/Auth/service/service.pb.go:378.2,378.17 1 0
2019_2_Next_Level/internal/Auth/service/service.pb.go:375.16,377.3 1 0
2019_2_Next_Level/internal/Auth/service/service.pb.go:396.105,398.2 1 0
2019_2_Next_Level/internal/Auth/service/service.pb.go:399.103,401.2 1 0
2019_2_Next_Level/internal/Auth/service/service.pb.go:402.105,404.2 1 0
2019_2_Next_Level/internal/Auth/service/service.pb.go:405.110,407.2 1 0
2019_2_Next_Level/internal/Auth/service/service.pb.go:408.120,410.2 1 0
2019_2_Next_Level/internal/Auth/service/service.pb.go:411.119,413.2 1 0
2019_2_Next_Level/internal/Auth/service/service.pb.go:414.115,416.2 1 0
2019_2_Next_Level/internal/Auth/service/service.pb.go:418.57,420.2 1 0
2019_2_Next_Level/internal/Auth/service/service.pb.go:422.164,424.32 2 0
2019_2_Next_Level/internal/Auth/service/service.pb.go:427.2,427.24 1 0
2019_2_Next_Level/internal/Auth/service/service.pb.go:430.2,434.77 2 0
2019_2_Next_Level/internal/Auth/service/service.pb.go:437.2,437.44 1 0
2019_2_Next_Level/internal/Auth/service/service.pb.go:424.32,426.3 1 0
2019_2_Next_Level/internal/Auth/service/service.pb.go:427.24,429.3 1 0
2019_2_Next_Level/internal/Auth/service/service.pb.go:434.77,436.3 1 0
2019_2_Next_Level/internal/Auth/service/service.pb.go:440.162,442.32 2 0
2019_2_Next_Level/internal/Auth/service/service.pb.go:445.2,445.24 1 0
2019_2_Next_Level/internal/Auth/service/service.pb.go:448.2,452.77 2 0
2019_2_Next_Level/internal/Auth/service/service.pb.go:455.2,455.44 1 0
2019_2_Next_Level/internal/Auth/service/service.pb.go:442.32,444.3 1 0
2019_2_Next_Level/internal/Auth/service/service.pb.go:445.24,447.3 1 0
2019_2_Next_Level/internal/Auth/service/service.pb.go:452.77,454.3 1 0
2019_2_Next_Level/internal/Auth/service/service.pb.go:458.164,460.32 2 0
2019_2_Next_Level/internal/Auth/service/service.pb.go:463.2,463.24 1 0
2019_2_Next_Level/internal/Auth/service/service.pb.go:466.2,470.77 2 0
2019_2_Next_Level/internal/Auth/service/service.pb.go:473.2,473.44 1 0
2019_2_Next_Level/internal/Auth/service/service.pb.go:460.32,462.3 1 0
2019_2_Next_Level/internal/Auth/service/service.pb.go:463.24,465.3 1 0
2019_2_Next_Level/internal/Auth/service/service.pb.go:470.77,472.3 1 0
2019_2_Next_Level/internal/Auth/service/service.pb.go:476.169,478.32 2 0
2019_2_Next_Level/internal/Auth/service/service.pb.go:481.2,481.24 1 0
2019_2_Next_Level/internal/Auth/service/service.pb.go:484.2,488.77 2 0
2019_2_Next_Level/internal/Auth/service/service.pb.go:491.2,491.44 1 0
2019_2_Next_Level/internal/Auth/service/service.pb.go:478.32,480.3 1 0
2019_2_Next_Level/internal/Auth/service/service.pb.go:481.24,483.3 1 0
2019_2_Next_Level/internal/Auth/service/service.pb.go:488.77,490.3 1 0
2019_2_Next_Level/internal/Auth/service/service.pb.go:494.164,496.32 2 0
2019_2_Next_Level/internal/Auth/service/service.pb.go:499.2,499.24 1 0
2019_2_Next_Level/internal/Auth/service/service.pb.go:502.2,506.77 2 0
2019_2_Next_Level/internal/Auth/service/service.pb.go:509.2,509.44 1 0
2019_2_Next_Level/internal/Auth/service/service.pb.go:496.32,498.3 1 0
2019_2_Next_Level/internal/Auth/service/service.pb.go:499.24,501.3 1 0
2019_2_Next_Level/internal/Auth/service/service.pb.go:506.77,508.3 1 0
2019_2_Next_Level/internal/Auth/service/service.pb.go:512.166,514.32 2 0
2019_2_Next_Level/internal/Auth/service/service.pb.go:517.2,517.24 1 0
2019_2_Next_Level/internal/Auth/service/service.pb.go:520.2,524.77 2 0
2019_2_Next_Level/internal/Auth/service/service.pb.go:527.2,527.44 1 0
2019_2_Next_Level/internal/Auth/service/service.pb.go:514.32,516.3 1 0
2019_2_Next_Level/internal/Auth/service/service.pb.go:517.24,519.3 1 0
2019_2_Next_Level/internal/Auth/service/service.pb.go:524.77,526.3 1 0
2019_2_Next_Level/internal/Auth/service/service.pb.go:530.162,532.32 2 0
2019_2_Next_Level/internal/Auth/service/service.pb.go:535.2,535.24 1 0
2019_2_Next_Level/internal/Auth/service/service.pb.go:538.2,542.77 2 0
2019_2_Next_Level/internal/Auth/service/service.pb.go:545.2,545.44 1 0
2019_2_Next_Level/internal/Auth/service/service.pb.go:532.32,534.3 1 0
2019_2_Next_Level/internal/Auth/service/service.pb.go:535.24,537.3 1 0
2019_2_Next_Level/internal/Auth/service/service.pb.go:542.77,544.3 1 0
2019_2_Next_Level/internal/model/postgres.go:15.46,17.2 1 0
2019_2_Next_Level/internal/model/postgres.go:19.82,25.16 5 0
2019_2_Next_Level/internal/model/postgres.go:29.2,29.20 1 0
2019_2_Next_Level/internal/model/postgres.go:25.16,27.3 1 0
2019_2_Next_Level/internal/postInterface/dataAdapter.go:11.60,13.2 1 0
2019_2_Next_Level/internal/postInterface/dataAdapter.go:15.62,22.2 1 0
2019_2_Next_Level/internal/postInterface/implementation.go:19.72,21.2 1 0
2019_2_Next_Level/internal/postInterface/implementation.go:23.30,26.16 3 0
2019_2_Next_Level/internal/postInterface/implementation.go:31.2,31.50 1 0
2019_2_Next_Level/internal/postInterface/implementation.go:26.16,29.3 2 0
2019_2_Next_Level/internal/postInterface/implementation.go:34.33,36.2 1 0
2019_2_Next_Level/internal/postInterface/implementation.go:38.51,43.2 4 0
2019_2_Next_Level/internal/postInterface/implementation.go:45.49,47.16 2 0
2019_2_Next_Level/internal/postInterface/implementation.go:51.2,51.46 1 0
2019_2_Next_Level/internal/postInterface/implementation.go:47.16,49.3 1 0
2019_2_Next_Level/internal/serverapi/config/config.go:14.48,16.19 2 0
2019_2_Next_Level/internal/serverapi/config/config.go:32.2,32.32 1 0
2019_2_Next_Level/internal/serverapi/config/config.go:16.19,18.10 2 0
2019_2_Next_Level/internal/serverapi/config/config.go:22.3,23.10 2 0
2019_2_Next_Level/internal/serverapi/config/config.go:27.3,27.24 1 0
2019_2_Next_Level/internal/serverapi/config/config.go:18.10,21.4 2 0
2019_2_Next_Level/internal/serverapi/config/config.go:23.10,26.4 2 0
2019_2_Next_Level/internal/serverapi/config/config.go:28.8,31.3 2 0
2019_2_Next_Level/internal/serverapi/config/config.go:43.44,46.2 2 0
2019_2_Next_Level/internal/serverapi/server/middleware/access_log.go:12.47,13.46 1 0
2019_2_Next_Level/internal/serverapi/server/middleware/access_log.go:13.46,14.72 1 0
2019_2_Next_Level/internal/serverapi/server/middleware/access_log.go:14.72,24.4 3 0
2019_2_Next_Level/internal/serverapi/server/middleware/cors.go:11.48,12.46 1 0
2019_2_Next_Level/internal/serverapi/server/middleware/cors.go:12.46,13.72 1 0
2019_2_Next_Level/internal/serverapi/server/middleware/cors.go:13.72,17.49 4 0
2019_2_Next_Level/internal/serverapi/server/middleware/cors.go:22.4,27.24 5 0
2019_2_Next_Level/internal/serverapi/server/middleware/cors.go:17.49,21.5 3 0
2019_2_Next_Level/internal/post/channels.go:8.44,12.2 3 0
2019_2_Next_Level/internal/post/smtpd/incoming.go:12.54,21.2 8 0
2019_2_Next_Level/internal/serverapi/server/Auth/http/AuthHandler.go:25.50,29.2 3 0
2019_2_Next_Level/internal/serverapi/server/Auth/http/AuthHandler.go:31.57,36.2 4 0
2019_2_Next_Level/internal/serverapi/server/Auth/http/AuthHandler.go:38.71,42.16 4 0
2019_2_Next_Level/internal/serverapi/server/Auth/http/AuthHandler.go:46.2,47.16 2 0
2019_2_Next_Level/internal/serverapi/server/Auth/http/AuthHandler.go:51.2,51.80 1 0
2019_2_Next_Level/internal/serverapi/server/Auth/http/AuthHandler.go:42.16,45.3 2 0
2019_2_Next_Level/internal/serverapi/server/Auth/http/AuthHandler.go:47.16,50.3 2 0
2019_2_Next_Level/internal/serverapi/server/Auth/http/AuthHandler.go:54.70,59.16 5 0
2019_2_Next_Level/internal/serverapi/server/Auth/http/AuthHandler.go:63.2,64.16 2 0
2019_2_Next_Level/internal/serverapi/server/Auth/http/AuthHandler.go:102.2,103.16 2 0
2019_2_Next_Level/internal/serverapi/server/Auth/http/AuthHandler.go:115.2,115.91 1 0
2019_2_Next_Level/internal/serverapi/server/Auth/http/AuthHandler.go:59.16,62.3 2 0
2019_2_Next_Level/internal/serverapi/server/Auth/http/AuthHandler.go:64.16,66.21 2 0
2019_2_Next_Level/internal/serverapi/server/Auth/http/AuthHandler.go:99.3,100.9 2 0
2019_2_Next_Level/internal/serverapi/server/Auth/http/AuthHandler.go:67.16,68.30 1 0
2019_2_Next_Level/internal/serverapi/server/Auth/http/AuthHandler.go:95.4,95.9 1 0
2019_2_Next_Level/internal/serverapi/server/Auth/http/AuthHandler.go:96.11,97.9 1 0
2019_2_Next_Level/internal/serverapi/server/Auth/http/AuthHandler.go:69.25,71.10 2 0
2019_2_Next_Level/internal/serverapi/server/Auth/http/AuthHandler.go:72.25,74.12 2 0
2019_2_Next_Level/internal/serverapi/server/Auth/http/AuthHandler.go:77.5,87.12 3 0
2019_2_Next_Level/internal/serverapi/server/Auth/http/AuthHandler.go:90.5,91.10 2 0
2019_2_Next_Level/internal/serverapi/server/Auth/http/AuthHandler.go:92.12,93.10 1 0
2019_2_Next_Level/internal/serverapi/server/Auth/http/AuthHandler.go:74.12,75.11 1 0
2019_2_Next_Level/internal/serverapi/server/Auth/http/AuthHandler.go:87.12,88.11 1 0
2019_2_Next_Level/internal/serverapi/server/Auth/http/AuthHandler.go:103.16,105.21 2 0
2019_2_Next_Level/internal/serverapi/server/Auth/http/AuthHandler.go:112.3,113.9 2 0
2019_2_Next_Level/internal/serverapi/server/Auth/http/AuthHandler.go:106.16,108.9 2 0
2019_2_Next_Level/internal/serverapi/server/Auth/http/AuthHandler.go:109.11,110.9 1 0
2019_2_Next_Level/internal/serverapi/server/Auth/http/AuthHandler.go:118.70,126.16 5 0
2019_2_Next_Level/internal/serverapi/server/Auth/http/AuthHandler.go:131.2,132.16 2 0
2019_2_Next_Level/internal/serverapi/server/Auth/http/AuthHandler.go:151.2,151.90 1 0
2019_2_Next_Level/internal/serverapi/server/Auth/http/AuthHandler.go:126.16,129.3 2 0
2019_2_Next_Level/internal/serverapi/server/Auth/http/AuthHandler.go:132.16,134.21 2 0
2019_2_Next_Level/internal/serverapi/server/Auth/http/AuthHandler.go:148.3,149.9 2 0
2019_2_Next_Level/internal/serverapi/server/Auth/http/AuthHandler.go:135.16,136.30 1 0
2019_2_Next_Level/internal/serverapi/server/Auth/http/AuthHandler.go:145.4,145.9 1 0
2019_2_Next_Level/internal/serverapi/server/Auth/http/AuthHandler.go:146.11,146.11 0 0
2019_2_Next_Level/internal/serverapi/server/Auth/http/AuthHandler.go:137.21,139.10 2 0
2019_2_Next_Level/internal/serverapi/server/Auth/http/AuthHandler.go:140.25,142.10 2 0
2019_2_Next_Level/internal/serverapi/server/Auth/http/AuthHandler.go:143.12,143.12 0 0
2019_2_Next_Level/internal/serverapi/server/Auth/http/AuthHandler.go:154.82,158.16 4 0
2019_2_Next_Level/internal/serverapi/server/Auth/http/AuthHandler.go:162.2,163.16 2 0
2019_2_Next_Level/internal/serverapi/server/Auth/http/AuthHandler.go:158.16,161.3 2 0
2019_2_Next_Level/internal/serverapi/server/Auth/http/AuthHandler.go:163.16,164.21 1 0
2019_2_Next_Level/internal/serverapi/server/Auth/http/AuthHandler.go:175.3,175.9 1 0
2019_2_Next_Level/internal/serverapi/server/Auth/http/AuthHandler.go:165.16,166.30 1 0
2019_2_Next_Level/internal/serverapi/server/Auth/http/AuthHandler.go:172.11,173.47 1 0
2019_2_Next_Level/internal/serverapi/server/Auth/http/AuthHandler.go:167.41,168.46 1 0
2019_2_Next_Level/internal/serverapi/server/Auth/http/AuthHandler.go:169.12,170.48 1 0
2019_2_Next_Level/internal/serverapi/server/Auth/http/AuthHandler.go:179.96,188.2 2 0
2019_2_Next_Level/internal/post/MailSender/daemon.go:17.76,23.2 4 0
2019_2_Next_Level/internal/post/MailSender/daemon.go:26.52,30.2 2 0
2019_2_Next_Level/internal/post/MailSender/daemon.go:33.37,35.36 2 0
2019_2_Next_Level/internal/post/MailSender/daemon.go:35.36,39.3 3 0
2019_2_Next_Level/internal/post/smtpd/outcoming.go:20.89,22.2 1 0
2019_2_Next_Level/internal/post/smtpd/outcoming.go:24.88,31.16 3 0
2019_2_Next_Level/internal/post/smtpd/outcoming.go:35.2,36.16 2 0
2019_2_Next_Level/internal/post/smtpd/outcoming.go:39.2,39.12 1 0
2019_2_Next_Level/internal/post/smtpd/outcoming.go:31.16,33.3 1 0
2019_2_Next_Level/internal/post/smtpd/outcoming.go:36.16,38.3 1 0
2019_2_Next_Level/internal/post/smtpd/outcoming.go:42.52,45.16 3 0
2019_2_Next_Level/internal/post/smtpd/outcoming.go:49.2,54.33 4 0
2019_2_Next_Level/internal/post/smtpd/outcoming.go:57.2,58.30 2 0
2019_2_Next_Level/internal/post/smtpd/outcoming.go:61.2,63.8 2 0
2019_2_Next_Level/internal/post/smtpd/outcoming.go:45.16,47.3 1 0
2019_2_Next_Level/internal/post/smtpd/outcoming.go:54.33,56.3 1 0
2019_2_Next_Level/internal/post/smtpd/outcoming.go:58.30,60.3 1 0
2019_2_Next_Level/internal/post/smtpd/outcoming.go:67.45,69.16 2 0
2019_2_Next_Level/internal/post/smtpd/outcoming.go:72.2,72.19 1 0
2019_2_Next_Level/internal/post/smtpd/outcoming.go:69.16,71.3 1 0
2019_2_Next_Level/internal/post/smtpd/outcoming.go:75.39,79.2 2 0
2019_2_Next_Level/internal/post/smtpd/outcoming.go:81.82,91.27 9 0
2019_2_Next_Level/internal/post/smtpd/outcoming.go:94.2,96.24 2 0
2019_2_Next_Level/internal/post/smtpd/outcoming.go:91.27,93.3 1 0
2019_2_Next_Level/internal/serverapi/server/Auth/repository/repository.go:19.48,21.17 2 0
2019_2_Next_Level/internal/serverapi/server/Auth/repository/repository.go:27.2,27.15 1 0
2019_2_Next_Level/internal/serverapi/server/Auth/repository/repository.go:21.17,23.17 2 0
2019_2_Next_Level/internal/serverapi/server/Auth/repository/repository.go:23.17,25.4 1 0
2019_2_Next_Level/internal/serverapi/server/Auth/repository/repository.go:30.43,42.16 11 0
2019_2_Next_Level/internal/serverapi/server/Auth/repository/repository.go:48.2,49.16 2 0
2019_2_Next_Level/internal/serverapi/server/Auth/repository/repository.go:52.2,53.12 2 0
2019_2_Next_Level/internal/serverapi/server/Auth/repository/repository.go:42.16,44.3 1 0
2019_2_Next_Level/internal/serverapi/server/Auth/repository/repository.go:49.16,51.3 1 0
2019_2_Next_Level/internal/serverapi/server/Auth/repository/repository.go:56.70,57.40 1 0
2019_2_Next_Level/internal/serverapi/server/Auth/repository/repository.go:60.2,65.16 5 0
2019_2_Next_Level/internal/serverapi/server/Auth/repository/repository.go:68.2,68.12 1 0
2019_2_Next_Level/internal/serverapi/server/Auth/repository/repository.go:57.40,59.3 1 0
2019_2_Next_Level/internal/serverapi/server/Auth/repository/repository.go:65.16,67.3 1 0
2019_2_Next_Level/internal/serverapi/server/Auth/repository/repository.go:71.61,74.16 3 0
2019_2_Next_Level/internal/serverapi/server/Auth/repository/repository.go:77.2,77.12 1 0
2019_2_Next_Level/internal/serverapi/server/Auth/repository/repository.go:74.16,76.3 1 0
2019_2_Next_Level/internal/serverapi/server/Auth/repository/repository.go:80.77,83.16 3 0
2019_2_Next_Level/internal/serverapi/server/Auth/repository/repository.go:86.2,88.16 3 0
2019_2_Next_Level/internal/serverapi/server/Auth/repository/repository.go:91.2,91.19 1 0
2019_2_Next_Level/internal/serverapi/server/Auth/repository/repository.go:83.16,85.3 1 0
2019_2_Next_Level/internal/serverapi/server/Auth/repository/repository.go:88.16,90.3 1 0
2019_2_Next_Level/internal/serverapi/server/Auth/repository/repository.go:94.65,99.17 3 0
2019_2_Next_Level/internal/serverapi/server/Auth/repository/repository.go:102.2,104.16 3 0
2019_2_Next_Level/internal/serverapi/server/Auth/repository/repository.go:107.2,107.12 1 0
2019_2_Next_Level/internal/serverapi/server/Auth/repository/repository.go:99.17,101.3 1 0
2019_2_Next_Level/internal/serverapi/server/Auth/repository/repository.go:104.16,106.3 1 0
2019_2_Next_Level/internal/serverapi/server/Auth/repository/repository.go:110.81,116.16 5 0
2019_2_Next_Level/internal/serverapi/server/Auth/repository/repository.go:119.2,119.35 1 0
2019_2_Next_Level/internal/serverapi/server/Auth/repository/repository.go:116.16,118.3 1 0
2019_2_Next_Level/internal/serverapi/server/Auth/repository/repository.go:122.64,126.16 4 0
2019_2_Next_Level/internal/serverapi/server/Auth/repository/repository.go:129.2,129.16 1 0
2019_2_Next_Level/internal/serverapi/server/Auth/repository/repository.go:126.16,128.3 1 0
2019_2_Next_Level/internal/serverapi/server/MailBox/models/mail.go:17.42,22.18 5 0
2019_2_Next_Level/internal/serverapi/server/MailBox/models/mail.go:27.2,27.11 1 0
2019_2_Next_Level/internal/serverapi/server/MailBox/models/mail.go:22.18,24.3 1 0
2019_2_Next_Level/internal/serverapi/server/MailBox/models/mail.go:24.7,26.3 1 0
2019_2_Next_Level/internal/serverapi/server/MailBox/models/mail.go:41.58,51.2 9 0
2019_2_Next_Level/internal/serverapi/server/middleware/static.go:7.62,8.46 1 0
2019_2_Next_Level/internal/serverapi/server/middleware/static.go:8.46,9.72 1 0
2019_2_Next_Level/internal/serverapi/server/middleware/static.go:9.72,11.31 2 0
2019_2_Next_Level/internal/serverapi/server/middleware/static.go:14.4,15.24 2 0
2019_2_Next_Level/internal/serverapi/server/middleware/static.go:11.31,13.5 1 0
2019_2_Next_Level/internal/serverapi/server/Error/error.go:28.31,30.2 1 0
2019_2_Next_Level/internal/serverapi/server/Error/error.go:31.40,34.2 2 1
2019_2_Next_Level/internal/serverapi/server/Error/error.go:35.44,38.2 2 0
2019_2_Next_Level/internal/serverapi/server/Error/error.go:39.46,42.2 2 0
2019_2_Next_Level/internal/serverapi/server/Error/error.go:44.45,47.2 2 0
2019_2_Next_Level/internal/serverapi/server/Error/error.go:49.46,52.2 2 0
2019_2_Next_Level/internal/serverapi/server/Error/error.go:54.31,56.2 1 0
2019_2_Next_Level/internal/serverapi/server/Error/error.go:58.75,60.14 1 0
2019_2_Next_Level/internal/serverapi/server/Error/error.go:63.2,65.18 3 0
2019_2_Next_Level/internal/serverapi/server/Error/error.go:68.2,68.27 1 0
2019_2_Next_Level/internal/serverapi/server/Error/error.go:60.14,62.3 1 0
2019_2_Next_Level/internal/serverapi/server/Error/error.go:65.18,67.3 1 0
2019_2_Next_Level/internal/serverapi/server/Error/error.go:71.39,73.2 1 0
2019_2_Next_Level/internal/post/config.go:15.56,17.2 0 0
2019_2_Next_Level/internal/post/MessageQueue/service/service.pb.go:37.33,37.49 1 0
2019_2_Next_Level/internal/post/MessageQueue/service/service.pb.go:38.33,38.70 1 0
2019_2_Next_Level/internal/post/MessageQueue/service/service.pb.go:39.34,39.35 0 0
2019_2_Next_Level/internal/post/MessageQueue/service/service.pb.go:40.44,42.2 1 0
2019_2_Next_Level/internal/post/MessageQueue/service/service.pb.go:44.47,46.2 1 0
2019_2_Next_Level/internal/post/MessageQueue/service/service.pb.go:47.75,49.2 1 0
2019_2_Next_Level/internal/post/MessageQueue/service/service.pb.go:50.46,52.2 1 0
2019_2_Next_Level/internal/post/MessageQueue/service/service.pb.go:53.32,55.2 1 0
2019_2_Next_Level/internal/post/MessageQueue/service/service.pb.go:56.38,58.2 1 0
2019_2_Next_Level/internal/post/MessageQueue/service/service.pb.go:62.34,63.14 1 0
2019_2_Next_Level/internal/post/MessageQueue/service/service.pb.go:66.2,66.11 1 0
2019_2_Next_Level/internal/post/MessageQueue/service/service.pb.go:63.14,65.3 1 0
2019_2_Next_Level/internal/post/MessageQueue/service/service.pb.go:69.32,70.14 1 0
2019_2_Next_Level/internal/post/MessageQueue/service/service.pb.go:73.2,73.11 1 0
2019_2_Next_Level/internal/post/MessageQueue/service/service.pb.go:70.14,72.3 1 0
2019_2_Next_Level/internal/post/MessageQueue/service/service.pb.go:76.37,77.14 1 0
2019_2_Next_Level/internal/post/MessageQueue/service/service.pb.go:80.2,80.11 1 0
2019_2_Next_Level/internal/post/MessageQueue/service/service.pb.go:77.14,79.3 1 0
2019_2_Next_Level/internal/post/MessageQueue/service/service.pb.go:83.34,84.14 1 0
2019_2_Next_Level/internal/post/MessageQueue/service/service.pb.go:87.2,87.11 1 0
2019_2_Next_Level/internal/post/MessageQueue/service/service.pb.go:84.14,86.3 1 0
2019_2_Next_Level/internal/post/MessageQueue/service/service.pb.go:97.33,97.49 1 0
2019_2_Next_Level/internal/post/MessageQueue/service/service.pb.go:98.33,98.70 1 0
2019_2_Next_Level/internal/post/MessageQueue/service/service.pb.go:99.34,99.35 0 0
2019_2_Next_Level/internal/post/MessageQueue/service/service.pb.go:100.44,102.2 1 0
2019_2_Next_Level/internal/post/MessageQueue/service/service.pb.go:104.47,106.2 1 0
2019_2_Next_Level/internal/post/MessageQueue/service/service.pb.go:107.75,109.2 1 0
2019_2_Next_Level/internal/post/MessageQueue/service/service.pb.go:110.46,112.2 1 0
2019_2_Next_Level/internal/post/MessageQueue/service/service.pb.go:113.32,115.2 1 0
2019_2_Next_Level/internal/post/MessageQueue/service/service.pb.go:116.38,118.2 1 0
2019_2_Next_Level/internal/post/MessageQueue/service/service.pb.go:122.29,123.14 1 0
2019_2_Next_Level/internal/post/MessageQueue/service/service.pb.go:126.2,126.14 1 0
2019_2_Next_Level/internal/post/MessageQueue/service/service.pb.go:123.14,125.3 1 0
2019_2_Next_Level/internal/post/MessageQueue/service/service.pb.go:129.13,132.2 2 1
2019_2_Next_Level/internal/post/MessageQueue/service/service.pb.go:134.13,134.85 1 1
2019_2_Next_Level/internal/post/MessageQueue/service/service.pb.go:172.68,174.2 1 0
2019_2_Next_Level/internal/post/MessageQueue/service/service.pb.go:176.111,179.16 3 0
2019_2_Next_Level/internal/post/MessageQueue/service/service.pb.go:182.2,182.17 1 0
2019_2_Next_Level/internal/post/MessageQueue/service/service.pb.go:179.16,181.3 1 0
2019_2_Next_Level/internal/post/MessageQueue/service/service.pb.go:185.111,188.16 3 0
2019_2_Next_Level/internal/post/MessageQueue/service/service.pb.go:191.2,191.17 1 0
2019_2_Next_Level/internal/post/MessageQueue/service/service.pb.go:188.16,190.3 1 0
2019_2_Next_Level/internal/post/MessageQueue/service/service.pb.go:204.98,206.2 1 0
2019_2_Next_Level/internal/post/MessageQueue/service/service.pb.go:207.98,209.2 1 0
2019_2_Next_Level/internal/post/MessageQueue/service/service.pb.go:211.73,213.2 1 0
2019_2_Next_Level/internal/post/MessageQueue/service/service.pb.go:215.165,217.32 2 0
2019_2_Next_Level/internal/post/MessageQueue/service/service.pb.go:220.2,220.24 1 0
2019_2_Next_Level/internal/post/MessageQueue/service/service.pb.go:223.2,227.77 2 0
2019_2_Next_Level/internal/post/MessageQueue/service/service.pb.go:230.2,230.44 1 0
2019_2_Next_Level/internal/post/MessageQueue/service/service.pb.go:217.32,219.3 1 0
2019_2_Next_Level/internal/post/MessageQueue/service/service.pb.go:220.24,222.3 1 0
2019_2_Next_Level/internal/post/MessageQueue/service/service.pb.go:227.77,229.3 1 0
2019_2_Next_Level/internal/post/MessageQueue/service/service.pb.go:233.165,235.32 2 0
2019_2_Next_Level/internal/post/MessageQueue/service/service.pb.go:238.2,238.24 1 0
2019_2_Next_Level/internal/post/MessageQueue/service/service.pb.go:241.2,245.77 2 0
2019_2_Next_Level/internal/post/MessageQueue/service/service.pb.go:248.2,248.44 1 0
2019_2_Next_Level/internal/post/MessageQueue/service/service.pb.go:235.32,237.3 1 0
2019_2_Next_Level/internal/post/MessageQueue/service/service.pb.go:238.24,240.3 1 0
2019_2_Next_Level/internal/post/MessageQueue/service/service.pb.go:245.77,247.3 1 0
2019_2_Next_Level/internal/model/grpcEmailConverter.go:11.60,13.2 1 0
2019_2_Next_Level/internal/model/grpcEmailConverter.go:15.62,22.2 1 0
2019_2_Next_Level/internal/Auth/log/log.go:7.36,9.2 1 0
2019_2_Next_Level/internal/Auth/log/log.go:11.24,12.16 1 0
2019_2_Next_Level/internal/Auth/log/log.go:15.2,15.12 1 0
2019_2_Next_Level/internal/Auth/log/log.go:12.16,14.3 1 0
2019_2_Next_Level/internal/serverapi/server/User/usecase/usecase.go:10.82,14.2 3 0
2019_2_Next_Level/internal/serverapi/server/User/usecase/usecase.go:20.65,22.16 2 0
2019_2_Next_Level/internal/serverapi/server/User/usecase/usecase.go:31.2,35.18 4 0
2019_2_Next_Level/internal/serverapi/server/User/usecase/usecase.go:22.16,23.21 1 0
2019_2_Next_Level/internal/serverapi/server/User/usecase/usecase.go:29.3,29.49 1 0
2019_2_Next_Level/internal/serverapi/server/User/usecase/usecase.go:24.16,25.20 1 0
2019_2_Next_Level/internal/serverapi/server/User/usecase/usecase.go:26.11,27.9 1 0
2019_2_Next_Level/internal/serverapi/server/User/usecase/usecase.go:37.56,40.16 3 0
2019_2_Next_Level/internal/serverapi/server/User/usecase/usecase.go:50.2,50.12 1 0
2019_2_Next_Level/internal/serverapi/server/User/usecase/usecase.go:40.16,41.21 1 0
2019_2_Next_Level/internal/serverapi/server/User/usecase/usecase.go:47.3,47.44 1 0
2019_2_Next_Level/internal/serverapi/server/User/usecase/usecase.go:42.16,43.14 1 0
2019_2_Next_Level/internal/serverapi/server/User/usecase/usecase.go:44.11,45.9 1 0
2019_2_Next_Level/internal/serverapi/server/User/usecase/usecase.go:52.88,54.2 1 0
2019_2_Next_Level/internal/serverapi/server/MailBox/repository/postgres.go:20.48,22.17 2 0
2019_2_Next_Level/internal/serverapi/server/MailBox/repository/postgres.go:28.2,28.15 1 0
2019_2_Next_Level/internal/serverapi/server/MailBox/repository/postgres.go:22.17,24.17 2 0
2019_2_Next_Level/internal/serverapi/server/MailBox/repository/postgres.go:24.17,26.4 1 0
2019_2_Next_Level/internal/serverapi/server/MailBox/repository/postgres.go:31.43,43.16 11 0
2019_2_Next_Level/internal/serverapi/server/MailBox/repository/postgres.go:49.2,50.16 2 0
2019_2_Next_Level/internal/serverapi/server/MailBox/repository/postgres.go:53.2,53.12 1 0
2019_2_Next_Level/internal/serverapi/server/MailBox/repository/postgres.go:43.16,45.3 1 0
2019_2_Next_Level/internal/serverapi/server/MailBox/repository/postgres.go:50.16,52.3 1 0
2019_2_Next_Level/internal/serverapi/server/MailBox/repository/postgres.go:56.98,63.16 6 0
2019_2_Next_Level/internal/serverapi/server/MailBox/repository/postgres.go:66.2,67.18 2 0
2019_2_Next_Level/internal/serverapi/server/MailBox/repository/postgres.go:63.16,65.3 1 0
2019_2_Next_Level/internal/serverapi/server/MailBox/repository/postgres.go:70.141,74.40 3 0
2019_2_Next_Level/internal/serverapi/server/MailBox/repository/postgres.go:79.2,83.16 4 0
2019_2_Next_Level/internal/serverapi/server/MailBox/repository/postgres.go:87.2,87.17 1 0
2019_2_Next_Level/internal/serverapi/server/MailBox/repository/postgres.go:98.2,98.18 1 0
2019_2_Next_Level/internal/serverapi/server/MailBox/repository/postgres.go:74.40,76.3 1 0
2019_2_Next_Level/internal/serverapi/server/MailBox/repository/postgres.go:76.7,78.3 1 0
2019_2_Next_Level/internal/serverapi/server/MailBox/repository/postgres.go:83.16,85.3 1 0
2019_2_Next_Level/internal/serverapi/server/MailBox/repository/postgres.go:87.17,91.99 3 0
2019_2_Next_Level/internal/serverapi/server/MailBox/repository/postgres.go:95.3,96.28 2 0
2019_2_Next_Level/internal/serverapi/server/MailBox/repository/postgres.go:91.99,93.4 1 0
2019_2_Next_Level/internal/serverapi/server/MailBox/repository/postgres.go:101.107,106.2 4 0
2019_2_Next_Level/internal/serverapi/server/MailBox/repository/postgres.go:108.109,111.20 3 0
2019_2_Next_Level/internal/serverapi/server/MailBox/repository/postgres.go:121.2,123.32 2 0
2019_2_Next_Level/internal/serverapi/server/MailBox/repository/postgres.go:129.2,129.12 1 0
2019_2_Next_Level/internal/serverapi/server/MailBox/repository/postgres.go:112.30,113.30 1 0
2019_2_Next_Level/internal/serverapi/server/MailBox/repository/postgres.go:114.32,115.31 1 0
2019_2_Next_Level/internal/serverapi/server/MailBox/repository/postgres.go:116.33,117.33 1 0
2019_2_Next_Level/internal/serverapi/server/MailBox/repository/postgres.go:118.10,119.36 1 0
2019_2_Next_Level/internal/serverapi/server/MailBox/repository/postgres.go:123.32,125.17 2 0
2019_2_Next_Level/internal/serverapi/server/MailBox/repository/postgres.go:125.17,127.4 1 0
2019_2_Next_Level/internal/serverapi/server/MailBox/repository/postgres.go:132.70,133.23 1 0
2019_2_Next_Level/internal/serverapi/server/MailBox/repository/postgres.go:160.2,160.45 1 0
2019_2_Next_Level/internal/serverapi/server/MailBox/repository/postgres.go:133.23,135.17 2 0
2019_2_Next_Level/internal/serverapi/server/MailBox/repository/postgres.go:139.3,142.17 4 0
2019_2_Next_Level/internal/serverapi/server/MailBox/repository/postgres.go:146.3,148.17 3 0
2019_2_Next_Level/internal/serverapi/server/MailBox/repository/postgres.go:152.3,153.40 2 0
2019_2_Next_Level/internal/serverapi/server/MailBox/repository/postgres.go:156.3,157.13 2 0
2019_2_Next_Level/internal/serverapi/server/MailBox/repository/postgres.go:135.17,137.4 1 0
2019_2_Next_Level/internal/serverapi/server/MailBox/repository/postgres.go:142.17,144.4 1 0
2019_2_Next_Level/internal/serverapi/server/MailBox/repository/postgres.go:148.17,150.4 1 0
2019_2_Next_Level/internal/serverapi/server/MailBox/repository/postgres.go:153.40,155.4 1 0
2019_2_Next_Level/internal/serverapi/server/User/http/handler.go:25.54,29.2 3 0
2019_2_Next_Level/internal/serverapi/server/User/http/handler.go:31.57,35.2 3 0
2019_2_Next_Level/internal/serverapi/server/User/http/handler.go:37.74,51.16 5 0
2019_2_Next_Level/internal/serverapi/server/User/http/handler.go:55.2,64.16 4 0
2019_2_Next_Level/internal/serverapi/server/User/http/handler.go:51.16,54.3 2 0
2019_2_Next_Level/internal/serverapi/server/User/http/handler.go:64.16,67.3 2 0
2019_2_Next_Level/internal/serverapi/server/User/http/handler.go:70.76,79.16 6 0
2019_2_Next_Level/internal/serverapi/server/User/http/handler.go:83.2,87.16 5 0
2019_2_Next_Level/internal/serverapi/server/User/http/handler.go:79.16,82.3 2 0
2019_2_Next_Level/internal/serverapi/server/User/http/handler.go:87.16,89.21 2 0
2019_2_Next_Level/internal/serverapi/server/User/http/handler.go:121.3,122.9 2 0
2019_2_Next_Level/internal/serverapi/server/User/http/handler.go:90.16,91.30 1 0
2019_2_Next_Level/internal/serverapi/server/User/http/handler.go:117.4,117.9 1 0
2019_2_Next_Level/internal/serverapi/server/User/http/handler.go:118.11,119.9 1 0
2019_2_Next_Level/internal/serverapi/server/User/http/handler.go:92.25,94.12 2 0
2019_2_Next_Level/internal/serverapi/server/User/http/handler.go:97.5,107.12 3 0
2019_2_Next_Level/internal/serverapi/server/User/http/handler.go:110.5,111.10 2 0
2019_2_Next_Level/internal/serverapi/server/User/http/handler.go:112.24,113.10 1 0
2019_2_Next_Level/internal/serverapi/server/User/http/handler.go:114.12,115.10 1 0
2019_2_Next_Level/internal/serverapi/server/User/http/handler.go:94.12,95.11 1 0
2019_2_Next_Level/internal/serverapi/server/User/http/handler.go:107.12,108.11 1 0
2019_2_Next_Level/internal/serverapi/server/User/http/handler.go:127.80,137.16 5 0
2019_2_Next_Level/internal/serverapi/server/User/http/handler.go:141.2,142.16 2 0
2019_2_Next_Level/internal/serverapi/server/User/http/handler.go:137.16,140.3 2 0
2019_2_Next_Level/internal/serverapi/server/User/http/handler.go:142.16,145.21 2 0
2019_2_Next_Level/internal/serverapi/server/User/http/handler.go:162.3,162.37 1 0
2019_2_Next_Level/internal/serverapi/server/User/http/handler.go:146.16,154.11 4 0
2019_2_Next_Level/internal/serverapi/server/User/http/handler.go:157.4,157.17 1 0
2019_2_Next_Level/internal/serverapi/server/User/http/handler.go:158.11,159.9 1 0
2019_2_Next_Level/internal/serverapi/server/User/http/handler.go:154.11,155.10 1 0
2019_2_Next_Level/internal/serverapi/server/User/http/handler.go:166.55,168.2 1 0
2019_2_Next_Level/internal/model/email.go:26.38,28.2 1 0
2019_2_Next_Level/internal/model/email.go:30.36,32.2 1 0
2019_2_Next_Level/internal/model/email.go:34.54,39.2 4 0
2019_2_Next_Level/internal/model/email.go:41.42,48.2 2 0
2019_2_Next_Level/internal/model/email.go:50.52,52.17 2 0
2019_2_Next_Level/internal/model/email.go:55.2,57.20 3 0
2019_2_Next_Level/internal/model/email.go:52.17,54.3 1 0
2019_2_Next_Level/internal/model/email.go:60.28,68.2 1 0
2019_2_Next_Level/internal/Auth/repository/postgres.go:16.38,18.2 1 0
2019_2_Next_Level/internal/Auth/repository/postgres.go:20.71,23.16 3 0
2019_2_Next_Level/internal/Auth/repository/postgres.go:26.2,28.16 3 0
2019_2_Next_Level/internal/Auth/repository/postgres.go:31.2,31.19 1 0
2019_2_Next_Level/internal/Auth/repository/postgres.go:23.16,25.3 1 0
2019_2_Next_Level/internal/Auth/repository/postgres.go:28.16,30.3 1 0
2019_2_Next_Level/internal/Auth/repository/postgres.go:34.71,35.40 1 0
2019_2_Next_Level/internal/Auth/repository/postgres.go:38.2,43.12 5 0
2019_2_Next_Level/internal/Auth/repository/postgres.go:35.40,37.3 1 0
2019_2_Next_Level/internal/Auth/repository/postgres.go:46.58,49.16 3 0
2019_2_Next_Level/internal/Auth/repository/postgres.go:52.2,52.12 1 0
2019_2_Next_Level/internal/Auth/repository/postgres.go:49.16,51.3 1 0
2019_2_Next_Level/internal/Auth/repository/postgres.go:55.63,58.16 3 0
2019_2_Next_Level/internal/Auth/repository/postgres.go:61.2,61.12 1 0
2019_2_Next_Level/internal/Auth/repository/postgres.go:58.16,60.3 1 0
2019_2_Next_Level/internal/Auth/repository/postgres.go:64.81,70.16 5 0
2019_2_Next_Level/internal/Auth/repository/postgres.go:73.2,73.25 1 0
2019_2_Next_Level/internal/Auth/repository/postgres.go:70.16,72.3 1 0
2019_2_Next_Level/internal/Auth/repository/postgres.go:76.97,80.2 3 0
2019_2_Next_Level/internal/Auth/repository/postgres.go:82.58,86.16 4 0
2019_2_Next_Level/internal/Auth/repository/postgres.go:89.2,89.16 1 0
2019_2_Next_Level/internal/Auth/repository/postgres.go:86.16,88.3 1 0
2019_2_Next_Level/internal/MailPicker/log/log.go:7.36,9.2 1 0
2019_2_Next_Level/internal/MailPicker/log/log.go:11.24,12.16 1 0
2019_2_Next_Level/internal/MailPicker/log/log.go:15.2,15.12 1 0
2019_2_Next_Level/internal/MailPicker/log/log.go:12.16,14.3 1 0
2019_2_Next_Level/internal/MailPicker/daemon.go:24.112,26.2 1 0
2019_2_Next_Level/internal/MailPicker/daemon.go:29.39,36.2 5 0
2019_2_Next_Level/internal/MailPicker/daemon.go:38.51,47.49 8 0
2019_2_Next_Level/internal/MailPicker/daemon.go:52.2,54.50 3 0
2019_2_Next_Level/internal/MailPicker/daemon.go:59.2,60.48 2 0
2019_2_Next_Level/internal/MailPicker/daemon.go:64.2,65.11 2 0
2019_2_Next_Level/internal/MailPicker/daemon.go:69.2,69.6 1 0
2019_2_Next_Level/internal/MailPicker/daemon.go:47.49,50.3 2 0
2019_2_Next_Level/internal/MailPicker/daemon.go:54.50,57.3 2 0
2019_2_Next_Level/internal/MailPicker/daemon.go:60.48,63.3 2 0
2019_2_Next_Level/internal/MailPicker/daemon.go:65.11,68.3 2 0
2019_2_Next_Level/internal/MailPicker/daemon.go:69.6,70.10 1 0
2019_2_Next_Level/internal/MailPicker/daemon.go:85.4,85.10 1 0
2019_2_Next_Level/internal/MailPicker/daemon.go:71.29,73.10 2 0
2019_2_Next_Level/internal/MailPicker/daemon.go:80.4,80.12 1 0
2019_2_Next_Level/internal/MailPicker/daemon.go:81.4,81.9 1 0
2019_2_Next_Level/internal/MailPicker/daemon.go:82.21,83.10 1 0
2019_2_Next_Level/internal/MailPicker/daemon.go:73.10,79.5 5 0
2019_2_Next_Level/internal/post/smtpd/worker/worker.go:22.102,28.2 2 0
2019_2_Next_Level/internal/post/smtpd/worker/worker.go:31.84,34.2 2 0
2019_2_Next_Level/internal/post/smtpd/worker/worker.go:37.46,39.2 1 0
2019_2_Next_Level/internal/serverapi/server/User/repository/repository.go:20.48,22.17 2 0
2019_2_Next_Level/internal/serverapi/server/User/repository/repository.go:28.2,28.15 1 0
2019_2_Next_Level/internal/serverapi/server/User/repository/repository.go:22.17,24.17 2 0
2019_2_Next_Level/internal/serverapi/server/User/repository/repository.go:24.17,26.4 1 0
2019_2_Next_Level/internal/serverapi/server/User/repository/repository.go:31.43,43.16 11 0
2019_2_Next_Level/internal/serverapi/server/User/repository/repository.go:49.2,50.16 2 0
2019_2_Next_Level/internal/serverapi/server/User/repository/repository.go:53.2,54.12 2 0
2019_2_Next_Level/internal/serverapi/server/User/repository/repository.go:43.16,45.3 1 0
2019_2_Next_Level/internal/serverapi/server/User/repository/repository.go:50.16,52.3 1 0
2019_2_Next_Level/internal/serverapi/server/User/repository/repository.go:57.72,61.16 4 0
2019_2_Next_Level/internal/serverapi/server/User/repository/repository.go:64.2,66.16 3 0
2019_2_Next_Level/internal/serverapi/server/User/repository/repository.go:69.2,70.18 2 0
2019_2_Next_Level/internal/serverapi/server/User/repository/repository.go:61.16,63.3 1 0
2019_2_Next_Level/internal/serverapi/server/User/repository/repository.go:66.16,68.3 1 0
2019_2_Next_Level/internal/serverapi/server/User/repository/repository.go:73.69,76.17 3 0
2019_2_Next_Level/internal/serverapi/server/User/repository/repository.go:79.2,80.16 2 0
2019_2_Next_Level/internal/serverapi/server/User/repository/repository.go:83.2,83.12 1 0
2019_2_Next_Level/internal/serverapi/server/User/repository/repository.go:76.17,78.3 1 0
2019_2_Next_Level/internal/serverapi/server/User/repository/repository.go:80.16,82.3 1 0
2019_2_Next_Level/internal/serverapi/server/User/repository/repository.go:86.103,90.2 3 0
2019_2_Next_Level/internal/serverapi/server/User/repository/repository.go:92.87,98.16 5 0
2019_2_Next_Level/internal/serverapi/server/User/repository/repository.go:101.2,101.25 1 0
2019_2_Next_Level/internal/serverapi/server/User/repository/repository.go:98.16,100.3 1 0
2019_2_Next_Level/internal/post/smtpd/daemon.go:29.75,31.20 1 0
2019_2_Next_Level/internal/post/smtpd/daemon.go:40.2,50.12 8 0
2019_2_Next_Level/internal/post/smtpd/daemon.go:31.20,32.52 1 0
2019_2_Next_Level/internal/post/smtpd/daemon.go:32.52,34.4 1 0
2019_2_Next_Level/internal/post/smtpd/daemon.go:34.9,36.4 1 0
2019_2_Next_Level/internal/post/smtpd/daemon.go:37.8,39.3 1 0
2019_2_Next_Level/internal/post/smtpd/daemon.go:53.73,57.2 3 0
2019_2_Next_Level/internal/post/smtpd/daemon.go:60.48,67.9 6 0
2019_2_Next_Level/internal/post/smtpd/daemon.go:68.20,70.9 2 0
2019_2_Next_Level/internal/post/smtpd/daemon.go:74.34,75.54 1 0
2019_2_Next_Level/internal/post/smtpd/daemon.go:75.54,77.3 1 0
2019_2_Next_Level/internal/post/smtpd/daemon.go:80.40,81.36 1 0
2019_2_Next_Level/internal/post/smtpd/daemon.go:81.36,82.24 1 0
2019_2_Next_Level/internal/post/smtpd/daemon.go:86.3,88.39 3 0
2019_2_Next_Level/internal/post/smtpd/daemon.go:82.24,84.12 2 0
2019_2_Next_Level/internal/post/smtpd/daemon.go:93.25,94.41 1 0
2019_2_Next_Level/internal/post/smtpd/daemon.go:94.41,99.17 4 0
2019_2_Next_Level/internal/post/smtpd/daemon.go:102.3,102.28 1 0
2019_2_Next_Level/internal/post/smtpd/daemon.go:99.17,101.4 1 0
2019_2_Next_Level/internal/post/smtpd/daemon.go:106.40,179.2 0 0
2019_2_Next_Level/internal/serverapi/server/MailBox/usecase/usecase.go:21.69,27.2 5 0
2019_2_Next_Level/internal/serverapi/server/MailBox/usecase/usecase.go:28.62,31.13 3 0
2019_2_Next_Level/internal/serverapi/server/MailBox/usecase/usecase.go:34.2,40.47 2 0
2019_2_Next_Level/internal/serverapi/server/MailBox/usecase/usecase.go:43.2,43.38 1 0
2019_2_Next_Level/internal/serverapi/server/MailBox/usecase/usecase.go:31.13,33.3 1 0
2019_2_Next_Level/internal/serverapi/server/MailBox/usecase/usecase.go:40.47,42.3 1 0
2019_2_Next_Level/internal/serverapi/server/MailBox/usecase/usecase.go:46.124,48.16 2 0
2019_2_Next_Level/internal/serverapi/server/MailBox/usecase/usecase.go:51.2,51.22 1 0
2019_2_Next_Level/internal/serverapi/server/MailBox/usecase/usecase.go:54.2,54.18 1 0
2019_2_Next_Level/internal/serverapi/server/MailBox/usecase/usecase.go:48.16,50.3 1 0
2019_2_Next_Level/internal/serverapi/server/MailBox/usecase/usecase.go:51.22,53.3 1 0
2019_2_Next_Level/internal/serverapi/server/MailBox/usecase/usecase.go:57.100,60.16 3 0
2019_2_Next_Level/internal/serverapi/server/MailBox/usecase/usecase.go:63.2,65.25 3 0
2019_2_Next_Level/internal/serverapi/server/MailBox/usecase/usecase.go:68.2,68.16 1 0
2019_2_Next_Level/internal/serverapi/server/MailBox/usecase/usecase.go:71.2,71.46 1 0
2019_2_Next_Level/internal/serverapi/server/MailBox/usecase/usecase.go:60.16,62.3 1 0
2019_2_Next_Level/internal/serverapi/server/MailBox/usecase/usecase.go:65.25,67.3 1 0
2019_2_Next_Level/internal/serverapi/server/MailBox/usecase/usecase.go:68.16,70.3 1 0
2019_2_Next_Level/internal/serverapi/server/MailBox/usecase/usecase.go:74.91,79.2 4 0
2019_2_Next_Level/internal/serverapi/server/MailBox/usecase/usecase.go:81.68,83.2 1 0
2019_2_Next_Level/internal/serverapi/server/MailBox/usecase/usecase.go:85.86,87.2 1 0
2019_2_Next_Level/internal/Auth/crypto.go:10.64,12.2 1 1
2019_2_Next_Level/internal/Auth/crypto.go:14.36,16.2 1 1
2019_2_Next_Level/internal/Auth/crypto.go:18.68,21.2 2 1
2019_2_Next_Level/internal/MailPicker/workers/picker.go:20.124,22.2 1 0
2019_2_Next_Level/internal/MailPicker/workers/picker.go:25.95,27.12 2 0
2019_2_Next_Level/internal/MailPicker/workers/picker.go:49.2,49.14 1 0
2019_2_Next_Level/internal/MailPicker/workers/picker.go:27.12,28.7 1 0
2019_2_Next_Level/internal/MailPicker/workers/picker.go:28.7,30.18 2 0
2019_2_Next_Level/internal/MailPicker/workers/picker.go:38.4,38.22 1 0
2019_2_Next_Level/internal/MailPicker/workers/picker.go:42.4,43.57 2 0
2019_2_Next_Level/internal/MailPicker/workers/picker.go:30.18,31.30 1 0
2019_2_Next_Level/internal/MailPicker/workers/picker.go:35.5,36.13 2 0
2019_2_Next_Level/internal/MailPicker/workers/picker.go:31.30,34.6 2 0
2019_2_Next_Level/internal/MailPicker/workers/picker.go:38.22,41.5 2 0
2019_2_Next_Level/internal/MailPicker/workers/picker.go:43.57,46.5 2 0
2019_2_Next_Level/internal/MailPicker/repository/postgres.go:17.50,20.16 3 0
2019_2_Next_Level/internal/MailPicker/repository/postgres.go:24.2,24.14 1 0
2019_2_Next_Level/internal/MailPicker/repository/postgres.go:20.16,23.3 2 0
2019_2_Next_Level/internal/MailPicker/repository/postgres.go:27.43,38.16 11 0
2019_2_Next_Level/internal/MailPicker/repository/postgres.go:42.2,43.16 2 0
2019_2_Next_Level/internal/MailPicker/repository/postgres.go:46.2,46.12 1 0
2019_2_Next_Level/internal/MailPicker/repository/postgres.go:38.16,40.3 1 0
2019_2_Next_Level/internal/MailPicker/repository/postgres.go:43.16,45.3 1 0
2019_2_Next_Level/internal/MailPicker/repository/postgres.go:50.60,53.16 3 0
2019_2_Next_Level/internal/MailPicker/repository/postgres.go:56.2,58.16 3 0
2019_2_Next_Level/internal/MailPicker/repository/postgres.go:61.2,61.16 1 0
2019_2_Next_Level/internal/MailPicker/repository/postgres.go:53.16,55.3 1 0
2019_2_Next_Level/internal/MailPicker/repository/postgres.go:58.16,60.3 1 0
2019_2_Next_Level/internal/MailPicker/repository/postgres.go:65.65,66.23 1 0
2019_2_Next_Level/internal/MailPicker/repository/postgres.go:93.2,93.45 1 0
2019_2_Next_Level/internal/MailPicker/repository/postgres.go:66.23,68.17 2 0
2019_2_Next_Level/internal/MailPicker/repository/postgres.go:72.3,75.17 4 0
2019_2_Next_Level/internal/MailPicker/repository/postgres.go:79.3,81.40 3 0
2019_2_Next_Level/internal/MailPicker/repository/postgres.go:85.3,86.17 2 0
2019_2_Next_Level/internal/MailPicker/repository/postgres.go:89.3,90.13 2 0
2019_2_Next_Level/internal/MailPicker/repository/postgres.go:68.17,70.4 1 0
2019_2_Next_Level/internal/MailPicker/repository/postgres.go:75.17,77.4 1 0
2019_2_Next_Level/internal/MailPicker/repository/postgres.go:81.40,83.4 1 0
2019_2_Next_Level/internal/MailPicker/repository/postgres.go:86.17,88.4 1 0
2019_2_Next_Level/internal/post/MessageQueue/daemon.go:33.79,35.16 2 0
2019_2_Next_Level/internal/post/MessageQueue/daemon.go:51.2,56.12 6 0
2019_2_Next_Level/internal/post/MessageQueue/daemon.go:36.18,41.8 5 0
2019_2_Next_Level/internal/post/MessageQueue/daemon.go:42.19,47.8 5 0
2019_2_Next_Level/internal/post/MessageQueue/daemon.go:48.10,49.60 1 0
2019_2_Next_Level/internal/post/MessageQueue/daemon.go:60.52,65.58 4 0
2019_2_Next_Level/internal/post/MessageQueue/daemon.go:68.2,68.16 1 0
2019_2_Next_Level/internal/post/MessageQueue/daemon.go:65.58,67.3 1 0
2019_2_Next_Level/internal/post/MessageQueue/daemon.go:68.16,70.3 1 0
2019_2_Next_Level/internal/post/MessageQueue/daemon.go:75.32,77.6 2 0
2019_2_Next_Level/internal/post/MessageQueue/daemon.go:77.6,79.17 2 0
2019_2_Next_Level/internal/post/MessageQueue/daemon.go:79.17,81.4 1 0
2019_2_Next_Level/internal/post/MessageQueue/daemon.go:81.9,85.4 3 0
2019_2_Next_Level/internal/post/MessageQueue/daemon.go:90.32,92.6 2 0
2019_2_Next_Level/internal/post/MessageQueue/daemon.go:92.6,99.17 6 0
2019_2_Next_Level/internal/post/MessageQueue/daemon.go:102.3,102.6 1 0
2019_2_Next_Level/internal/post/MessageQueue/daemon.go:99.17,101.4 1 0
2019_2_Next_Level/internal/post/smtpd/worker/session.go:20.33,23.2 2 0
2019_2_Next_Level/internal/post/smtpd/worker/session.go:26.43,29.2 2 0
2019_2_Next_Level/internal/post/smtpd/worker/session.go:32.41,35.2 2 0
2019_2_Next_Level/internal/post/smtpd/worker/session.go:38.43,40.16 2 0
2019_2_Next_Level/internal/post/smtpd/worker/session.go:43.2,47.12 2 0
2019_2_Next_Level/internal/post/smtpd/worker/session.go:40.16,42.3 1 0
2019_2_Next_Level/internal/post/smtpd/worker/session.go:51.27,53.2 1 0
2019_2_Next_Level/internal/post/smtpd/worker/session.go:56.34,59.2 2 0
2019_2_Next_Level/internal/post/smtpd/worker/session.go:62.33,63.15 1 0
2019_2_Next_Level/internal/post/smtpd/worker/session.go:66.2,66.17 1 0
2019_2_Next_Level/internal/post/smtpd/worker/session.go:63.15,65.3 1 0
2019_2_Next_Level/internal/MailPicker/config/config.go:18.44,19.50 1 0
2019_2_Next_Level/internal/MailPicker/config/config.go:23.2,23.19 1 0
2019_2_Next_Level/internal/MailPicker/config/config.go:19.50,21.3 1 0
2019_2_Next_Level/internal/MailPicker/config/config.go:23.19,25.10 2 0
2019_2_Next_Level/internal/MailPicker/config/config.go:29.3,30.10 2 0
2019_2_Next_Level/internal/MailPicker/config/config.go:34.3,34.24 1 0
2019_2_Next_Level/internal/MailPicker/config/config.go:25.10,28.4 2 0
2019_2_Next_Level/internal/MailPicker/config/config.go:30.10,33.4 2 0
2019_2_Next_Level/internal/MailPicker/config/config.go:35.8,38.3 2 0
2019_2_Next_Level/internal/MailPicker/config/config.go:49.44,52.2 2 0
2019_2_Next_Level/internal/serverapi/log/log.go:7.36,9.2 1 0
2019_2_Next_Level/internal/serverapi/log/log.go:11.24,12.16 1 0
2019_2_Next_Level/internal/serverapi/log/log.go:15.2,15.12 1 0
2019_2_Next_Level/internal/serverapi/log/log.go:12.16,14.3 1 0
2019_2_Next_Level/internal/Auth/client.go:28.51,31.16 3 0
2019_2_Next_Level/internal/Auth/client.go:35.2,36.12 2 0
2019_2_Next_Level/internal/Auth/client.go:31.16,33.3 1 0
2019_2_Next_Level/internal/Auth/client.go:39.32,41.2 1 0
2019_2_Next_Level/internal/Auth/client.go:42.69,46.2 3 0
2019_2_Next_Level/internal/Auth/client.go:48.64,52.2 3 0
2019_2_Next_Level/internal/Auth/client.go:54.58,58.2 3 0
2019_2_Next_Level/internal/Auth/client.go:60.64,64.2 3 0
2019_2_Next_Level/internal/Auth/client.go:66.91,70.2 3 0
2019_2_Next_Level/internal/Auth/client.go:72.78,76.2 3 0
2019_2_Next_Level/internal/Auth/client.go:78.74,82.2 3 0
2019_2_Next_Level/internal/Auth/client.go:84.49,86.17 2 0
2019_2_Next_Level/internal/Auth/client.go:89.2,89.12 1 0
2019_2_Next_Level/internal/Auth/client.go:86.17,88.3 1 0
2019_2_Next_Level/internal/MailPicker/workers/cleanup.go:18.56,20.2 1 0
2019_2_Next_Level/internal/MailPicker/workers/cleanup.go:22.117,25.12 2 0
2019_2_Next_Level/internal/MailPicker/workers/cleanup.go:55.2,55.14 1 0
2019_2_Next_Level/internal/MailPicker/workers/cleanup.go:25.12,26.24 1 0
2019_2_Next_Level/internal/MailPicker/workers/cleanup.go:26.24,28.11 2 0
2019_2_Next_Level/internal/MailPicker/workers/cleanup.go:32.4,40.18 8 0
2019_2_Next_Level/internal/MailPicker/workers/cleanup.go:44.4,44.44 1 0
2019_2_Next_Level/internal/MailPicker/workers/cleanup.go:48.4,52.36 5 0
2019_2_Next_Level/internal/MailPicker/workers/cleanup.go:28.11,31.5 2 0
2019_2_Next_Level/internal/MailPicker/workers/cleanup.go:40.18,43.5 2 0
2019_2_Next_Level/internal/MailPicker/workers/cleanup.go:44.44,47.5 2 0
2019_2_Next_Level/internal/MailPicker/workers/cleanup.go:58.62,60.2 1 0
2019_2_Next_Level/internal/MailPicker/workers/cleanup.go:62.66,68.37 6 0
2019_2_Next_Level/internal/MailPicker/workers/cleanup.go:71.2,72.11 2 0
2019_2_Next_Level/internal/MailPicker/workers/cleanup.go:68.37,70.3 1 0
2019_2_Next_Level/internal/MailPicker/workers/cleanup.go:75.63,76.25 1 0
2019_2_Next_Level/internal/MailPicker/workers/cleanup.go:79.2,80.42 2 0
2019_2_Next_Level/internal/MailPicker/workers/cleanup.go:95.2,95.13 1 0
2019_2_Next_Level/internal/MailPicker/workers/cleanup.go:76.25,78.3 1 0
2019_2_Next_Level/internal/MailPicker/workers/cleanup.go:80.42,82.20 2 0
2019_2_Next_Level/internal/MailPicker/workers/cleanup.go:83.21,84.22 1 0
2019_2_Next_Level/internal/MailPicker/workers/cleanup.go:87.4,87.9 1 0
2019_2_Next_Level/internal/MailPicker/workers/cleanup.go:88.20,90.9 2 0
2019_2_Next_Level/internal/MailPicker/workers/cleanup.go:91.11,92.9 1 0
2019_2_Next_Level/internal/MailPicker/workers/cleanup.go:84.22,86.5 1 0
2019_2_Next_Level/internal/serverapi/server/Error/httpError/http_errors.go:26.13,46.2 2 1
2019_2_Next_Level/internal/serverapi/server/Error/httpError/http_errors.go:53.38,55.2 1 0
2019_2_Next_Level/internal/serverapi/server/Error/httpError/http_errors.go:62.35,64.2 1 0
2019_2_Next_Level/internal/serverapi/server/Error/httpError/http_errors.go:66.37,73.2 1 0
2019_2_Next_Level/internal/serverapi/server/MailBox/handlers/handlers.go:21.73,33.2 9 0
2019_2_Next_Level/internal/serverapi/server/MailBox/handlers/handlers.go:35.72,39.15 4 0
2019_2_Next_Level/internal/serverapi/server/MailBox/handlers/handlers.go:43.2,49.15 5 0
2019_2_Next_Level/internal/serverapi/server/MailBox/handlers/handlers.go:54.2,57.16 4 0
2019_2_Next_Level/internal/serverapi/server/MailBox/handlers/handlers.go:39.15,42.3 2 0
2019_2_Next_Level/internal/serverapi/server/MailBox/handlers/handlers.go:49.15,53.3 3 0
2019_2_Next_Level/internal/serverapi/server/MailBox/handlers/handlers.go:57.16,60.3 2 0
2019_2_Next_Level/internal/serverapi/server/MailBox/handlers/handlers.go:63.75,67.15 4 0
2019_2_Next_Level/internal/serverapi/server/MailBox/handlers/handlers.go:71.2,73.16 3 0
2019_2_Next_Level/internal/serverapi/server/MailBox/handlers/handlers.go:77.2,78.16 2 0
2019_2_Next_Level/internal/serverapi/server/MailBox/handlers/handlers.go:82.2,87.16 4 0
2019_2_Next_Level/internal/serverapi/server/MailBox/handlers/handlers.go:91.2,100.37 1 0
2019_2_Next_Level/internal/serverapi/server/MailBox/handlers/handlers.go:67.15,70.3 2 0
2019_2_Next_Level/internal/serverapi/server/MailBox/handlers/handlers.go:73.16,76.3 2 0
2019_2_Next_Level/internal/serverapi/server/MailBox/handlers/handlers.go:78.16,81.3 2 0
2019_2_Next_Level/internal/serverapi/server/MailBox/handlers/handlers.go:87.16,90.3 2 0
2019_2_Next_Level/internal/serverapi/server/MailBox/handlers/handlers.go:100.37,102.27 2 0
2019_2_Next_Level/internal/serverapi/server/MailBox/handlers/handlers.go:105.4,105.20 1 0
2019_2_Next_Level/internal/serverapi/server/MailBox/handlers/handlers.go:102.27,104.5 1 0
2019_2_Next_Level/internal/serverapi/server/MailBox/handlers/handlers.go:110.78,114.15 4 0
2019_2_Next_Level/internal/serverapi/server/MailBox/handlers/handlers.go:118.2,119.16 2 0
2019_2_Next_Level/internal/serverapi/server/MailBox/handlers/handlers.go:124.2,127.30 1 0
2019_2_Next_Level/internal/serverapi/server/MailBox/handlers/handlers.go:114.15,117.3 2 0
2019_2_Next_Level/internal/serverapi/server/MailBox/handlers/handlers.go:119.16,123.3 3 0
2019_2_Next_Level/internal/serverapi/server/MailBox/handlers/handlers.go:130.72,134.15 4 0
2019_2_Next_Level/internal/serverapi/server/MailBox/handlers/handlers.go:138.2,140.16 3 0
2019_2_Next_Level/internal/serverapi/server/MailBox/handlers/handlers.go:152.2,153.16 2 0
2019_2_Next_Level/internal/serverapi/server/MailBox/handlers/handlers.go:158.2,175.24 2 0
2019_2_Next_Level/internal/serverapi/server/MailBox/handlers/handlers.go:134.15,137.3 2 0
2019_2_Next_Level/internal/serverapi/server/MailBox/handlers/handlers.go:140.16,143.3 2 0
2019_2_Next_Level/internal/serverapi/server/MailBox/handlers/handlers.go:153.16,156.3 2 0
2019_2_Next_Level/internal/serverapi/server/MailBox/handlers/handlers.go:178.76,180.2 1 0
2019_2_Next_Level/internal/serverapi/server/MailBox/handlers/handlers.go:182.78,184.2 1 0
2019_2_Next_Level/internal/serverapi/server/MailBox/handlers/handlers.go:186.75,188.2 1 0
2019_2_Next_Level/internal/serverapi/server/MailBox/handlers/handlers.go:190.82,194.15 4 0
2019_2_Next_Level/internal/serverapi/server/MailBox/handlers/handlers.go:199.2,203.16 3 0
2019_2_Next_Level/internal/serverapi/server/MailBox/handlers/handlers.go:207.2,208.16 2 0
2019_2_Next_Level/internal/serverapi/server/MailBox/handlers/handlers.go:194.15,197.3 2 0
2019_2_Next_Level/internal/serverapi/server/MailBox/handlers/handlers.go:203.16,206.3 2 0
2019_2_Next_Level/internal/serverapi/server/MailBox/handlers/handlers.go:208.16,211.3 2 0
2019_2_Next_Level/internal/serverapi/server/MailBox/handlers/handlers.go:214.56,216.2 1 0
2019_2_Next_Level/internal/serverapi/server/Auth/usecase/usecase.go:15.85,19.2 3 0
2019_2_Next_Level/internal/serverapi/server/Auth/usecase/usecase.go:26.59,28.2 1 0
2019_2_Next_Level/internal/serverapi/server/Auth/usecase/usecase.go:30.62,33.2 2 0
2019_2_Next_Level/internal/serverapi/server/Auth/usecase/usecase.go:35.49,37.2 1 0
2019_2_Next_Level/internal/serverapi/server/Auth/usecase/usecase.go:39.53,41.16 2 0
2019_2_Next_Level/internal/serverapi/server/Auth/usecase/usecase.go:58.2,59.12 2 0
2019_2_Next_Level/internal/serverapi/server/Auth/usecase/usecase.go:41.16,42.21 1 0
2019_2_Next_Level/internal/serverapi/server/Auth/usecase/usecase.go:43.16,44.30 1 0
2019_2_Next_Level/internal/serverapi/server/Auth/usecase/usecase.go:53.4,53.9 1 0
2019_2_Next_Level/internal/serverapi/server/Auth/usecase/usecase.go:54.11,55.45 1 0
2019_2_Next_Level/internal/serverapi/server/Auth/usecase/usecase.go:45.25,46.15 1 0
2019_2_Next_Level/internal/serverapi/server/Auth/usecase/usecase.go:48.96,49.60 1 0
2019_2_Next_Level/internal/serverapi/server/Auth/usecase/usecase.go:50.12,51.46 1 0
2019_2_Next_Level/internal/serverapi/server/Auth/usecase/usecase.go:62.70,64.16 2 0
2019_2_Next_Level/internal/serverapi/server/Auth/usecase/usecase.go:67.2,69.44 2 0
2019_2_Next_Level/internal/serverapi/server/Auth/usecase/usecase.go:64.16,66.3 1 0
2019_2_Next_Level/internal/Auth/usecase.go:15.49,17.2 1 1
2019_2_Next_Level/internal/Auth/usecase.go:19.109,21.16 2 1
2019_2_Next_Level/internal/Auth/usecase.go:24.2,24.55 1 1
2019_2_Next_Level/internal/Auth/usecase.go:21.16,23.3 1 1
2019_2_Next_Level/internal/Auth/usecase.go:27.100,31.16 3 1
2019_2_Next_Level/internal/Auth/usecase.go:35.2,35.64 1 1
2019_2_Next_Level/internal/Auth/usecase.go:31.16,33.3 1 1
2019_2_Next_Level/internal/Auth/usecase.go:38.109,40.16 2 1
2019_2_Next_Level/internal/Auth/usecase.go:43.2,43.49 1 1
2019_2_Next_Level/internal/Auth/usecase.go:40.16,42.3 1 1
2019_2_Next_Level/internal/Auth/usecase.go:46.107,48.16 2 1
2019_2_Next_Level/internal/Auth/usecase.go:51.2,51.42 1 1
2019_2_Next_Level/internal/Auth/usecase.go:48.16,50.3 1 1
2019_2_Next_Level/internal/Auth/usecase.go:54.116,56.16 2 1
2019_2_Next_Level/internal/Auth/usecase.go:60.2,64.41 4 1
2019_2_Next_Level/internal/Auth/usecase.go:56.16,58.3 1 1
2019_2_Next_Level/internal/Auth/usecase.go:67.115,69.16 2 1
2019_2_Next_Level/internal/Auth/usecase.go:72.2,72.42 1 1
2019_2_Next_Level/internal/Auth/usecase.go:69.16,71.3 1 1
2019_2_Next_Level/internal/Auth/usecase.go:75.111,82.2 5 0
2019_2_Next_Level/internal/Auth/usecase.go:84.73,86.16 2 1
2019_2_Next_Level/internal/Auth/usecase.go:89.2,89.71 1 1
2019_2_Next_Level/internal/Auth/usecase.go:92.2,92.12 1 1
2019_2_Next_Level/internal/Auth/usecase.go:86.16,88.3 1 1
2019_2_Next_Level/internal/Auth/usecase.go:89.71,91.3 1 1
2019_2_Next_Level/internal/Auth/usecase.go:95.52,97.2 1 1
2019_2_Next_Level/internal/post/model.go:14.36,16.2 1 0
2019_2_Next_Level/internal/serverapi/server/daemon.go:26.42,48.2 9 0
2019_2_Next_Level/internal/serverapi/server/daemon.go:50.40,53.101 3 0
2019_2_Next_Level/internal/serverapi/server/daemon.go:55.2,66.74 9 0
2019_2_Next_Level/internal/serverapi/server/daemon.go:53.102,53.103 0 0
2019_2_Next_Level/internal/serverapi/server/daemon.go:66.74,68.3 1 0
2019_2_Next_Level/internal/serverapi/server/daemon.go:72.52,74.16 2 0
2019_2_Next_Level/internal/serverapi/server/daemon.go:78.2,80.16 3 0
2019_2_Next_Level/internal/serverapi/server/daemon.go:83.2,86.21 4 0
2019_2_Next_Level/internal/serverapi/server/daemon.go:74.16,77.3 2 0
2019_2_Next_Level/internal/serverapi/server/daemon.go:80.16,82.3 1 0
2019_2_Next_Level/internal/serverapi/server/daemon.go:89.39,91.16 2 0
2019_2_Next_Level/internal/serverapi/server/daemon.go:95.2,97.16 3 0
2019_2_Next_Level/internal/serverapi/server/daemon.go:100.2,102.35 3 0
2019_2_Next_Level/internal/serverapi/server/daemon.go:91.16,94.3 2 0
2019_2_Next_Level/internal/serverapi/server/daemon.go:97.16,99.3 1 0
2019_2_Next_Level/internal/serverapi/server/daemon.go:105.39,107.16 2 0
2019_2_Next_Level/internal/serverapi/server/daemon.go:111.2,112.50 2 0
2019_2_Next_Level/internal/serverapi/server/daemon.go:107.16,110.3 2 0
2019_2_Next_Level/internal/post/log/log.go:7.36,9.2 1 0
2019_2_Next_Level/internal/post/log/log.go:11.24,12.16 1 0
2019_2_Next_Level/internal/post/log/log.go:15.2,15.12 1 0
2019_2_Next_Level/internal/post/log/log.go:12.16,14.3 1 0
2019_2_Next_Level/internal/serverapi/server/Auth/http/response.go:17.51,19.2 1 0
2019_2_Next_Level/internal/serverapi/server/Auth/http/response.go:26.45,28.2 1 0
2019_2_Next_Level/internal/serverapi/server/middleware/auth.go:13.75,14.46 1 0
2019_2_Next_Level/internal/serverapi/server/middleware/auth.go:14.46,15.72 1 0
2019_2_Next_Level/internal/serverapi/server/middleware/auth.go:15.72,17.18 2 0
2019_2_Next_Level/internal/serverapi/server/middleware/auth.go:21.4,22.18 2 0
2019_2_Next_Level/internal/serverapi/server/middleware/auth.go:27.4,28.24 2 0
2019_2_Next_Level/internal/serverapi/server/middleware/auth.go:17.18,20.5 2 0
2019_2_Next_Level/internal/serverapi/server/middleware/auth.go:22.18,26.5 3 0
2019_2_Next_Level/internal/model/user.go:22.26,23.23 1 0
2019_2_Next_Level/internal/model/user.go:23.23,25.3 1 0
2019_2_Next_Level/internal/model/user.go:27.78,34.2 6 0
2019_2_Next_Level/internal/model/user.go:36.30,45.2 1 0
2019_2_Next_Level/internal/MailPicker/workers/store.go:16.97,18.2 1 0
2019_2_Next_Level/internal/MailPicker/workers/store.go:20.93,22.12 2 0
2019_2_Next_Level/internal/MailPicker/workers/store.go:28.2,28.14 1 0
2019_2_Next_Level/internal/MailPicker/workers/store.go:22.12,23.26 1 0
2019_2_Next_Level/internal/MailPicker/workers/store.go:23.26,26.4 2 0
2019_2_Next_Level/internal/MailPicker/workers/store.go:31.60,33.16 2 0
2019_2_Next_Level/internal/MailPicker/workers/store.go:36.2,36.12 1 0
2019_2_Next_Level/internal/MailPicker/workers/store.go:33.16,35.3 1 0
2019_2_Next_Level/internal/post/MessageQueue/core.go:22.35,24.2 1 0
2019_2_Next_Level/internal/post/MessageQueue/core.go:27.93,30.2 2 0
2019_2_Next_Level/internal/post/MessageQueue/core.go:33.66,37.2 3 0
2019_2_Next_Level/internal/post/MessageQueue/core.go:40.89,44.2 3 0
2019_2_Next_Level/internal/post/MessageQueue/core.go:47.63,51.2 3 0
2019_2_Next_Level/internal/post/ChannelDispatcher.go:12.41,28.2 10 0
2019_2_Next_Level/internal/serverapi/server/config/config.go:18.48,21.2 2 0
2019_2_Next_Level/internal/model/user.go:22.26,23.23 1 0
2019_2_Next_Level/internal/model/user.go:23.23,25.3 1 0
2019_2_Next_Level/internal/model/user.go:27.78,34.2 6 0
2019_2_Next_Level/internal/model/user.go:36.30,45.2 1 0
2019_2_Next_Level/internal/serverapi/server/middleware/cors.go:11.48,12.46 1 0
2019_2_Next_Level/internal/serverapi/server/middleware/cors.go:12.46,13.72 1 0
2019_2_Next_Level/internal/serverapi/server/middleware/cors.go:13.72,17.49 4 0
2019_2_Next_Level/internal/serverapi/server/middleware/cors.go:22.4,27.24 5 0
2019_2_Next_Level/internal/serverapi/server/middleware/cors.go:17.49,21.5 3 0
2019_2_Next_Level/internal/serverapi/server/Auth/http/response.go:17.51,19.2 1 0
2019_2_Next_Level/internal/serverapi/server/Auth/http/response.go:26.45,28.2 1 0
2019_2_Next_Level/internal/Auth/log/log.go:7.36,9.2 1 0
2019_2_Next_Level/internal/Auth/log/log.go:11.24,12.16 1 0
2019_2_Next_Level/internal/Auth/log/log.go:15.2,15.12 1 0
2019_2_Next_Level/internal/Auth/log/log.go:12.16,14.3 1 0
2019_2_Next_Level/internal/MailPicker/workers/cleanup.go:18.56,20.2 1 0
2019_2_Next_Level/internal/MailPicker/workers/cleanup.go:22.117,25.12 2 0
2019_2_Next_Level/internal/MailPicker/workers/cleanup.go:55.2,55.14 1 0
2019_2_Next_Level/internal/MailPicker/workers/cleanup.go:25.12,26.24 1 0
2019_2_Next_Level/internal/MailPicker/workers/cleanup.go:26.24,28.11 2 0
2019_2_Next_Level/internal/MailPicker/workers/cleanup.go:32.4,40.18 8 0
2019_2_Next_Level/internal/MailPicker/workers/cleanup.go:44.4,44.44 1 0
2019_2_Next_Level/internal/MailPicker/workers/cleanup.go:48.4,52.36 5 0
2019_2_Next_Level/internal/MailPicker/workers/cleanup.go:28.11,31.5 2 0
2019_2_Next_Level/internal/MailPicker/workers/cleanup.go:40.18,43.5 2 0
2019_2_Next_Level/internal/MailPicker/workers/cleanup.go:44.44,47.5 2 0
2019_2_Next_Level/internal/MailPicker/workers/cleanup.go:58.62,60.2 1 0
2019_2_Next_Level/internal/MailPicker/workers/cleanup.go:62.66,68.37 6 0
2019_2_Next_Level/internal/MailPicker/workers/cleanup.go:71.2,72.11 2 0
2019_2_Next_Level/internal/MailPicker/workers/cleanup.go:68.37,70.3 1 0
2019_2_Next_Level/internal/MailPicker/workers/cleanup.go:75.63,76.25 1 0
2019_2_Next_Level/internal/MailPicker/workers/cleanup.go:79.2,80.42 2 0
2019_2_Next_Level/internal/MailPicker/workers/cleanup.go:95.2,95.13 1 0
2019_2_Next_Level/internal/MailPicker/workers/cleanup.go:76.25,78.3 1 0
2019_2_Next_Level/internal/MailPicker/workers/cleanup.go:80.42,82.20 2 0
2019_2_Next_Level/internal/MailPicker/workers/cleanup.go:83.21,84.22 1 0
2019_2_Next_Level/internal/MailPicker/workers/cleanup.go:87.4,87.9 1 0
2019_2_Next_Level/internal/MailPicker/workers/cleanup.go:88.20,90.9 2 0
2019_2_Next_Level/internal/MailPicker/workers/cleanup.go:91.11,92.9 1 0
2019_2_Next_Level/internal/MailPicker/workers/cleanup.go:84.22,86.5 1 0
2019_2_Next_Level/internal/serverapi/log/log.go:7.36,9.2 1 0
2019_2_Next_Level/internal/serverapi/log/log.go:11.24,12.16 1 0
2019_2_Next_Level/internal/serverapi/log/log.go:15.2,15.12 1 0
2019_2_Next_Level/internal/serverapi/log/log.go:12.16,14.3 1 0
2019_2_Next_Level/internal/serverapi/server/Error/error.go:28.31,30.2 1 0
2019_2_Next_Level/internal/serverapi/server/Error/error.go:31.40,34.2 2 1
2019_2_Next_Level/internal/serverapi/server/Error/error.go:35.44,38.2 2 1
2019_2_Next_Level/internal/serverapi/server/Error/error.go:39.46,42.2 2 0
2019_2_Next_Level/internal/serverapi/server/Error/error.go:44.45,47.2 2 0
2019_2_Next_Level/internal/serverapi/server/Error/error.go:49.46,52.2 2 0
2019_2_Next_Level/internal/serverapi/server/Error/error.go:54.31,56.2 1 0
2019_2_Next_Level/internal/serverapi/server/Error/error.go:58.75,60.14 1 0
2019_2_Next_Level/internal/serverapi/server/Error/error.go:63.2,65.18 3 0
2019_2_Next_Level/internal/serverapi/server/Error/error.go:68.2,68.27 1 0
2019_2_Next_Level/internal/serverapi/server/Error/error.go:60.14,62.3 1 0
2019_2_Next_Level/internal/serverapi/server/Error/error.go:65.18,67.3 1 0
2019_2_Next_Level/internal/serverapi/server/Error/error.go:71.39,73.2 1 0
2019_2_Next_Level/internal/serverapi/server/Error/httpError/http_errors.go:26.13,46.2 2 1
2019_2_Next_Level/internal/serverapi/server/Error/httpError/http_errors.go:53.38,55.2 1 0
2019_2_Next_Level/internal/serverapi/server/Error/httpError/http_errors.go:62.35,64.2 1 0
2019_2_Next_Level/internal/serverapi/server/Error/httpError/http_errors.go:66.37,73.2 1 0
2019_2_Next_Level/internal/serverapi/server/User/usecase/usecase.go:10.82,14.2 3 0
2019_2_Next_Level/internal/serverapi/server/User/usecase/usecase.go:20.65,22.16 2 0
2019_2_Next_Level/internal/serverapi/server/User/usecase/usecase.go:31.2,35.18 4 0
2019_2_Next_Level/internal/serverapi/server/User/usecase/usecase.go:22.16,23.21 1 0
2019_2_Next_Level/internal/serverapi/server/User/usecase/usecase.go:29.3,29.49 1 0
2019_2_Next_Level/internal/serverapi/server/User/usecase/usecase.go:24.16,25.20 1 0
2019_2_Next_Level/internal/serverapi/server/User/usecase/usecase.go:26.11,27.9 1 0
2019_2_Next_Level/internal/serverapi/server/User/usecase/usecase.go:37.56,40.16 3 0
2019_2_Next_Level/internal/serverapi/server/User/usecase/usecase.go:50.2,50.12 1 0
2019_2_Next_Level/internal/serverapi/server/User/usecase/usecase.go:40.16,41.21 1 0
2019_2_Next_Level/internal/serverapi/server/User/usecase/usecase.go:47.3,47.44 1 0
2019_2_Next_Level/internal/serverapi/server/User/usecase/usecase.go:42.16,43.14 1 0
2019_2_Next_Level/internal/serverapi/server/User/usecase/usecase.go:44.11,45.9 1 0
2019_2_Next_Level/internal/serverapi/server/User/usecase/usecase.go:52.88,54.2 1 0
2019_2_Next_Level/internal/Auth/client.go:28.51,31.16 3 0
2019_2_Next_Level/internal/Auth/client.go:35.2,36.12 2 0
2019_2_Next_Level/internal/Auth/client.go:31.16,33.3 1 0
2019_2_Next_Level/internal/Auth/client.go:39.32,41.2 1 0
2019_2_Next_Level/internal/Auth/client.go:42.69,46.2 3 0
2019_2_Next_Level/internal/Auth/client.go:48.64,52.2 3 0
2019_2_Next_Level/internal/Auth/client.go:54.58,58.2 3 0
2019_2_Next_Level/internal/Auth/client.go:60.64,64.2 3 0
2019_2_Next_Level/internal/Auth/client.go:66.91,70.2 3 0
2019_2_Next_Level/internal/Auth/client.go:72.78,76.2 3 0
2019_2_Next_Level/internal/Auth/client.go:78.74,82.2 3 0
2019_2_Next_Level/internal/Auth/client.go:84.49,86.17 2 0
2019_2_Next_Level/internal/Auth/client.go:89.2,89.12 1 0
2019_2_Next_Level/internal/Auth/client.go:86.17,88.3 1 0
2019_2_Next_Level/internal/MailPicker/log/log.go:7.36,9.2 1 0
2019_2_Next_Level/internal/MailPicker/log/log.go:11.24,12.16 1 0
2019_2_Next_Level/internal/MailPicker/log/log.go:15.2,15.12 1 0
2019_2_Next_Level/internal/MailPicker/log/log.go:12.16,14.3 1 0
2019_2_Next_Level/internal/post/smtpd/worker/worker.go:22.102,28.2 2 0
2019_2_Next_Level/internal/post/smtpd/worker/worker.go:31.84,34.2 2 0
2019_2_Next_Level/internal/post/smtpd/worker/worker.go:37.46,39.2 1 0
2019_2_Next_Level/internal/post/channels.go:8.44,12.2 3 0
2019_2_Next_Level/internal/post/model.go:14.36,16.2 1 0
2019_2_Next_Level/internal/post/MessageQueue/service/service.pb.go:37.33,37.49 1 0
2019_2_Next_Level/internal/post/MessageQueue/service/service.pb.go:38.33,38.70 1 0
2019_2_Next_Level/internal/post/MessageQueue/service/service.pb.go:39.34,39.35 0 0
2019_2_Next_Level/internal/post/MessageQueue/service/service.pb.go:40.44,42.2 1 0
2019_2_Next_Level/internal/post/MessageQueue/service/service.pb.go:44.47,46.2 1 0
2019_2_Next_Level/internal/post/MessageQueue/service/service.pb.go:47.75,49.2 1 0
2019_2_Next_Level/internal/post/MessageQueue/service/service.pb.go:50.46,52.2 1 0
2019_2_Next_Level/internal/post/MessageQueue/service/service.pb.go:53.32,55.2 1 0
2019_2_Next_Level/internal/post/MessageQueue/service/service.pb.go:56.38,58.2 1 0
2019_2_Next_Level/internal/post/MessageQueue/service/service.pb.go:62.34,63.14 1 0
2019_2_Next_Level/internal/post/MessageQueue/service/service.pb.go:66.2,66.11 1 0
2019_2_Next_Level/internal/post/MessageQueue/service/service.pb.go:63.14,65.3 1 0
2019_2_Next_Level/internal/post/MessageQueue/service/service.pb.go:69.32,70.14 1 0
2019_2_Next_Level/internal/post/MessageQueue/service/service.pb.go:73.2,73.11 1 0
2019_2_Next_Level/internal/post/MessageQueue/service/service.pb.go:70.14,72.3 1 0
2019_2_Next_Level/internal/post/MessageQueue/service/service.pb.go:76.37,77.14 1 0
2019_2_Next_Level/internal/post/MessageQueue/service/service.pb.go:80.2,80.11 1 0
2019_2_Next_Level/internal/post/MessageQueue/service/service.pb.go:77.14,79.3 1 0
2019_2_Next_Level/internal/post/MessageQueue/service/service.pb.go:83.34,84.14 1 0
2019_2_Next_Level/internal/post/MessageQueue/service/service.pb.go:87.2,87.11 1 0
2019_2_Next_Level/internal/post/MessageQueue/service/service.pb.go:84.14,86.3 1 0
2019_2_Next_Level/internal/post/MessageQueue/service/service.pb.go:97.33,97.49 1 0
2019_2_Next_Level/internal/post/MessageQueue/service/service.pb.go:98.33,98.70 1 0
2019_2_Next_Level/internal/post/MessageQueue/service/service.pb.go:99.34,99.35 0 0
2019_2_Next_Level/internal/post/MessageQueue/service/service.pb.go:100.44,102.2 1 0
2019_2_Next_Level/internal/post/MessageQueue/service/service.pb.go:104.47,106.2 1 0
2019_2_Next_Level/internal/post/MessageQueue/service/service.pb.go:107.75,109.2 1 0
2019_2_Next_Level/internal/post/MessageQueue/service/service.pb.go:110.46,112.2 1 0
2019_2_Next_Level/internal/post/MessageQueue/service/service.pb.go:113.32,115.2 1 0
2019_2_Next_Level/internal/post/MessageQueue/service/service.pb.go:116.38,118.2 1 0
2019_2_Next_Level/internal/post/MessageQueue/service/service.pb.go:122.29,123.14 1 0
2019_2_Next_Level/internal/post/MessageQueue/service/service.pb.go:126.2,126.14 1 0
2019_2_Next_Level/internal/post/MessageQueue/service/service.pb.go:123.14,125.3 1 0
2019_2_Next_Level/internal/post/MessageQueue/service/service.pb.go:129.13,132.2 2 1
2019_2_Next_Level/internal/post/MessageQueue/service/service.pb.go:134.13,134.85 1 1
2019_2_Next_Level/internal/post/MessageQueue/service/service.pb.go:172.68,174.2 1 0
2019_2_Next_Level/internal/post/MessageQueue/service/service.pb.go:176.111,179.16 3 0
2019_2_Next_Level/internal/post/MessageQueue/service/service.pb.go:182.2,182.17 1 0
2019_2_Next_Level/internal/post/MessageQueue/service/service.pb.go:179.16,181.3 1 0
2019_2_Next_Level/internal/post/MessageQueue/service/service.pb.go:185.111,188.16 3 0
2019_2_Next_Level/internal/post/MessageQueue/service/service.pb.go:191.2,191.17 1 0
2019_2_Next_Level/internal/post/MessageQueue/service/service.pb.go:188.16,190.3 1 0
2019_2_Next_Level/internal/post/MessageQueue/service/service.pb.go:204.98,206.2 1 0
2019_2_Next_Level/internal/post/MessageQueue/service/service.pb.go:207.98,209.2 1 0
2019_2_Next_Level/internal/post/MessageQueue/service/service.pb.go:211.73,213.2 1 0
2019_2_Next_Level/internal/post/MessageQueue/service/service.pb.go:215.165,217.32 2 0
2019_2_Next_Level/internal/post/MessageQueue/service/service.pb.go:220.2,220.24 1 0
2019_2_Next_Level/internal/post/MessageQueue/service/service.pb.go:223.2,227.77 2 0
2019_2_Next_Level/internal/post/MessageQueue/service/service.pb.go:230.2,230.44 1 0
2019_2_Next_Level/internal/post/MessageQueue/service/service.pb.go:217.32,219.3 1 0
2019_2_Next_Level/internal/post/MessageQueue/service/service.pb.go:220.24,222.3 1 0
2019_2_Next_Level/internal/post/MessageQueue/service/service.pb.go:227.77,229.3 1 0
2019_2_Next_Level/internal/post/MessageQueue/service/service.pb.go:233.165,235.32 2 0
2019_2_Next_Level/internal/post/MessageQueue/service/service.pb.go:238.2,238.24 1 0
2019_2_Next_Level/internal/post/MessageQueue/service/service.pb.go:241.2,245.77 2 0
2019_2_Next_Level/internal/post/MessageQueue/service/service.pb.go:248.2,248.44 1 0
2019_2_Next_Level/internal/post/MessageQueue/service/service.pb.go:235.32,237.3 1 0
2019_2_Next_Level/internal/post/MessageQueue/service/service.pb.go:238.24,240.3 1 0
2019_2_Next_Level/internal/post/MessageQueue/service/service.pb.go:245.77,247.3 1 0
2019_2_Next_Level/internal/serverapi/server/MailBox/handlers/handlers.go:21.73,33.2 9 0
2019_2_Next_Level/internal/serverapi/server/MailBox/handlers/handlers.go:35.72,39.15 4 0
2019_2_Next_Level/internal/serverapi/server/MailBox/handlers/handlers.go:43.2,49.15 5 0
2019_2_Next_Level/internal/serverapi/server/MailBox/handlers/handlers.go:54.2,57.16 4 0
2019_2_Next_Level/internal/serverapi/server/MailBox/handlers/handlers.go:39.15,42.3 2 0
2019_2_Next_Level/internal/serverapi/server/MailBox/handlers/handlers.go:49.15,53.3 3 0
2019_2_Next_Level/internal/serverapi/server/MailBox/handlers/handlers.go:57.16,60.3 2 0
2019_2_Next_Level/internal/serverapi/server/MailBox/handlers/handlers.go:63.75,67.15 4 0
2019_2_Next_Level/internal/serverapi/server/MailBox/handlers/handlers.go:71.2,73.16 3 0
2019_2_Next_Level/internal/serverapi/server/MailBox/handlers/handlers.go:77.2,78.16 2 0
2019_2_Next_Level/internal/serverapi/server/MailBox/handlers/handlers.go:82.2,87.16 4 0
2019_2_Next_Level/internal/serverapi/server/MailBox/handlers/handlers.go:91.2,100.37 1 0
2019_2_Next_Level/internal/serverapi/server/MailBox/handlers/handlers.go:67.15,70.3 2 0
2019_2_Next_Level/internal/serverapi/server/MailBox/handlers/handlers.go:73.16,76.3 2 0
2019_2_Next_Level/internal/serverapi/server/MailBox/handlers/handlers.go:78.16,81.3 2 0
2019_2_Next_Level/internal/serverapi/server/MailBox/handlers/handlers.go:87.16,90.3 2 0
2019_2_Next_Level/internal/serverapi/server/MailBox/handlers/handlers.go:100.37,102.27 2 0
2019_2_Next_Level/internal/serverapi/server/MailBox/handlers/handlers.go:105.4,105.20 1 0
2019_2_Next_Level/internal/serverapi/server/MailBox/handlers/handlers.go:102.27,104.5 1 0
2019_2_Next_Level/internal/serverapi/server/MailBox/handlers/handlers.go:110.78,114.15 4 0
2019_2_Next_Level/internal/serverapi/server/MailBox/handlers/handlers.go:118.2,119.16 2 0
2019_2_Next_Level/internal/serverapi/server/MailBox/handlers/handlers.go:124.2,127.30 1 0
2019_2_Next_Level/internal/serverapi/server/MailBox/handlers/handlers.go:114.15,117.3 2 0
2019_2_Next_Level/internal/serverapi/server/MailBox/handlers/handlers.go:119.16,123.3 3 0
2019_2_Next_Level/internal/serverapi/server/MailBox/handlers/handlers.go:130.72,134.15 4 0
2019_2_Next_Level/internal/serverapi/server/MailBox/handlers/handlers.go:138.2,140.16 3 0
2019_2_Next_Level/internal/serverapi/server/MailBox/handlers/handlers.go:152.2,153.16 2 0
2019_2_Next_Level/internal/serverapi/server/MailBox/handlers/handlers.go:158.2,175.24 2 0
2019_2_Next_Level/internal/serverapi/server/MailBox/handlers/handlers.go:134.15,137.3 2 0
2019_2_Next_Level/internal/serverapi/server/MailBox/handlers/handlers.go:140.16,143.3 2 0
2019_2_Next_Level/internal/serverapi/server/MailBox/handlers/handlers.go:153.16,156.3 2 0
2019_2_Next_Level/internal/serverapi/server/MailBox/handlers/handlers.go:178.76,180.2 1 0
2019_2_Next_Level/internal/serverapi/server/MailBox/handlers/handlers.go:182.78,184.2 1 0
2019_2_Next_Level/internal/serverapi/server/MailBox/handlers/handlers.go:186.75,188.2 1 0
2019_2_Next_Level/internal/serverapi/server/MailBox/handlers/handlers.go:190.82,194.15 4 0
2019_2_Next_Level/internal/serverapi/server/MailBox/handlers/handlers.go:199.2,203.16 3 0
2019_2_Next_Level/internal/serverapi/server/MailBox/handlers/handlers.go:207.2,208.16 2 0
2019_2_Next_Level/internal/serverapi/server/MailBox/handlers/handlers.go:194.15,197.3 2 0
2019_2_Next_Level/internal/serverapi/server/MailBox/handlers/handlers.go:203.16,206.3 2 0
2019_2_Next_Level/internal/serverapi/server/MailBox/handlers/handlers.go:208.16,211.3 2 0
2019_2_Next_Level/internal/serverapi/server/MailBox/handlers/handlers.go:214.56,216.2 1 0
[...]
2019_2_Next_Level/internal/post/MessageQueue/core.go:33.66,37.2 3 0
2019_2_Next_Level/internal/post/MessageQueue/core.go:40.89,44.2 3 0
2019_2_Next_Level/internal/post/MessageQueue/core.go:47.63,51.2 3 0
2019_2_Next_Level/internal/serverapi/server/middleware/cors.go:11.48,12.46 1 1
2019_2_Next_Level/internal/serverapi/server/middleware/cors.go:12.46,13.72 1 1
2019_2_Next_Level/internal/serverapi/server/middleware/cors.go:13.72,17.49 4 1
2019_2_Next_Level/internal/serverapi/server/middleware/cors.go:22.4,27.24 5 1
2019_2_Next_Level/internal/serverapi/server/middleware/cors.go:17.49,21.5 3 0
2019_2_Next_Level/internal/MailPicker/workers/store.go:16.97,18.2 1 0
2019_2_Next_Level/internal/MailPicker/workers/store.go:20.93,22.12 2 0
2019_2_Next_Level/internal/MailPicker/workers/store.go:28.2,28.14 1 0
2019_2_Next_Level/internal/MailPicker/workers/store.go:22.12,23.26 1 0
2019_2_Next_Level/internal/MailPicker/workers/store.go:23.26,26.4 2 0
2019_2_Next_Level/internal/MailPicker/workers/store.go:31.60,33.16 2 0
2019_2_Next_Level/internal/MailPicker/workers/store.go:36.2,36.12 1 0
2019_2_Next_Level/internal/MailPicker/workers/store.go:33.16,35.3 1 0
2019_2_Next_Level/internal/post/smtpd/outcoming.go:20.89,22.2 1 0
2019_2_Next_Level/internal/post/smtpd/outcoming.go:24.88,31.16 3 0
2019_2_Next_Level/internal/post/smtpd/outcoming.go:35.2,36.16 2 0
2019_2_Next_Level/internal/post/smtpd/outcoming.go:39.2,39.12 1 0
2019_2_Next_Level/internal/post/smtpd/outcoming.go:31.16,33.3 1 0
2019_2_Next_Level/internal/post/smtpd/outcoming.go:36.16,38.3 1 0
2019_2_Next_Level/internal/post/smtpd/outcoming.go:42.52,45.16 3 0
2019_2_Next_Level/internal/post/smtpd/outcoming.go:49.2,54.33 4 0
2019_2_Next_Level/internal/post/smtpd/outcoming.go:57.2,58.30 2 0
2019_2_Next_Level/internal/post/smtpd/outcoming.go:61.2,63.8 2 0
2019_2_Next_Level/internal/post/smtpd/outcoming.go:45.16,47.3 1 0
2019_2_Next_Level/internal/post/smtpd/outcoming.go:54.33,56.3 1 0
2019_2_Next_Level/internal/post/smtpd/outcoming.go:58.30,60.3 1 0
2019_2_Next_Level/internal/post/smtpd/outcoming.go:67.45,69.16 2 0
2019_2_Next_Level/internal/post/smtpd/outcoming.go:72.2,72.19 1 0
2019_2_Next_Level/internal/post/smtpd/outcoming.go:69.16,71.3 1 0
2019_2_Next_Level/internal/post/smtpd/outcoming.go:75.39,79.2 2 0
2019_2_Next_Level/internal/post/smtpd/outcoming.go:81.82,91.27 9 0
2019_2_Next_Level/internal/post/smtpd/outcoming.go:94.2,96.24 2 0
2019_2_Next_Level/internal/post/smtpd/outcoming.go:91.27,93.3 1 0
2019_2_Next_Level/internal/serverapi/server/User/http/handler.go:25.54,29.2 3 0
2019_2_Next_Level/internal/serverapi/server/User/http/handler.go:31.57,35.2 3 0
2019_2_Next_Level/internal/serverapi/server/User/http/handler.go:37.74,51.16 5 0
2019_2_Next_Level/internal/serverapi/server/User/http/handler.go:55.2,64.16 4 0
2019_2_Next_Level/internal/serverapi/server/User/http/handler.go:51.16,54.3 2 0
2019_2_Next_Level/internal/serverapi/server/User/http/handler.go:64.16,67.3 2 0
2019_2_Next_Level/internal/serverapi/server/User/http/handler.go:70.76,79.16 6 0
2019_2_Next_Level/internal/serverapi/server/User/http/handler.go:83.2,87.16 5 0
2019_2_Next_Level/internal/serverapi/server/User/http/handler.go:79.16,82.3 2 0
2019_2_Next_Level/internal/serverapi/server/User/http/handler.go:87.16,89.21 2 0
2019_2_Next_Level/internal/serverapi/server/User/http/handler.go:121.3,122.9 2 0
2019_2_Next_Level/internal/serverapi/server/User/http/handler.go:90.16,91.30 1 0
2019_2_Next_Level/internal/serverapi/server/User/http/handler.go:117.4,117.9 1 0
2019_2_Next_Level/internal/serverapi/server/User/http/handler.go:118.11,119.9 1 0
2019_2_Next_Level/internal/serverapi/server/User/http/handler.go:92.25,94.12 2 0
2019_2_Next_Level/internal/serverapi/server/User/http/handler.go:97.5,107.12 3 0
2019_2_Next_Level/internal/serverapi/server/User/http/handler.go:110.5,111.10 2 0
2019_2_Next_Level/internal/serverapi/server/User/http/handler.go:112.24,113.10 1 0
2019_2_Next_Level/internal/serverapi/server/User/http/handler.go:114.12,115.10 1 0
2019_2_Next_Level/internal/serverapi/server/User/http/handler.go:94.12,95.11 1 0
2019_2_Next_Level/internal/serverapi/server/User/http/handler.go:107.12,108.11 1 0
2019_2_Next_Level/internal/serverapi/server/User/http/handler.go:127.80,137.16 5 0
2019_2_Next_Level/internal/serverapi/server/User/http/handler.go:141.2,142.16 2 0
2019_2_Next_Level/internal/serverapi/server/User/http/handler.go:137.16,140.3 2 0
2019_2_Next_Level/internal/serverapi/server/User/http/handler.go:142.16,145.21 2 0
2019_2_Next_Level/internal/serverapi/server/User/http/handler.go:162.3,162.37 1 0
2019_2_Next_Level/internal/serverapi/server/User/http/handler.go:146.16,154.11 4 0
2019_2_Next_Level/internal/serverapi/server/User/http/handler.go:157.4,157.17 1 0
2019_2_Next_Level/internal/serverapi/server/User/http/handler.go:158.11,159.9 1 0
2019_2_Next_Level/internal/serverapi/server/User/http/handler.go:154.11,155.10 1 0
2019_2_Next_Level/internal/serverapi/server/User/http/handler.go:166.55,168.2 1 0
2019_2_Next_Level/internal/serverapi/server/middleware/auth.go:13.75,14.46 1 1
2019_2_Next_Level/internal/serverapi/server/middleware/auth.go:14.46,15.72 1 1
2019_2_Next_Level/internal/serverapi/server/middleware/auth.go:15.72,17.18 2 1
2019_2_Next_Level/internal/serverapi/server/middleware/auth.go:21.4,22.18 2 1
2019_2_Next_Level/internal/serverapi/server/middleware/auth.go:27.4,28.24 2 1
2019_2_Next_Level/internal/serverapi/server/middleware/auth.go:17.18,20.5 2 0
2019_2_Next_Level/internal/serverapi/server/middleware/auth.go:22.18,26.5 3 0
2019_2_Next_Level/internal/serverapi/server/middleware/static.go:7.62,8.46 1 1
2019_2_Next_Level/internal/serverapi/server/middleware/static.go:8.46,9.72 1 1
2019_2_Next_Level/internal/serverapi/server/middleware/static.go:9.72,11.31 2 1
2019_2_Next_Level/internal/serverapi/server/middleware/static.go:14.4,15.24 2 1
2019_2_Next_Level/internal/serverapi/server/middleware/static.go:11.31,13.5 1 0
2019_2_Next_Level/internal/Auth/client.go:28.51,31.16 3 0
2019_2_Next_Level/internal/Auth/client.go:35.2,36.12 2 0
2019_2_Next_Level/internal/Auth/client.go:31.16,33.3 1 0
2019_2_Next_Level/internal/Auth/client.go:39.32,41.2 1 0
2019_2_Next_Level/internal/Auth/client.go:42.69,46.2 3 0
2019_2_Next_Level/internal/Auth/client.go:48.64,52.2 3 0
2019_2_Next_Level/internal/Auth/client.go:54.58,58.2 3 0
2019_2_Next_Level/internal/Auth/client.go:60.64,64.2 3 0
2019_2_Next_Level/internal/Auth/client.go:66.91,70.2 3 0
2019_2_Next_Level/internal/Auth/client.go:72.78,76.2 3 0
2019_2_Next_Level/internal/Auth/client.go:78.74,82.2 3 0
2019_2_Next_Level/internal/Auth/client.go:84.49,86.17 2 0
2019_2_Next_Level/internal/Auth/client.go:89.2,89.12 1 0
2019_2_Next_Level/internal/Auth/client.go:86.17,88.3 1 0
2019_2_Next_Level/internal/post/model.go:14.36,16.2 1 0
2019_2_Next_Level/internal/MailPicker/config/config.go:18.44,19.50 1 0
2019_2_Next_Level/internal/MailPicker/config/config.go:23.2,23.19 1 0
2019_2_Next_Level/internal/MailPicker/config/config.go:19.50,21.3 1 0
2019_2_Next_Level/internal/MailPicker/config/config.go:23.19,25.10 2 0
2019_2_Next_Level/internal/MailPicker/config/config.go:29.3,30.10 2 0
2019_2_Next_Level/internal/MailPicker/config/config.go:34.3,34.24 1 0
2019_2_Next_Level/internal/MailPicker/config/config.go:25.10,28.4 2 0
2019_2_Next_Level/internal/MailPicker/config/config.go:30.10,33.4 2 0
2019_2_Next_Level/internal/MailPicker/config/config.go:35.8,38.3 2 0
2019_2_Next_Level/internal/MailPicker/config/config.go:49.44,52.2 2 0
2019_2_Next_Level/internal/post/smtpd/worker/session.go:20.33,23.2 2 0
2019_2_Next_Level/internal/post/smtpd/worker/session.go:26.43,29.2 2 0
2019_2_Next_Level/internal/post/smtpd/worker/session.go:32.41,35.2 2 0
2019_2_Next_Level/internal/post/smtpd/worker/session.go:38.43,40.16 2 0
2019_2_Next_Level/internal/post/smtpd/worker/session.go:43.2,47.12 2 0
2019_2_Next_Level/internal/post/smtpd/worker/session.go:40.16,42.3 1 0
2019_2_Next_Level/internal/post/smtpd/worker/session.go:51.27,53.2 1 0
2019_2_Next_Level/internal/post/smtpd/worker/session.go:56.34,59.2 2 0
2019_2_Next_Level/internal/post/smtpd/worker/session.go:62.33,63.15 1 0
2019_2_Next_Level/internal/post/smtpd/worker/session.go:66.2,66.17 1 0
2019_2_Next_Level/internal/post/smtpd/worker/session.go:63.15,65.3 1 0
2019_2_Next_Level/internal/serverapi/config/config.go:14.48,16.19 2 0
2019_2_Next_Level/internal/serverapi/config/config.go:32.2,32.32 1 0
2019_2_Next_Level/internal/serverapi/config/config.go:16.19,18.10 2 0
2019_2_Next_Level/internal/serverapi/config/config.go:22.3,23.10 2 0
2019_2_Next_Level/internal/serverapi/config/config.go:27.3,27.24 1 0
2019_2_Next_Level/internal/serverapi/config/config.go:18.10,21.4 2 0
2019_2_Next_Level/internal/serverapi/config/config.go:23.10,26.4 2 0
2019_2_Next_Level/internal/serverapi/config/config.go:28.8,31.3 2 0
2019_2_Next_Level/internal/serverapi/config/config.go:43.44,46.2 2 0
2019_2_Next_Level/internal/serverapi/server/Auth/repository/repository.go:19.48,21.17 2 0
2019_2_Next_Level/internal/serverapi/server/Auth/repository/repository.go:27.2,27.15 1 0
2019_2_Next_Level/internal/serverapi/server/Auth/repository/repository.go:21.17,23.17 2 0
2019_2_Next_Level/internal/serverapi/server/Auth/repository/repository.go:23.17,25.4 1 0
2019_2_Next_Level/internal/serverapi/server/Auth/repository/repository.go:30.43,42.16 11 0
2019_2_Next_Level/internal/serverapi/server/Auth/repository/repository.go:48.2,49.16 2 0
2019_2_Next_Level/internal/serverapi/server/Auth/repository/repository.go:52.2,53.12 2 0
2019_2_Next_Level/internal/serverapi/server/Auth/repository/repository.go:42.16,44.3 1 0
2019_2_Next_Level/internal/serverapi/server/Auth/repository/repository.go:49.16,51.3 1 0
2019_2_Next_Level/internal/serverapi/server/Auth/repository/repository.go:56.70,57.40 1 0
2019_2_Next_Level/internal/serverapi/server/Auth/repository/repository.go:60.2,65.16 5 0
2019_2_Next_Level/internal/serverapi/server/Auth/repository/repository.go:68.2,68.12 1 0
2019_2_Next_Level/internal/serverapi/server/Auth/repository/repository.go:57.40,59.3 1 0
2019_2_Next_Level/internal/serverapi/server/Auth/repository/repository.go:65.16,67.3 1 0
2019_2_Next_Level/internal/serverapi/server/Auth/repository/repository.go:71.61,74.16 3 0
2019_2_Next_Level/internal/serverapi/server/Auth/repository/repository.go:77.2,77.12 1 0
2019_2_Next_Level/internal/serverapi/server/Auth/repository/repository.go:74.16,76.3 1 0
2019_2_Next_Level/internal/serverapi/server/Auth/repository/repository.go:80.77,83.16 3 0
2019_2_Next_Level/internal/serverapi/server/Auth/repository/repository.go:86.2,88.16 3 0
2019_2_Next_Level/internal/serverapi/server/Auth/repository/repository.go:91.2,91.19 1 0
2019_2_Next_Level/internal/serverapi/server/Auth/repository/repository.go:83.16,85.3 1 0
2019_2_Next_Level/internal/serverapi/server/Auth/repository/repository.go:88.16,90.3 1 0
2019_2_Next_Level/internal/serverapi/server/Auth/repository/repository.go:94.65,99.17 3 0
2019_2_Next_Level/internal/serverapi/server/Auth/repository/repository.go:102.2,104.16 3 0
2019_2_Next_Level/internal/serverapi/server/Auth/repository/repository.go:107.2,107.12 1 0
2019_2_Next_Level/internal/serverapi/server/Auth/repository/repository.go:99.17,101.3 1 0
2019_2_Next_Level/internal/serverapi/server/Auth/repository/repository.go:104.16,106.3 1 0
2019_2_Next_Level/internal/serverapi/server/Auth/repository/repository.go:110.81,116.16 5 0
2019_2_Next_Level/internal/serverapi/server/Auth/repository/repository.go:119.2,119.35 1 0
2019_2_Next_Level/internal/serverapi/server/Auth/repository/repository.go:116.16,118.3 1 0
2019_2_Next_Level/internal/serverapi/server/Auth/repository/repository.go:122.64,126.16 4 0
2019_2_Next_Level/internal/serverapi/server/Auth/repository/repository.go:129.2,129.16 1 0
2019_2_Next_Level/internal/serverapi/server/Auth/repository/repository.go:126.16,128.3 1 0
2019_2_Next_Level/internal/model/grpcEmailConverter.go:11.60,13.2 1 0
2019_2_Next_Level/internal/model/grpcEmailConverter.go:15.62,22.2 1 0
2019_2_Next_Level/internal/post/MailSender/daemon.go:17.76,23.2 4 0
2019_2_Next_Level/internal/post/MailSender/daemon.go:26.52,30.2 2 0
2019_2_Next_Level/internal/post/MailSender/daemon.go:33.37,35.36 2 0
2019_2_Next_Level/internal/post/MailSender/daemon.go:35.36,39.3 3 0
2019_2_Next_Level/internal/serverapi/server/User/repository/repository.go:20.48,22.17 2 0
2019_2_Next_Level/internal/serverapi/server/User/repository/repository.go:28.2,28.15 1 0
2019_2_Next_Level/internal/serverapi/server/User/repository/repository.go:22.17,24.17 2 0
2019_2_Next_Level/internal/serverapi/server/User/repository/repository.go:24.17,26.4 1 0
2019_2_Next_Level/internal/serverapi/server/User/repository/repository.go:31.43,43.16 11 0
2019_2_Next_Level/internal/serverapi/server/User/repository/repository.go:49.2,50.16 2 0
2019_2_Next_Level/internal/serverapi/server/User/repository/repository.go:53.2,54.12 2 0
2019_2_Next_Level/internal/serverapi/server/User/repository/repository.go:43.16,45.3 1 0
2019_2_Next_Level/internal/serverapi/server/User/repository/repository.go:50.16,52.3 1 0
2019_2_Next_Level/internal/serverapi/server/User/repository/repository.go:57.72,61.16 4 0
2019_2_Next_Level/internal/serverapi/server/User/repository/repository.go:64.2,66.16 3 0
2019_2_Next_Level/internal/serverapi/server/User/repository/repository.go:69.2,70.18 2 0
2019_2_Next_Level/internal/serverapi/server/User/repository/repository.go:61.16,63.3 1 0
2019_2_Next_Level/internal/serverapi/server/User/repository/repository.go:66.16,68.3 1 0
2019_2_Next_Level/internal/serverapi/server/User/repository/repository.go:73.69,76.17 3 0
2019_2_Next_Level/internal/serverapi/server/User/repository/repository.go:79.2,80.16 2 0
2019_2_Next_Level/internal/serverapi/server/User/repository/repository.go:83.2,83.12 1 0
2019_2_Next_Level/internal/serverapi/server/User/repository/repository.go:76.17,78.3 1 0
2019_2_Next_Level/internal/serverapi/server/User/repository/repository.go:80.16,82.3 1 0
2019_2_Next_Level/internal/serverapi/server/User/repository/repository.go:86.103,90.2 3 0
2019_2_Next_Level/internal/serverapi/server/User/repository/repository.go:92.87,98.16 5 0
2019_2_Next_Level/internal/serverapi/server/User/repository/repository.go:101.2,101.25 1 0
2019_2_Next_Level/internal/serverapi/server/User/repository/repository.go:98.16,100.3 1 0
2019_2_Next_Level/internal/serverapi/server/User/usecase/usecase.go:10.82,14.2 3 0
2019_2_Next_Level/internal/serverapi/server/User/usecase/usecase.go:20.65,22.16 2 0
2019_2_Next_Level/internal/serverapi/server/User/usecase/usecase.go:31.2,35.18 4 0
2019_2_Next_Level/internal/serverapi/server/User/usecase/usecase.go:22.16,23.21 1 0
2019_2_Next_Level/internal/serverapi/server/User/usecase/usecase.go:29.3,29.49 1 0
2019_2_Next_Level/internal/serverapi/server/User/usecase/usecase.go:24.16,25.20 1 0
2019_2_Next_Level/internal/serverapi/server/User/usecase/usecase.go:26.11,27.9 1 0
2019_2_Next_Level/internal/serverapi/server/User/usecase/usecase.go:37.56,40.16 3 0
2019_2_Next_Level/internal/serverapi/server/User/usecase/usecase.go:50.2,50.12 1 0
2019_2_Next_Level/internal/serverapi/server/User/usecase/usecase.go:40.16,41.21 1 0
2019_2_Next_Level/internal/serverapi/server/User/usecase/usecase.go:47.3,47.44 1 0
2019_2_Next_Level/internal/serverapi/server/User/usecase/usecase.go:42.16,43.14 1 0
2019_2_Next_Level/internal/serverapi/server/User/usecase/usecase.go:44.11,45.9 1 0
2019_2_Next_Level/internal/serverapi/server/User/usecase/usecase.go:52.88,54.2 1 0
2019_2_Next_Level/internal/post/config.go:15.56,17.2 0 0
2019_2_Next_Level/internal/post/smtpd/worker/worker.go:22.102,28.2 2 0
2019_2_Next_Level/internal/post/smtpd/worker/worker.go:31.84,34.2 2 0
2019_2_Next_Level/internal/post/smtpd/worker/worker.go:37.46,39.2 1 0
2019_2_Next_Level/internal/serverapi/log/log.go:7.36,9.2 1 1
2019_2_Next_Level/internal/serverapi/log/log.go:11.24,12.16 1 1
2019_2_Next_Level/internal/serverapi/log/log.go:15.2,15.12 1 1
2019_2_Next_Level/internal/serverapi/log/log.go:12.16,14.3 1 0
2019_2_Next_Level/internal/serverapi/server/MailBox/repository/postgres.go:20.48,22.17 2 0
2019_2_Next_Level/internal/serverapi/server/MailBox/repository/postgres.go:28.2,28.15 1 0
2019_2_Next_Level/internal/serverapi/server/MailBox/repository/postgres.go:22.17,24.17 2 0
2019_2_Next_Level/internal/serverapi/server/MailBox/repository/postgres.go:24.17,26.4 1 0
2019_2_Next_Level/internal/serverapi/server/MailBox/repository/postgres.go:31.43,43.16 11 0
2019_2_Next_Level/internal/serverapi/server/MailBox/repository/postgres.go:49.2,50.16 2 0
2019_2_Next_Level/internal/serverapi/server/MailBox/repository/postgres.go:53.2,53.12 1 0
2019_2_Next_Level/internal/serverapi/server/MailBox/repository/postgres.go:43.16,45.3 1 0
2019_2_Next_Level/internal/serverapi/server/MailBox/repository/postgres.go:50.16,52.3 1 0
2019_2_Next_Level/internal/serverapi/server/MailBox/repository/postgres.go:56.98,63.16 6 0
2019_2_Next_Level/internal/serverapi/server/MailBox/repository/postgres.go:66.2,67.18 2 0
2019_2_Next_Level/internal/serverapi/server/MailBox/repository/postgres.go:63.16,65.3 1 0
2019_2_Next_Level/internal/serverapi/server/MailBox/repository/postgres.go:70.141,74.40 3 0
2019_2_Next_Level/internal/serverapi/server/MailBox/repository/postgres.go:79.2,83.16 4 0
2019_2_Next_Level/internal/serverapi/server/MailBox/repository/postgres.go:87.2,87.17 1 0
2019_2_Next_Level/internal/serverapi/server/MailBox/repository/postgres.go:98.2,98.18 1 0
2019_2_Next_Level/internal/serverapi/server/MailBox/repository/postgres.go:74.40,76.3 1 0
2019_2_Next_Level/internal/serverapi/server/MailBox/repository/postgres.go:76.7,78.3 1 0
2019_2_Next_Level/internal/serverapi/server/MailBox/repository/postgres.go:83.16,85.3 1 0
2019_2_Next_Level/internal/serverapi/server/MailBox/repository/postgres.go:87.17,91.99 3 0
2019_2_Next_Level/internal/serverapi/server/MailBox/repository/postgres.go:95.3,96.28 2 0
2019_2_Next_Level/internal/serverapi/server/MailBox/repository/postgres.go:91.99,93.4 1 0
2019_2_Next_Level/internal/serverapi/server/MailBox/repository/postgres.go:101.107,106.2 4 0
2019_2_Next_Level/internal/serverapi/server/MailBox/repository/postgres.go:108.109,111.20 3 0
2019_2_Next_Level/internal/serverapi/server/MailBox/repository/postgres.go:121.2,123.32 2 0
2019_2_Next_Level/internal/serverapi/server/MailBox/repository/postgres.go:129.2,129.12 1 0
2019_2_Next_Level/internal/serverapi/server/MailBox/repository/postgres.go:112.30,113.30 1 0
2019_2_Next_Level/internal/serverapi/server/MailBox/repository/postgres.go:114.32,115.31 1 0
2019_2_Next_Level/internal/serverapi/server/MailBox/repository/postgres.go:116.33,117.33 1 0
2019_2_Next_Level/internal/serverapi/server/MailBox/repository/postgres.go:118.10,119.36 1 0
2019_2_Next_Level/internal/serverapi/server/MailBox/repository/postgres.go:123.32,125.17 2 0
2019_2_Next_Level/internal/serverapi/server/MailBox/repository/postgres.go:125.17,127.4 1 0
2019_2_Next_Level/internal/serverapi/server/MailBox/repository/postgres.go:132.70,133.23 1 0
2019_2_Next_Level/internal/serverapi/server/MailBox/repository/postgres.go:160.2,160.45 1 0
2019_2_Next_Level/internal/serverapi/server/MailBox/repository/postgres.go:133.23,135.17 2 0
2019_2_Next_Level/internal/serverapi/server/MailBox/repository/postgres.go:139.3,142.17 4 0
2019_2_Next_Level/internal/serverapi/server/MailBox/repository/postgres.go:146.3,148.17 3 0
2019_2_Next_Level/internal/serverapi/server/MailBox/repository/postgres.go:152.3,153.40 2 0
2019_2_Next_Level/internal/serverapi/server/MailBox/repository/postgres.go:156.3,157.13 2 0
2019_2_Next_Level/internal/serverapi/server/MailBox/repository/postgres.go:135.17,137.4 1 0
2019_2_Next_Level/internal/serverapi/server/MailBox/repository/postgres.go:142.17,144.4 1 0
2019_2_Next_Level/internal/serverapi/server/MailBox/repository/postgres.go:148.17,150.4 1 0
2019_2_Next_Level/internal/serverapi/server/MailBox/repository/postgres.go:153.40,155.4 1 0
