mode: set
2019_2_Next_Level/internal/Auth/crypto.go:10.64,12.2 1 1
2019_2_Next_Level/internal/Auth/crypto.go:14.36,16.2 1 1
2019_2_Next_Level/internal/Auth/crypto.go:18.68,21.2 2 1
2019_2_Next_Level/internal/Auth/usecase.go:14.49,16.2 1 1
2019_2_Next_Level/internal/Auth/usecase.go:18.109,20.16 2 1
2019_2_Next_Level/internal/Auth/usecase.go:23.2,23.55 1 1
2019_2_Next_Level/internal/Auth/usecase.go:20.16,22.3 1 1
2019_2_Next_Level/internal/Auth/usecase.go:26.100,30.16 3 1
2019_2_Next_Level/internal/Auth/usecase.go:34.2,34.64 1 1
2019_2_Next_Level/internal/Auth/usecase.go:30.16,32.3 1 1
2019_2_Next_Level/internal/Auth/usecase.go:37.109,39.16 2 1
2019_2_Next_Level/internal/Auth/usecase.go:42.2,42.49 1 1
2019_2_Next_Level/internal/Auth/usecase.go:39.16,41.3 1 1
2019_2_Next_Level/internal/Auth/usecase.go:45.107,47.16 2 1
2019_2_Next_Level/internal/Auth/usecase.go:50.2,50.42 1 1
2019_2_Next_Level/internal/Auth/usecase.go:47.16,49.3 1 1
2019_2_Next_Level/internal/Auth/usecase.go:53.116,55.16 2 1
2019_2_Next_Level/internal/Auth/usecase.go:59.2,63.41 4 1
2019_2_Next_Level/internal/Auth/usecase.go:55.16,57.3 1 1
2019_2_Next_Level/internal/Auth/usecase.go:66.115,68.16 2 0
2019_2_Next_Level/internal/Auth/usecase.go:71.2,71.42 1 0
2019_2_Next_Level/internal/Auth/usecase.go:68.16,70.3 1 0
2019_2_Next_Level/internal/Auth/usecase.go:74.73,76.16 2 1
2019_2_Next_Level/internal/Auth/usecase.go:79.2,79.71 1 1
2019_2_Next_Level/internal/Auth/usecase.go:82.2,82.12 1 1
2019_2_Next_Level/internal/Auth/usecase.go:76.16,78.3 1 1
2019_2_Next_Level/internal/Auth/usecase.go:79.71,81.3 1 1
2019_2_Next_Level/internal/Auth/usecase.go:85.52,87.2 1 1
